Preparing directory CIFAR10_VGG16BN_20E
Using model VGG16BN
Loading dataset: CIFAR10
Files already downloaded and verified
Files already downloaded and verified
Preparing model
SWA and ASWA training
----  -------  ---------  -------------  --------------
  ep     time    Val-acc    SWA-val-acc    ASWA-val-acc
----  -------  ---------  -------------  --------------
   1  12.2840    10.0867        11.8667         12.1867
   2  10.2967    10.4133        13.5000         13.1200
   3  10.0144     9.7733        15.1800         15.1733
   4  9.9633     9.7733        15.6600         15.8267
   5  9.7176     9.7733        16.8267         16.8933
   6  10.3090    10.5733        17.3200         17.6667
   7  9.7400     9.5133        18.5733         18.6133
   8  10.2031     9.5000        18.9467         18.9267
   9  9.9774     9.4867        18.3933         19.0667
  10  10.1344     9.4867        19.1933         18.8333
  11  10.2432     9.4867        19.2800         19.2867
  12  9.7378     9.4867        19.3333         19.5467
  13  10.0164     9.4867        19.5267         19.8867
  14  10.0442     9.4867        19.8867         19.6733
  15  10.4623     9.5267        20.2133         20.0133
  16  9.8305     9.7133        20.3267         20.7600
  17  10.5397    10.0867        20.2267         20.6200
  18  10.3326    10.7867        20.8800         20.9667
  19  9.8188    11.5067        21.0600         21.5600
  20  10.3725    12.1467        21.2733         21.6533
Running model Train:  {'loss': 2.0602678309304374, 'accuracy': 23.757142857142856}
Runing model Val: {'loss': 2.060802301534017, 'accuracy': 23.5}
Running model Test: {'loss': 2.0573164726257325, 'accuracy': 24.01}
SWA Train:  {'loss': 2.1960646852765766, 'accuracy': 21.845714285714283}
SWA Val: {'loss': 2.196701642227173, 'accuracy': 21.12}
SWA Test: {'loss': 2.1956684986114503, 'accuracy': 21.66}
ASWA Train:  {'loss': 2.184838252857753, 'accuracy': 22.16857142857143}
ASWA Val: {'loss': 2.186519958368937, 'accuracy': 21.313333333333333}
ASWA Test: {'loss': 2.1841208778381347, 'accuracy': 22.2}
