Preparing directory CIFAR10_VGG16BN_50E
Using model VGG16BN
Loading dataset: CIFAR10
Files already downloaded and verified
Files already downloaded and verified
Preparing model
SWA and ASWA training
----  -------  ---------  -------------  --------------
  ep     time    Val-acc    SWA-val-acc    ASWA-val-acc
----  -------  ---------  -------------  --------------
   1  15.5566    10.0867        11.8200         12.1800
   2  13.9819    10.3733        13.6600         13.2000
   3  13.7337     9.7733        15.1667         15.0400
   4  13.4887     9.7733        15.6200         15.6933
   5  12.9966     9.7733        16.9133         16.9467
   6  13.1829    10.5067        17.5867         17.7733
   7  13.1397     9.4600        18.5400         18.6600
   8  13.3037     9.4867        19.0400         19.1733
   9  13.2520     9.4867        18.7533         19.3867
  10  13.3237     9.4867        19.1333         18.9067
  11  13.3596     9.4867        19.7067         19.3600
  12  13.4821     9.4867        19.3667         19.5333
  13  13.9359     9.4867        19.5400         19.8400
  14  13.6285     9.4867        19.8200         19.6133
  15  13.1155     9.5267        20.3600         20.2000
  16  14.0163     9.7200        20.5267         20.5000
  17  13.7330    10.1533        20.1133         20.5067
  18  13.6143    10.8000        20.9000         20.9667
  19  13.2269    11.6067        21.1333         21.7867
  20  13.3868    12.3467        21.1533         21.2733
  21  13.7759    13.1800        21.6867         21.8933
  22  13.3328    13.7333        21.9467         21.9133
  23  13.8952    14.1467        22.4867         22.1600
  24  14.0072    14.3400        22.7267         22.6467
  25  14.7689    14.6600        22.7800         22.4800
  26  13.7277    14.8533        22.9200         23.3067
  27  13.2205    15.4733        23.4533         23.7733
  28  13.2686    16.2867        23.7067         23.7733
  29  13.5333    17.6133        23.4933         23.9800
  30  13.7377    18.8533        24.1467         24.3667
  31  13.3207    19.8600        24.3867         24.2533
  32  14.7434    20.3067        24.6000         24.7133
  33  13.7943    20.9667        24.7467         25.1467
  34  13.7546    21.7533        25.1200         25.2867
  35  13.5892    21.8267        25.0000         25.6600
  36  13.7402    21.8333        25.6400         25.9000
  37  12.9068    22.1000        25.9933         26.1000
  38  12.7045    23.2067        25.8600         26.3600
  39  12.4522    24.5467        26.2400         26.3067
  40  12.6864    25.4267        26.3133         26.8267
----  -------  ---------  -------------  --------------
  ep     time    Val-acc    SWA-val-acc    ASWA-val-acc
----  -------  ---------  -------------  --------------
  41  12.8753    26.3133        26.8200         26.6867
  42  12.8859    26.0733        26.7267         27.1800
  43  12.7072    25.8200        27.1933         27.4000
  44  12.6705    24.1067        27.5067         27.8800
  45  13.1192    23.8467        27.4067         28.3267
  46  13.4495    25.0133        27.8667         28.3000
  47  13.3216    27.6133        28.4400         28.6067
  48  13.0677    30.3733        28.4400         28.8000
  49  13.7987    32.6933        28.7333         29.2600
  50  13.8962    33.6867        29.0533         29.6933
Running model Train:  {'loss': 1.6556458887645176, 'accuracy': 37.30285714285714}
Runing model Val: {'loss': 1.6638254579544067, 'accuracy': 36.31333333333333}
Running model Test: {'loss': 1.653364320373535, 'accuracy': 36.82}
SWA Train:  {'loss': 1.9136391621180944, 'accuracy': 29.742857142857144}
SWA Val: {'loss': 1.9155461497624715, 'accuracy': 28.9}
SWA Test: {'loss': 1.9083935089111328, 'accuracy': 30.55}
ASWA Train:  {'loss': 1.8904349678039551, 'accuracy': 30.177142857142858}
ASWA Val: {'loss': 1.8892023445129396, 'accuracy': 29.586666666666666}
ASWA Test: {'loss': 1.884680233001709, 'accuracy': 30.65}
