Preparing directory CIFAR10_VGG19_20E
Using model VGG19
Loading dataset: CIFAR10
Files already downloaded and verified
Files already downloaded and verified
Preparing model
SWA and ASWA training
----  ------  ---------  -------------  --------------
  ep    time    Val-acc    SWA-val-acc    ASWA-val-acc
----  ------  ---------  -------------  --------------
   1  7.5065    14.2267        13.9267         13.7800
   2  5.0136    14.4133        14.9400         14.7467
   3  5.1052    11.2667        10.0800         10.0867
   4  5.9376    10.5000         9.7867          9.6733
   5  4.9179    10.1933        10.0000         10.9267
   6  5.0772    10.1400        10.8667         10.5800
   7  5.2101     9.8800        10.7200         10.4667
   8  5.1910     8.3867        10.4533         10.2533
   9  4.9549     7.6333        10.1333          9.7733
  10  4.9780     9.4800         9.5533          8.4400
  11  5.1957     9.4200         8.8933          9.1800
  12  5.2518     9.9867         8.4600          9.2667
  13  5.2243     9.9867         9.0800          9.4400
  14  4.7934     9.9867         9.7533          9.8133
  15  4.9000     9.9867         9.7800          9.9800
  16  5.1031     9.9867         9.9333          9.9867
  17  5.2499    11.9467         9.9800          9.9867
  18  4.5689    15.6000         9.9867          9.9867
  19  5.1262    15.8600         9.9867          9.9867
  20  4.8191    15.9667         9.9867          9.9933
Running model Train:  {'loss': 2.18700849369594, 'accuracy': 16.425714285714285}
Runing model Val: {'loss': 2.1890386563618978, 'accuracy': 15.939999999999998}
Running model Test: {'loss': 2.1869649509429934, 'accuracy': 16.689999999999998}
SWA Train:  {'loss': 2.2551337006705148, 'accuracy': 10.005714285714285}
SWA Val: {'loss': 2.256002665456136, 'accuracy': 9.986666666666668}
SWA Test: {'loss': 2.2542571250915526, 'accuracy': 10.0}
ASWA Train:  {'loss': 2.214488025556292, 'accuracy': 10.008571428571429}
ASWA Val: {'loss': 2.216418339538574, 'accuracy': 9.993333333333334}
ASWA Test: {'loss': 2.213051853942871, 'accuracy': 10.03}
