Preparing directory CIFAR10_VGG16_20E
Using model VGG16
Loading dataset: CIFAR10
Files already downloaded and verified
Files already downloaded and verified
Preparing model
SWA and ASWA training
----  ------  ---------  -------------  --------------
  ep    time    Val-acc    SWA-val-acc    ASWA-val-acc
----  ------  ---------  -------------  --------------
   1  7.6127    10.0867        10.0867         10.0867
   2  4.7165    10.5800        10.1333         10.4867
   3  5.0658    10.2400        10.2600         10.4133
   4  5.6262    10.5267        10.5267         10.5533
   5  4.7554    12.1400        10.6533         11.1267
   6  5.2343    13.5467        11.1267         12.0467
   7  5.2280    13.3333        11.9933         12.7933
   8  5.3633    11.4933        13.1333         13.7467
   9  4.9229    11.6467        13.4000         13.7733
  10  4.8082    11.2800        13.7333         13.2867
  11  5.3176    10.7800        13.3867         12.6333
  12  5.1881    10.6467        12.6733         11.8200
  13  4.9545     9.7733        12.4467         11.7533
  14  5.2185     9.8733        12.3133         11.7600
  15  5.0205    10.7867        12.1000         11.5267
  16  5.2526    15.6667        11.9733         11.7800
  17  4.9540    16.9933        12.1333         12.0467
  18  4.9142    16.8067        12.0067         12.2933
  19  4.9114    15.1467        11.8733         11.9867
  20  5.2497    15.1067        11.9933         12.1067
Running model Train:  {'loss': 2.197756354522705, 'accuracy': 15.262857142857142}
Runing model Val: {'loss': 2.199967192586263, 'accuracy': 15.253333333333332}
Running model Test: {'loss': 2.1959066944122316, 'accuracy': 15.379999999999999}
SWA Train:  {'loss': 2.2561191753387453, 'accuracy': 11.88}
SWA Val: {'loss': 2.257696858851115, 'accuracy': 11.84}
SWA Test: {'loss': 2.254765907287598, 'accuracy': 12.120000000000001}
ASWA Train:  {'loss': 2.2238003138405937, 'accuracy': 12.037142857142857}
ASWA Val: {'loss': 2.226025239690145, 'accuracy': 12.206666666666667}
ASWA Test: {'loss': 2.22181116065979, 'accuracy': 12.23}
