Preparing directory CIFAR10_VGG16_50E
Using model VGG16
Loading dataset: CIFAR10
Files already downloaded and verified
Files already downloaded and verified
Preparing model
SWA and ASWA training
----  ------  ---------  -------------  --------------
  ep    time    Val-acc    SWA-val-acc    ASWA-val-acc
----  ------  ---------  -------------  --------------
   1  7.0815    10.0867        10.0867         10.0867
   2  4.7160    10.3800        10.0867         10.2867
   3  5.0016    10.1000        10.1400         10.2133
   4  5.6017    10.1333        10.2600         10.2067
   5  5.1089    10.6533        10.3067         10.6000
   6  5.1530    12.8000        10.7933         11.0933
   7  4.9953    13.7533        11.4667         12.0200
   8  5.1810    12.2800        12.4933         13.3733
   9  4.8284    12.3800        13.1333         13.8067
  10  4.5943    11.7467        13.7400         13.5933
  11  5.0050    11.5000        13.6600         13.1200
  12  4.9895    10.6933        12.9667         12.2467
  13  4.8765     9.7733        12.6600         12.0067
  14  5.2438     9.9533        12.3600         12.0733
  15  4.7955    12.5600        12.2200         11.8667
  16  4.8592    18.8333        11.9867         11.9867
  17  4.8101    16.9733        12.2467         12.1600
  18  4.9740    17.1667        12.0667         12.1533
  19  4.9477    15.3667        11.9267         12.0200
  20  4.9171    15.6200        11.9800         12.8200
  21  4.9927    18.0133        11.9933         14.9733
  22  4.8655    18.6600        12.1067         15.8800
  23  4.5322    17.7667        12.3733         16.6867
  24  5.0991    16.5867        12.4467         17.1667
  25  5.2934    15.9333        13.2467         17.6867
  26  5.1053    15.1867        14.6533         17.8933
  27  4.8523    15.3933        15.0867         18.0733
  28  5.0423    17.8667        15.5533         17.9267
  29  5.2515    18.7333        16.1467         18.2733
  30  5.2572    19.2400        16.3267         18.4000
  31  5.2284    19.2267        16.7533         18.5400
  32  5.0078    19.5867        17.0067         18.2867
  33  4.8189    19.4800        16.8600         18.0533
  34  5.2002    19.4000        17.1333         18.1600
  35  4.9033    19.3133        17.3600         18.1400
  36  5.0860    20.8333        17.6200         18.5000
  37  4.8720    19.6933        17.7333         18.4067
  38  5.0356    19.4600        17.9667         18.7733
  39  4.9772    20.1667        18.0533         18.7733
  40  5.0008    19.3533        18.3933         19.1200
----  ------  ---------  -------------  --------------
  ep    time    Val-acc    SWA-val-acc    ASWA-val-acc
----  ------  ---------  -------------  --------------
  41  5.0242    20.4733        18.4800         19.0533
  42  4.9085    20.2333        18.5267         19.3533
  43  5.1562    23.9867        18.7133         19.2267
  44  4.9590    23.1200        18.8067         19.5133
  45  4.9043    22.7533        18.8533         19.7533
  46  5.2303    22.5733        19.1667         19.3733
  47  5.3106    23.3333        18.8867         20.0333
  48  5.2104    22.9667        19.2400         20.0800
  49  4.8782    24.0267        19.3400         20.5800
  50  5.3381    22.9733        19.3000         22.1400
Running model Train:  {'loss': 2.024689299283709, 'accuracy': 24.054285714285715}
Runing model Val: {'loss': 2.034941621271769, 'accuracy': 23.226666666666667}
Running model Test: {'loss': 2.0231171365737914, 'accuracy': 24.18}
SWA Train:  {'loss': 2.1782523411342076, 'accuracy': 19.488571428571426}
SWA Val: {'loss': 2.1797994998931887, 'accuracy': 19.686666666666667}
SWA Test: {'loss': 2.1749507190704347, 'accuracy': 19.98}
ASWA Train:  {'loss': 2.142773017120361, 'accuracy': 22.142857142857142}
ASWA Val: {'loss': 2.145402464167277, 'accuracy': 21.96666666666667}
ASWA Test: {'loss': 2.14008578414917, 'accuracy': 23.31}
