Preparing directory CIFAR10-VGG19BN_10
Using model VGG19BN
Loading dataset: CIFAR10
Files already downloaded and verified
Files already downloaded and verified
Preparing model
SWA and ASWA training
----  -------  ---------  -------------  --------------
  ep     time    Val-acc    SWA-val-acc    ASWA-val-acc
----  -------  ---------  -------------  --------------
   1  15.7237    11.5067        12.6733         12.3467
   2  13.6367     9.9867        13.6000         13.6067
   3  12.5840     9.9867        14.6000         14.3200
   4  12.7842     9.9867        15.2800         15.2133
   5  13.1269     9.9867        15.0933         14.9933
   6  12.9030    10.3000        15.3000         15.4000
   7  13.0215     9.4867        15.3400         15.1800
   8  12.8585     9.4867        15.5667         15.3067
   9  12.9172     9.4867        15.9000         16.2667
  10  12.9896     9.4867        16.0067         16.3533
Running model Train:  {'loss': 2.2084870391300746, 'accuracy': 18.777142857142856}
Runing model Val: {'loss': 2.2097151743570964, 'accuracy': 18.66}
Running model Test: {'loss': 2.207603444671631, 'accuracy': 18.63}
SWA Train:  {'loss': 2.2434899045671735, 'accuracy': 16.55428571428571}
SWA Val: {'loss': 2.2455217323303223, 'accuracy': 15.766666666666667}
SWA Test: {'loss': 2.2426533401489257, 'accuracy': 16.2}
ASWA Train:  {'loss': 2.2396046403067453, 'accuracy': 16.614285714285714}
ASWA Val: {'loss': 2.2416341718037924, 'accuracy': 16.493333333333332}
ASWA Test: {'loss': 2.238529220199585, 'accuracy': 16.79}
