Preparing directory CIFAR10_VGG19_200E
Using model VGG19
Loading dataset: CIFAR10
Files already downloaded and verified
Files already downloaded and verified
Preparing model
SWA and ASWA training
----  ------  ---------  -------------  --------------
  ep    time    Val-acc    SWA-val-acc    ASWA-val-acc
----  ------  ---------  -------------  --------------
   1  7.2909    14.5467        14.3600         14.1400
   2  5.1267    13.7400        15.3133         15.3333
   3  5.3025    10.7267        10.0400         10.0867
   4  5.8512    10.7000         9.9200          9.7867
   5  4.9698    10.2467         9.6467         10.2733
   6  5.2622    10.1533        10.5467         10.7733
   7  5.3464     9.5733        10.4400         10.4800
   8  5.3058     8.1533        10.1800         10.1800
   9  4.9130     7.6533         9.6667          9.5733
  10  5.0700     9.2467         8.9933          8.3933
  11  5.1882     9.8200         8.4267          8.3133
  12  5.1618     9.9867         8.4867          9.8067
  13  5.1403     9.9867         9.5867          9.9533
  14  5.1602     9.9867         9.9800          9.9800
  15  5.0479     9.9867         9.9867          9.9867
  16  5.2399     9.9867         9.9867          9.9867
  17  4.9487    11.2133         9.9867          9.9867
  18  5.0140    15.2733         9.9867          9.9867
  19  5.5650    15.8400         9.9867          9.9867
  20  5.0583    15.9667         9.9867         10.0533
  21  5.6182    15.9933         9.9867         12.1267
  22  5.0924    15.9533         9.9933         14.1600
  23  5.3339    15.8400        10.0200         14.7800
  24  5.8095    15.6533        10.4800         15.0933
  25  7.3506    16.0467        11.5400         15.3467
  26  6.4567    16.0267        12.6800         15.4667
  27  6.1771    15.9067        13.2333         15.5800
  28  6.2708    15.7400        13.7267         15.6267
  29  6.0487    16.0867        14.2267         15.7067
  30  5.9118    16.0467        14.4067         15.7333
  31  4.9911    16.1200        14.5867         15.8133
  32  5.3300    15.9600        14.7600         15.8733
  33  5.0068    16.0533        14.9067         15.8600
  34  5.0970    16.0133        15.0533         15.9000
  35  5.0187    15.9933        15.0667         15.8600
  36  4.8646    16.1400        15.1733         15.8867
  37  5.0245    15.8467        15.3333         15.9400
  38  5.5091    15.8667        15.2800         15.9600
  39  4.8632    16.1267        15.3800         15.8667
  40  5.3146    16.2133        15.4133         15.9200
----  ------  ---------  -------------  --------------
  ep    time    Val-acc    SWA-val-acc    ASWA-val-acc
----  ------  ---------  -------------  --------------
  41  5.0173    16.9667        15.4667         16.0600
  42  5.0155    16.6267        15.5267         15.9800
  43  5.0351    16.9067        15.5800         16.0467
  44  5.1160    17.3133        15.5800         16.0400
  45  5.2673    18.2533        15.6267         16.1400
  46  5.1548    19.6400        15.7400         16.0533
  47  4.8944    17.7000        15.6867         16.0933
  48  5.0543    17.6600        15.6800         16.2667
  49  5.2780    17.8733        15.8667         16.1933
  50  5.7765    18.4333        15.8200         16.2000
  51  5.0167    19.1733        15.7667         16.2267
  52  5.0739    19.0933        15.8200         16.3800
  53  5.2697    18.8933        15.8800         16.3867
  54  5.0333    19.8800        15.8733         16.3600
  55  5.2215    20.0067        15.9467         16.5067
  56  5.0739    21.3867        15.9867         16.4400
  57  5.3051    21.3533        15.9667         16.5933
  58  4.8768    21.6600        16.0600         16.7600
  59  6.0163    22.0000        16.1400         16.9000
  60  6.2308    21.7600        16.2000         17.1067
  61  5.7921    20.9867        16.1667         17.0733
  62  6.2073    18.8267        16.3000         17.6067
  63  5.8308    22.4533        16.4467         17.9733
  64  6.0788    20.0333        16.4200         18.3800
  65  6.2138    20.1467        16.4533         18.0933
  66  6.2885    20.7733        16.4600         18.3133
  67  5.5023    19.8667        16.5467         17.8533
  68  5.8764    20.8467        16.4667         18.0267
  69  5.5452    20.8333        16.6467         17.8333
  70  6.1040    21.2800        16.7933         17.8800
  71  6.1868    20.6733        16.8867         17.9733
  72  6.4181    22.2600        16.9267         17.8933
  73  5.5815    21.7800        16.8667         18.0733
  74  6.1377    22.1067        16.9600         18.3067
  75  6.1295    21.5933        17.0067         18.3067
  76  5.8993    21.3200        17.1667         18.6467
  77  5.7572    22.8800        17.3400         18.3267
  78  6.3706    23.0933        17.2800         18.7133
  79  5.5593    23.7333        17.7067         18.9533
  80  5.2019    22.7467        17.7867         19.0000
----  ------  ---------  -------------  --------------
  ep    time    Val-acc    SWA-val-acc    ASWA-val-acc
----  ------  ---------  -------------  --------------
  81  5.3435    24.4133        18.1733         19.0667
  82  5.2790    24.0800        18.2000         19.2067
  83  4.9379    24.5400        17.9267         19.1467
  84  5.1880    23.1467        17.6733         19.4867
  85  5.1723    23.9467        17.9533         19.5333
  86  5.5621    23.5200        17.7933         19.6333
  87  4.9528    24.6600        17.7133         19.7733
  88  5.3617    23.4267        17.4000         20.0333
  89  5.4216    24.0600        17.5667         19.9600
  90  5.2464    23.3800        17.6400         20.2000
  91  5.1030    24.5267        17.4667         20.0400
  92  4.9564    24.0200        17.5333         20.2600
  93  5.0817    25.7933        17.6067         20.7867
  94  4.9619    25.5667        17.4600         20.2667
  95  4.9526    26.1933        17.8067         20.3267
  96  5.1571    25.9667        18.0133         20.5133
  97  5.0181    26.3667        18.1067         20.8200
  98  4.6846    26.6733        18.3200         21.1200
  99  4.9677    26.8200        18.3933         21.0000
 100  5.7479    26.1200        18.7133         21.4133
 101  5.1653    26.7133        18.7867         21.3400
 102  5.1862    26.6933        18.7133         21.5933
 103  4.9848    24.5733        18.6800         21.4333
 104  5.3615    25.5400        19.0600         21.3200
 105  4.9544    26.5733        19.0533         21.7467
 106  5.0087    26.0467        19.3067         21.5800
 107  5.0195    26.8467        19.4067         22.0200
 108  5.3578    26.9867        19.3867         21.8333
 109  5.0500    27.1933        19.5133         22.1467
 110  5.0498    27.5400        19.6333         22.1000
 111  4.9792    27.5467        19.3267         22.2267
 112  5.4129    28.5000        19.6067         22.4200
 113  5.2530    28.5333        19.8267         22.5000
 114  5.0728    28.8067        19.7933         22.8600
 115  4.9835    28.5267        19.9933         22.7600
 116  5.0494    27.8267        20.1067         22.9000
 117  5.0505    29.2400        20.0067         23.0733
 118  4.9738    28.1600        19.9000         23.1067
 119  5.2285    28.5133        20.0867         23.0400
 120  5.3242    27.8733        20.3067         23.0333
----  ------  ---------  -------------  --------------
  ep    time    Val-acc    SWA-val-acc    ASWA-val-acc
----  ------  ---------  -------------  --------------
 121  5.1837    29.4933        20.2533         23.3733
 122  5.3549    26.8800        20.3200         23.4200
 123  5.4685    30.3200        20.1067         23.7067
 124  5.1355    27.3133        20.3533         23.5533
 125  5.3552    30.0067        20.3667         23.8867
 126  5.3747    28.9200        20.2533         23.6400
 127  5.2185    28.5133        20.4133         23.5200
 128  5.2969    28.4200        20.4600         24.0067
 129  5.4226    29.4533        20.7467         23.7933
 130  5.3932    29.2200        20.8333         24.0200
 131  5.1842    31.3400        20.7600         24.1867
 132  4.8697    29.4867        20.5800         23.9067
 133  4.9418    30.4067        20.6867         24.1467
 134  5.1343    30.5533        20.7933         24.4200
 135  4.9775    30.1467        20.7467         24.3000
 136  5.3048    30.7133        20.5533         24.2467
 137  5.1780    30.1867        20.7133         24.2933
 138  5.5190    29.6267        20.7933         24.2333
 139  5.1861    31.0333        20.9267         24.5133
 140  5.4392    31.5600        21.1067         24.6067
 141  5.3720    32.1333        21.0400         24.5000
 142  5.1833    31.4000        21.0267         24.3733
 143  4.8923    31.0000        21.0933         24.7867
 144  4.9813    31.4533        21.3467         24.9667
 145  4.9395    30.6933        21.1733         24.6667
 146  5.2511    32.8533        21.3733         24.9200
 147  5.3535    32.5067        21.1133         25.4800
 148  5.1515    32.7467        21.2133         26.2200
 149  5.0563    32.3867        21.4133         26.5467
 150  5.5251    32.6000        21.5400         27.1800
 151  5.1160    32.4400        21.5733         26.8733
 152  4.9743    31.9867        21.3933         27.2933
 153  5.2116    31.1667        21.6400         27.1933
 154  5.4496    30.9400        21.5400         27.2867
 155  5.1880    31.9800        21.4733         27.5000
 156  5.4731    30.7067        21.6467         27.2933
 157  5.2450    32.9467        21.6267         27.5333
 158  5.2579    31.8333        22.0000         27.1533
 159  4.8526    32.4333        21.5067         27.4467
 160  4.9834    32.1067        21.6533         27.5867
----  ------  ---------  -------------  --------------
  ep    time    Val-acc    SWA-val-acc    ASWA-val-acc
----  ------  ---------  -------------  --------------
 161  5.1935    31.6667        21.6933         27.3600
 162  5.0414    33.4267        22.0800         27.6800
 163  4.9632    31.4800        22.3733         27.6933
 164  5.4117    33.0067        22.5800         27.2333
 165  4.9106    33.3333        23.1533         27.3600
 166  4.8158    32.3867        23.4067         27.8867
 167  5.1989    33.2467        23.3000         27.5133
 168  4.9651    32.9000        23.7600         27.8733
 169  5.1176    33.9333        23.6200         27.8667
 170  4.9865    33.3867        24.1000         27.7000
 171  5.4224    33.8267        24.3667         28.2933
 172  5.1556    33.9067        24.2733         27.7067
 173  6.1802    32.9800        24.8600         28.1133
 174  6.2640    33.4000        25.0333         28.1333
 175  6.8160    34.7067        25.0200         27.9867
 176  6.1910    32.8467        24.8000         28.1067
 177  5.7822    33.2533        25.0533         28.1667
 178  6.7482    34.1133        24.7200         28.1267
 179  5.9046    33.6533        25.0267         28.2067
 180  5.8550    34.4267        25.0667         28.3533
 181  5.9544    34.9600        25.2667         28.2467
 182  5.2123    34.4333        24.9667         28.3267
 183  5.1333    34.6400        24.9933         28.6600
 184  4.9113    34.4333        25.2867         28.7067
 185  5.1451    35.2467        25.1533         28.4667
 186  4.9877    34.3667        24.8600         28.6533
 187  5.2332    35.6000        25.4600         28.6400
 188  5.0295    34.1333        25.2400         28.6600
 189  5.1489    34.3067        25.3067         28.6133
 190  5.1512    34.7533        25.4067         28.8200
 191  4.8352    34.4000        25.3067         28.7733
 192  4.8759    35.1667        25.4000         28.8133
 193  4.9137    35.3000        25.4267         28.8867
 194  4.9298    35.3200        26.0000         29.1467
 195  4.9375    35.0867        25.3867         29.1333
 196  5.1392    36.4200        25.4333         29.0600
 197  4.9836    34.5067        25.5133         29.0733
 198  5.1464    36.0467        25.5200         29.1667
 199  4.8649    35.7467        25.5867         29.2267
 200  5.5218    36.0867        25.6200         29.1667
Running model Train:  {'loss': 1.6321237452915736, 'accuracy': 36.76857142857143}
Runing model Val: {'loss': 1.6353357842127483, 'accuracy': 36.333333333333336}
Running model Test: {'loss': 1.6346860847473144, 'accuracy': 36.720000000000006}
SWA Train:  {'loss': 1.9814739634922574, 'accuracy': 25.825714285714284}
SWA Val: {'loss': 1.9802851505279542, 'accuracy': 25.88666666666667}
SWA Test: {'loss': 1.981617416191101, 'accuracy': 25.5}
ASWA Train:  {'loss': 1.8322076898574828, 'accuracy': 29.32}
ASWA Val: {'loss': 1.8333232834498088, 'accuracy': 29.273333333333333}
ASWA Test: {'loss': 1.8345098363876342, 'accuracy': 29.299999999999997}
