Preparing directory CIFAR10_VGG19BN_400E
Using model VGG19BN
Loading dataset: CIFAR10
Files already downloaded and verified
Files already downloaded and verified
Preparing model
SWA and ASWA training
----  -------  ---------  -------------  --------------
  ep     time    Val-acc    SWA-val-acc    ASWA-val-acc
----  -------  ---------  -------------  --------------
   1  14.8121    11.5467        12.6800         12.3533
   2  12.5600     9.9867        13.6333         13.6133
   3  11.7656     9.9867        14.5133         14.3733
   4  11.3775     9.9867        15.1467         15.3400
   5  11.9736     9.9867        15.1533         15.1133
   6  11.6143    10.5933        15.0800         15.4267
   7  12.0650     9.4867        15.3933         15.2333
   8  11.6834     9.4867        15.7667         15.4067
   9  12.3997     9.4867        15.6333         16.2533
  10  11.6455     9.4867        16.1000         16.3133
  11  11.6550     9.4867        16.6533         16.5067
  12  11.8640     9.4867        16.9200         17.0267
  13  11.7394     9.4867        17.4733         17.4933
  14  12.2518     9.4867        17.6200         17.8400
  15  11.8529     9.4933        18.1533         18.2267
  16  11.9017     9.4933        18.5133         18.5000
  17  11.8474     9.5067        18.9533         19.2200
  18  12.3507     9.5533        19.0800         19.7867
  19  11.6643     9.7533        19.3667         19.9867
  20  11.9788    10.3133        19.9200         20.5800
  21  12.0335    11.1333        20.1733         20.5000
  22  12.1450    12.3667        21.1133         21.1867
  23  11.9424    13.8000        21.1000         21.4667
  24  12.1508    14.6800        21.9733         21.8467
  25  12.4865    16.1400        22.1467         22.3600
  26  12.4344    18.0867        22.4933         22.7067
  27  12.2976    19.8867        23.2067         22.9733
  28  11.8658    21.0867        23.2467         23.5067
  29  12.0885    22.7000        23.8267         23.5200
  30  12.4444    23.9400        23.6133         24.0733
  31  11.8407    25.0067        24.2200         24.1067
  32  11.9002    25.2533        24.3667         24.5600
  33  12.0019    25.7400        24.5867         24.9867
  34  11.8577    26.0733        24.8200         25.2067
  35  11.6537    26.6733        25.0733         25.6133
  36  11.6317    27.0733        25.2867         25.6133
  37  11.8594    27.3200        26.0133         25.9200
  38  11.9837    28.0733        25.9800         26.6533
  39  11.8366    28.5333        27.0067         26.3333
  40  11.9833    28.6067        27.1200         27.1400
----  -------  ---------  -------------  --------------
  ep     time    Val-acc    SWA-val-acc    ASWA-val-acc
----  -------  ---------  -------------  --------------
  41  11.9436    29.2400        27.4133         27.7400
  42  11.8779    28.9867        27.7400         27.7800
  43  12.0592    29.4600        28.0933         28.0333
  44  11.9778    30.7733        28.0067         28.7200
  45  12.1735    31.9533        28.1800         28.9200
  46  11.8203    32.6067        28.3733         29.3133
  47  11.9330    34.6467        29.0467         29.3000
  48  11.7996    34.7467        29.2067         29.5600
  49  11.6190    33.9867        29.3333         30.4000
  50  12.2129    32.5067        29.7467         30.4800
  51  12.3681    32.5133        29.7600         30.7267
  52  11.6474    33.0733        30.4200         30.2800
  53  12.1148    34.0133        30.0733         31.2400
  54  12.2609    33.4067        30.8600         31.7400
  55  12.7929    32.7267        31.0467         31.9267
  56  12.1349    33.1000        31.4667         32.0667
  57  12.0391    34.5333        31.8933         32.2400
  58  11.5081    36.0733        31.6533         32.2867
  59  11.5025    37.1933        32.1200         32.8600
  60  12.0566    36.4000        32.1267         33.1400
  61  11.8724    35.9533        32.7067         33.6333
  62  12.2219    36.6533        33.2333         33.3533
  63  11.8729    37.3933        33.0600         33.7467
  64  12.3855    38.0800        33.2733         33.5800
  65  11.8018    38.3733        33.2267         33.8800
  66  11.7508    38.9467        33.9067         34.4733
  67  11.8149    38.9133        33.8933         35.0267
  68  12.3775    39.4133        33.9467         34.7400
  69  11.8612    40.2933        34.5667         34.9933
  70  11.7550    40.2067        34.6800         34.9800
  71  11.6741    40.2867        34.9733         35.6267
  72  11.7412    40.1933        34.7667         35.8733
  73  11.8542    39.4400        35.4933         35.6733
  74  12.1282    39.5000        35.4000         35.6733
  75  12.3839    40.3933        35.8267         36.0667
  76  11.8170    40.6533        35.8133         36.2467
  77  11.7747    41.1600        35.6667         36.7933
  78  12.1324    41.9467        36.5133         37.1333
  79  12.0754    42.3467        36.5867         37.1333
  80  12.3829    43.5467        36.4200         37.1267
----  -------  ---------  -------------  --------------
  ep     time    Val-acc    SWA-val-acc    ASWA-val-acc
----  -------  ---------  -------------  --------------
  81  11.8576    43.6867        36.9533         37.6133
  82  13.2598    43.8267        36.8733         37.5867
  83  13.3281    44.3000        37.0933         37.4000
  84  13.4846    43.9000        37.3467         38.4200
  85  12.5443    43.4867        37.3400         38.0733
  86  11.9542    44.0533        37.3667         38.5667
  87  11.7234    44.5600        37.6267         38.3000
  88  11.8510    45.0800        38.2867         38.6867
  89  12.1365    45.3000        38.2200         38.6867
  90  11.7954    46.2867        38.4400         38.7000
  91  12.2851    44.8867        37.9400         39.0133
  92  12.0593    44.9467        38.6200         39.3667
  93  11.8795    47.2933        39.0133         39.5067
  94  12.3265    46.3333        38.9733         39.9533
  95  13.1998    45.5600        39.2800         39.8400
  96  13.1024    47.4333        38.9533         39.7333
  97  13.2187    45.6667        39.1000         40.0067
  98  12.8365    44.1867        39.8400         40.3600
  99  12.7259    46.4867        39.2267         40.2200
 100  13.1977    47.8267        39.4800         40.6067
 101  12.8447    47.0800        39.9000         40.8667
 102  12.8375    47.8733        39.8067         40.5000
 103  13.3117    48.0800        40.0533         40.9133
 104  12.0536    47.6000        39.8267         40.6667
 105  12.3882    47.0933        40.3267         41.2200
 106  12.4888    47.1067        40.6600         41.3467
 107  12.4083    47.7133        40.5267         41.5733
 108  11.7600    48.5333        40.3133         41.4267
 109  11.9288    49.0000        40.5400         42.1333
 110  13.2153    49.5000        40.9733         42.5133
 111  12.3064    47.6933        41.0400         42.0867
 112  12.7498    47.9933        41.2200         42.0667
 113  12.9626    48.1800        40.9800         42.6200
 114  10.8984    49.6133        41.6533         41.9467
 115  12.2075    49.1933        41.2400         42.2400
 116  11.9353    48.6333        41.8333         43.0933
 117  11.7968    48.5533        41.3600         43.1667
 118  12.5170    49.2400        41.7067         42.8400
 119  11.9514    50.4867        41.9667         43.5333
 120  12.0310    50.5400        42.2667         43.1800
----  -------  ---------  -------------  --------------
  ep     time    Val-acc    SWA-val-acc    ASWA-val-acc
----  -------  ---------  -------------  --------------
 121  11.9760    50.9467        42.1933         43.3733
 122  12.0600    50.9333        42.5400         43.8267
 123  12.0517    50.2933        42.2600         43.5733
 124  12.5433    50.3733        42.6400         43.7267
 125  12.3636    51.2533        42.6667         43.8400
 126  12.0092    50.1467        43.1933         44.0267
 127  12.7388    49.1067        42.6067         44.1333
 128  12.2590    49.8933        42.9600         43.9933
 129  12.0095    51.7267        42.7933         44.5333
 130  12.4308    50.9133        43.4600         44.7733
 131  12.4711    49.9533        43.0867         44.4067
 132  12.7133    49.3467        43.6933         44.8000
 133  12.2933    51.1933        43.6400         44.8800
 134  11.7668    52.2600        43.6133         45.0867
 135  12.3928    52.5000        43.6800         45.2600
 136  11.8970    52.5933        44.0667         45.6867
 137  11.9617    52.5400        43.9133         45.4200
 138  12.2127    53.1733        44.2400         45.5667
 139  12.1977    52.3800        44.3467         45.5800
 140  11.9638    51.9000        44.5333         45.4467
 141  12.1673    50.9133        44.6200         45.8000
 142  12.0984    50.8133        44.5000         46.0667
 143  11.8156    50.0867        44.8133         45.9400
 144  12.0558    50.3200        44.6400         46.2600
 145  12.0770    52.0467        45.0200         46.4867
 146  12.2679    53.3200        44.9933         46.6267
 147  11.9914    53.6667        45.1333         46.5667
 148  11.9781    53.8933        44.4667         46.6733
 149  12.2117    53.5133        45.5067         46.9667
 150  12.5191    53.5133        45.4267         47.2733
 151  12.3591    54.0200        44.8600         47.5733
 152  12.1366    54.6067        45.6000         47.0333
 153  12.3401    53.7333        45.9933         47.1400
 154  11.7411    53.6000        45.5200         47.8133
 155  12.2149    53.9133        45.6933         47.3267
 156  12.0330    54.3133        45.9733         48.1333
 157  12.7671    54.5133        46.0400         47.7933
 158  12.6118    54.9400        46.0067         47.7933
 159  12.2292    54.8333        46.2267         47.8333
 160  12.0609    53.9533        46.2333         47.9400
----  -------  ---------  -------------  --------------
  ep     time    Val-acc    SWA-val-acc    ASWA-val-acc
----  -------  ---------  -------------  --------------
 161  11.9085    54.7867        46.3867         48.0933
 162  11.6850    55.3400        46.8400         48.3800
 163  13.0418    54.1067        47.1533         48.4667
 164  13.3380    53.2333        46.8400         48.3733
 165  13.5474    54.2600        46.6800         48.7533
 166  12.2257    54.7467        46.8333         48.3067
 167  11.8246    55.4600        46.9600         48.8200
 168  11.9656    54.9200        47.2733         48.8600
 169  11.9913    56.1267        47.6333         49.1467
 170  12.2327    55.9733        46.9133         49.0067
 171  12.1255    55.1333        47.3267         49.0333
 172  12.0923    55.7067        47.2200         49.0933
 173  11.8939    56.6467        47.4000         49.2467
 174  12.0484    55.6467        47.5933         49.3200
 175  12.3194    54.9267        47.6067         49.7200
 176  11.9296    55.1333        47.5533         49.5800
 177  11.8978    56.6667        47.7400         49.5933
 178  11.9094    56.3600        48.0600         49.7467
 179  12.0685    54.6933        47.9333         49.6667
 180  12.2327    54.1933        48.5800         49.7533
 181  12.0804    55.1533        48.3000         50.1400
 182  12.0126    55.7600        48.1667         50.2933
 183  12.0585    55.6267        48.6333         50.8400
 184  12.9362    55.1200        48.2133         50.5133
 185  12.0804    53.6533        48.0000         50.6400
 186  11.9905    54.2600        48.1000         50.6600
 187  12.0875    55.3733        48.3733         50.9200
 188  12.1129    56.7467        48.8600         50.5733
 189  12.0332    57.0467        48.7933         51.0000
 190  12.0005    56.1533        48.8267         50.6933
 191  12.3567    56.1800        48.8267         50.9133
 192  12.2067    57.0133        48.6867         50.9000
 193  12.0446    57.1133        48.7200         51.0533
 194  11.8511    56.5333        48.8467         51.1333
 195  12.0884    54.3267        49.2533         51.6667
 196  12.0247    55.5400        49.1267         51.2133
 197  11.9144    57.6000        49.1133         50.9067
 198  12.2655    58.8800        48.8467         51.3133
 199  12.0458    58.9333        49.5467         51.6533
 200  12.2586    57.3200        49.2667         51.1400
----  -------  ---------  -------------  --------------
  ep     time    Val-acc    SWA-val-acc    ASWA-val-acc
----  -------  ---------  -------------  --------------
 201  12.7456    56.4600        49.6933         51.8667
 202  12.6047    56.6133        49.7133         51.9467
 203  12.0265    57.6200        50.0733         52.0267
 204  12.4079    57.4533        50.0733         51.8133
 205  12.0217    57.0667        50.1000         52.2400
 206  12.1443    56.0267        50.1000         52.3133
 207  12.0683    55.8333        49.9267         52.2533
 208  11.8400    56.3933        50.2933         52.3000
 209  11.9444    56.3867        50.4000         52.0467
 210  11.9167    57.5667        50.5200         52.6067
 211  12.7147    59.5600        50.2733         52.5133
 212  12.1339    59.0867        50.7333         52.4200
 213  12.3565    59.1400        50.6200         53.0200
 214  12.3121    58.2400        50.7467         52.9067
 215  12.1191    58.9067        50.8667         52.8400
 216  12.5166    58.5933        50.6867         52.4467
 217  12.2407    58.9867        50.5200         52.8600
 218  12.1963    59.8000        50.5067         53.0267
 219  11.8004    59.3533        50.9000         53.2000
 220  12.4312    58.9067        50.5667         53.3133
 221  12.1860    58.3200        51.0200         53.8133
 222  11.8881    58.8733        51.3533         53.4533
 223  12.2460    59.2333        51.3133         53.4533
 224  12.1098    58.9400        50.7333         53.5533
 225  12.6872    59.5067        51.7533         53.6200
 226  12.4658    59.6000        51.0867         53.9667
 227  12.1952    59.5667        51.0867         53.7133
 228  12.1708    59.0400        51.8200         54.2067
 229  12.3104    59.4067        51.4400         53.9067
 230  11.8564    59.9867        50.8467         53.7733
 231  11.8956    60.3400        51.4133         54.2200
 232  12.3434    59.8333        51.8667         54.5667
 233  11.9679    59.3067        51.9667         53.9200
 234  12.0772    59.0133        51.7667         54.3067
 235  12.4514    59.7200        51.8467         54.5200
 236  13.8943    60.1600        52.1133         54.3533
 237  13.1057    59.6533        51.8467         54.4133
 238  12.6346    58.9667        51.7933         54.6467
 239  12.6719    58.1533        51.9000         54.8667
 240  11.8504    58.0467        51.7467         54.5333
----  -------  ---------  -------------  --------------
  ep     time    Val-acc    SWA-val-acc    ASWA-val-acc
----  -------  ---------  -------------  --------------
 241  13.4498    59.8933        52.5133         54.5133
 242  12.8848    60.7200        52.3333         54.7867
 243  12.6579    59.7200        52.4600         54.6267
 244  11.9920    56.8733        52.5133         54.9000
 245  12.0474    55.8800        52.6867         55.0800
 246  11.8951    56.3000        52.6933         55.4000
 247  12.1663    57.9800        52.4133         55.0467
 248  11.6749    59.9333        52.2333         55.3267
 249  11.9687    59.4133        52.5400         55.2733
 250  12.3999    58.5533        52.7733         55.2267
 251  11.8505    59.7667        52.5333         55.5133
 252  11.9088    59.9867        53.1933         55.8867
 253  11.9451    59.5067        53.0600         55.4800
 254  11.8996    59.8200        53.3267         55.2133
 255  11.9220    59.1867        53.3200         55.6200
 256  11.8333    59.7000        53.1333         55.8800
 257  11.9893    59.7867        53.3267         55.8067
 258  12.0073    60.5133        53.0933         56.1933
 259  11.8636    60.8800        53.1267         55.9667
 260  11.9058    61.6933        53.6133         56.0333
 261  12.3984    61.9000        53.2800         56.0133
 262  12.1596    62.1000        53.3600         56.1067
 263  12.1286    61.8000        53.8000         55.8467
 264  11.7716    60.9267        53.5067         56.3333
 265  13.5022    60.9467        53.5600         56.2000
 266  13.4644    60.2067        53.5267         56.4467
 267  13.4569    59.3267        53.5733         56.9733
 268  13.4884    57.4533        53.5067         56.9467
 269  13.1445    58.7667        53.8067         56.9733
 270  13.0689    59.9333        53.5067         56.8933
 271  12.8212    61.1467        53.9933         56.5733
 272  13.1326    61.8667        54.0467         56.2933
 273  13.1693    61.2667        54.0067         56.5333
 274  12.8004    60.9667        54.4200         57.2267
 275  12.2451    61.3600        54.6200         56.7467
 276  11.8475    61.8933        54.4333         56.8467
 277  11.9864    63.0333        54.4333         56.7800
 278  12.0604    63.3067        54.6467         57.3067
 279  12.0899    62.5067        54.0867         57.2000
 280  11.8509    62.1933        54.5400         57.3333
----  -------  ---------  -------------  --------------
  ep     time    Val-acc    SWA-val-acc    ASWA-val-acc
----  -------  ---------  -------------  --------------
 281  12.0242    63.2667        54.2733         57.8267
 282  11.6952    63.7400        54.5400         57.4533
 283  12.1979    63.4000        54.6000         57.5400
 284  12.0278    63.4467        54.5133         57.1733
 285  11.8097    63.4667        54.7667         57.1000
 286  12.1321    63.4933        54.5000         58.0400
 287  12.1399    63.2133        54.8267         57.4000
 288  12.7926    62.9200        54.5600         57.6467
 289  11.6723    62.3867        54.7467         57.3533
 290  12.0457    62.5267        55.0200         57.6333
 291  11.8672    62.8467        55.0733         58.1200
 292  12.0160    63.5533        54.9200         57.9533
 293  11.9678    63.7867        54.7867         58.0267
 294  11.8413    63.0867        55.0133         57.4733
 295  11.9721    62.1733        54.7333         58.1933
 296  12.1740    62.1067        55.6400         57.4933
 297  12.2896    62.5467        55.2867         57.9333
 298  11.7731    62.8600        55.5533         58.2200
 299  11.9867    61.9533        55.1333         58.2933
 300  12.6599    61.8933        55.4600         58.5667
 301  12.5558    62.0133        55.8000         58.0333
 302  12.0997    62.4867        55.4267         58.4600
 303  11.7905    61.9867        55.3733         58.0000
 304  11.7237    61.3667        55.6333         58.4533
 305  12.2776    60.4600        55.3933         58.3867
 306  12.2124    60.3400        55.6333         58.6533
 307  11.8406    61.8800        55.9200         58.2000
 308  12.2836    63.1733        55.6533         58.3533
 309  11.5780    63.9467        55.9867         58.6667
 310  12.2293    62.1533        55.7200         58.8733
 311  11.9715    61.3667        55.8267         58.7800
 312  12.1568    62.5733        55.8867         59.1333
 313  12.7911    63.2800        56.0933         59.1733
 314  12.4895    61.8600        55.8867         58.7533
 315  11.8728    60.9933        55.9933         58.9933
 316  12.2622    61.1267        55.9000         59.1733
 317  11.8182    61.1933        56.0933         58.7867
 318  11.6968    62.6600        56.1000         59.3400
 319  12.3201    63.5067        56.6067         58.8400
 320  12.1761    63.7067        56.0267         59.4933
----  -------  ---------  -------------  --------------
  ep     time    Val-acc    SWA-val-acc    ASWA-val-acc
----  -------  ---------  -------------  --------------
 321  12.6620    63.5200        55.8867         58.9800
 322  13.7372    63.6800        56.2933         59.3400
 323  13.3955    64.6667        56.3933         59.2933
 324  12.1580    64.6400        56.4400         59.7733
 325  12.4329    64.2933        56.5067         59.4333
 326  12.6424    63.4600        56.1533         59.3067
 327  12.0610    62.6533        56.7867         59.4333
 328  12.0594    62.4867        56.9267         59.6333
 329  11.8568    63.6333        56.4667         59.2467
 330  12.2435    64.0600        57.5333         59.7467
 331  11.9327    63.7733        56.6267         60.2267
 332  11.8454    64.3200        56.7933         59.4333
 333  12.0281    63.9000        56.8867         60.1867
 334  11.9208    64.2800        57.0133         59.8533
 335  11.9699    64.6400        57.3467         59.9267
 336  12.4002    65.3267        57.4800         59.7933
 337  11.9581    65.0200        57.0133         59.9933
 338  11.9807    63.8067        56.8133         60.0267
 339  11.7838    63.1533        56.9533         60.3600
 340  12.2087    63.6733        57.0133         60.0067
 341  12.6456    64.3933        57.3600         60.3133
 342  11.9994    64.2467        57.2600         60.2133
 343  11.8809    63.5933        57.4333         60.3467
 344  12.0781    64.1067        57.4800         60.6533
 345  12.0354    64.4867        57.6267         60.4600
 346  13.0845    65.2267        57.6000         60.0867
 347  12.6744    65.1733        57.4733         60.4933
 348  12.5265    65.1600        57.4533         60.5000
 349  12.6193    64.8533        57.5000         61.0200
 350  11.5182    63.2333        57.4467         60.7667
 351  12.2525    62.4867        57.6667         60.7733
 352  11.9054    63.6733        57.7133         60.6133
 353  12.0160    64.6533        57.3600         61.1533
 354  11.7748    64.3067        58.1867         60.7067
 355  12.2027    64.4133        58.3267         60.4600
 356  12.3758    64.5067        57.4467         60.9200
 357  12.0589    64.1667        58.0533         61.0267
 358  11.8672    64.9467        57.9533         60.8533
 359  12.0731    65.3400        58.0067         60.9467
 360  11.9051    65.5600        58.1000         61.1200
----  -------  ---------  -------------  --------------
  ep     time    Val-acc    SWA-val-acc    ASWA-val-acc
----  -------  ---------  -------------  --------------
 361  11.7648    65.6200        57.9667         60.2600
 362  12.4052    65.7667        57.5733         60.8533
 363  11.7970    66.1067        57.9667         61.0800
 364  12.1636    65.9600        58.0400         61.3400
 365  12.3500    65.7467        58.1600         61.3333
 366  12.4125    65.8267        58.1867         61.2600
 367  11.8536    66.0733        58.4733         60.8400
 368  12.0255    66.1067        58.1600         61.5800
 369  11.8530    65.3667        58.4133         61.6333
 370  12.0598    65.3733        58.4933         61.2200
 371  11.9220    65.6533        58.6800         61.4467
 372  12.1741    65.5133        58.4200         61.4533
 373  11.9907    64.8667        58.2067         61.6733
 374  11.8470    64.6333        58.0533         61.7267
 375  12.2207    63.7533        58.4933         61.5000
 376  11.7135    63.8533        58.2200         61.6533
 377  12.1923    64.4133        58.6400         61.4667
 378  12.1360    64.9333        58.6533         61.5867
 379  11.5648    64.7933        58.6333         61.7733
 380  12.0630    64.2133        58.9000         61.7067
 381  12.2906    64.7800        58.6133         62.1933
 382  12.0572    64.9933        58.7267         61.8533
 383  12.2388    65.2133        58.8267         61.6400
 384  11.8067    65.9067        59.0933         62.0200
 385  11.8343    66.7533        58.7200         62.0667
 386  12.0976    66.8467        58.8867         62.0800
 387  11.9559    66.1600        58.8000         62.2733
 388  11.7924    66.5000        58.7200         61.7333
 389  12.2360    66.8267        59.1533         62.0533
 390  12.1246    66.2400        58.8867         62.0467
 391  11.8431    65.6533        58.8333         62.7867
 392  12.2634    65.3000        58.9400         62.5400
 393  12.5057    65.0600        58.7667         62.0933
 394  12.4639    66.1400        58.8267         61.7733
 395  12.0889    67.0000        59.2867         62.3800
 396  12.2330    66.9867        59.4200         62.5400
 397  11.7940    66.1867        59.2467         62.3933
 398  12.0730    65.1533        59.0867         62.3467
 399  11.8906    64.9667        59.3933         62.4867
 400  12.2234    64.9333        59.4800         62.3933
Running model Train:  {'loss': 0.791716432925633, 'accuracy': 71.67999999999999}
Runing model Val: {'loss': 0.933409893544515, 'accuracy': 67.22}
Running model Test: {'loss': 0.9242603614807129, 'accuracy': 67.85}
SWA Train:  {'loss': 1.051257406943185, 'accuracy': 62.05428571428572}
SWA Val: {'loss': 1.1172858622233073, 'accuracy': 59.48}
SWA Test: {'loss': 1.1106995719909667, 'accuracy': 59.68}
ASWA Train:  {'loss': 0.9571478899002075, 'accuracy': 65.34571428571428}
ASWA Val: {'loss': 1.0328914714177448, 'accuracy': 62.653333333333336}
ASWA Test: {'loss': 1.0311358726501465, 'accuracy': 62.64999999999999}
