Preparing directory CIFAR10_VGG19BN_25E
Using model VGG19BN
Loading dataset: CIFAR10
Files already downloaded and verified
Files already downloaded and verified
Preparing model
SWA and ASWA training
----  -------  ---------  -------------  --------------
  ep     time    Val-acc    SWA-val-acc    ASWA-val-acc
----  -------  ---------  -------------  --------------
   1  15.4842    11.5133        12.6400         12.3333
   2  12.9871     9.9867        13.6333         13.5000
   3  13.1785     9.9867        14.4533         14.1733
   4  13.1798     9.9867        15.1133         15.1733
   5  13.0628     9.9867        14.9800         15.1067
   6  13.1689    10.3933        15.1733         15.2267
   7  12.7949     9.4867        15.3200         15.2400
   8  12.6911     9.4867        15.6333         15.1867
   9  12.8512     9.4867        15.7200         16.0667
  10  13.1285     9.4867        15.9267         16.1200
  11  12.8001     9.4867        16.3133         16.7333
  12  12.8115     9.4867        16.6467         17.2067
  13  12.8318     9.4867        17.4800         17.5867
  14  13.3059     9.4867        17.7733         18.0000
  15  13.0343     9.4933        18.3733         18.5000
  16  12.8096     9.4933        18.6200         18.4933
  17  13.0952     9.5067        18.9800         19.2133
  18  11.2271     9.5400        19.2333         19.7400
  19  11.3658     9.6067        19.4400         19.9800
  20  10.9935     9.9933        19.9933         20.5400
  21  10.6262    10.9067        20.6333         20.7733
  22  11.1360    11.8000        21.5533         21.2333
  23  11.3070    13.3667        21.2133         21.5267
  24  11.0502    14.6400        21.9267         22.3000
  25  11.5046    16.4933        22.1800         22.5067
Running model Train:  {'loss': 1.9682920766830445, 'accuracy': 26.702857142857145}
Runing model Val: {'loss': 1.9647851577758788, 'accuracy': 26.700000000000003}
Running model Test: {'loss': 1.9607905790328979, 'accuracy': 27.42}
SWA Train:  {'loss': 2.1374285652160645, 'accuracy': 22.888571428571428}
SWA Val: {'loss': 2.1406029158274333, 'accuracy': 22.439999999999998}
SWA Test: {'loss': 2.1353253421783447, 'accuracy': 22.98}
ASWA Train:  {'loss': 2.1336281375340054, 'accuracy': 22.71142857142857}
ASWA Val: {'loss': 2.1355256015777586, 'accuracy': 22.439999999999998}
ASWA Test: {'loss': 2.130488671875, 'accuracy': 22.900000000000002}
