Preparing directory CIFAR10_VGG16_200E
Using model VGG16
Loading dataset: CIFAR10
Files already downloaded and verified
Files already downloaded and verified
Preparing model
SWA and ASWA training
----  ------  ---------  -------------  --------------
  ep    time    Val-acc    SWA-val-acc    ASWA-val-acc
----  ------  ---------  -------------  --------------
   1  7.3704    10.0867        10.0867         10.0867
   2  4.9085    10.4267        10.0933         10.3667
   3  5.0763    10.1400        10.1533         10.2133
   4  5.2285    10.1933        10.2667         10.2467
   5  4.9746    10.3333        10.3400         10.6133
   6  5.0247    10.6267        10.6200         10.8467
   7  4.8564    12.2133        10.9400         11.2867
   8  4.8494    14.2400        11.6400         11.9600
   9  4.9117    13.8000        12.4133         12.7200
  10  4.7100    12.5533        13.1733         13.6733
  11  5.1362    11.5200        14.0133         14.1333
  12  4.8754    10.8200        14.1067         14.0600
  13  5.0257     9.8333        13.9000         13.5467
  14  5.0695    10.3133        13.4600         13.1867
  15  4.9050    11.9067        13.2267         12.5333
  16  4.8511    18.0933        12.9000         12.3467
  17  5.0091    17.4467        12.8533         12.4533
  18  5.0657    16.6467        12.3733         12.2667
  19  4.7515    14.6800        12.3667         12.0067
  20  4.8797    15.9733        12.2533         12.1733
  21  4.7398    17.9933        12.3533         12.4000
  22  4.8671    18.7600        12.4600         14.0400
  23  4.8296    18.9333        12.6600         16.0667
  24  4.9629    18.4867        12.6200         16.7933
  25  5.0008    16.4267        12.8867         17.4000
  26  4.9089    15.5067        13.5267         17.6600
  27  5.0180    16.6533        13.8133         17.6467
  28  4.6667    17.1533        14.7000         17.6867
  29  4.9974    18.3667        15.7400         17.9467
  30  4.7463    19.1200        16.2467         17.9933
  31  5.0806    19.2867        16.5933         18.1867
  32  5.2677    19.3333        16.9533         18.0933
  33  4.8646    19.2867        17.0667         18.1333
  34  4.8287    19.8200        17.3933         18.1733
  35  5.0204    19.4800        17.5533         18.1667
  36  4.9217    20.1467        17.6133         18.3267
  37  5.0753    20.6133        17.7933         18.5333
  38  4.9151    19.0333        18.1867         18.7733
  39  4.9504    19.5333        18.4067         18.8600
  40  5.0198    19.9467        18.7333         19.1533
----  ------  ---------  -------------  --------------
  ep    time    Val-acc    SWA-val-acc    ASWA-val-acc
----  ------  ---------  -------------  --------------
  41  4.7801    20.0267        18.6200         19.0400
  42  4.8099    20.5133        18.7267         19.2000
  43  4.8285    23.3133        18.9200         19.3067
  44  5.4480    23.0200        19.1400         19.6400
  45  5.2189    23.2600        19.1267         19.9267
  46  5.5495    22.3000        19.4867         19.3133
  47  5.0704    22.7733        19.2267         20.2200
  48  5.1189    23.2533        19.3133         20.1933
  49  4.9295    23.5933        19.4400         19.8867
  50  5.1719    23.7400        19.4867         20.9933
  51  4.8173    23.9000        19.7000         22.3400
  52  5.0556    23.7067        19.8667         22.8133
  53  5.1098    23.8200        20.0867         23.3267
  54  4.9908    23.6667        20.1200         23.7333
  55  4.9741    24.3467        19.8867         23.8733
  56  4.6685    24.7267        20.2200         23.6733
  57  5.1752    25.0733        20.3267         23.7733
  58  5.3554    24.8400        20.4133         23.7467
  59  5.5311    24.7933        21.1667         23.9600
  60  4.9376    24.8333        21.3667         24.2267
  61  5.2142    25.1467        22.2000         24.3267
  62  4.8082    24.7667        22.4467         24.1333
  63  5.0353    26.0933        22.5933         24.3800
  64  4.8598    25.5600        23.0200         24.0667
  65  4.9981    25.8000        23.3400         24.2800
  66  4.8383    26.2667        23.5067         24.4000
  67  4.8253    26.3333        23.6267         24.5200
  68  5.2359    26.4533        23.8133         24.5533
  69  4.8730    27.0200        23.8200         24.5400
  70  4.7499    26.8867        23.7000         24.5267
  71  4.5767    26.9667        24.0800         24.5467
  72  5.2890    26.5467        23.7800         24.9000
  73  4.7029    25.9800        24.2200         24.7600
  74  5.0771    26.7533        24.2733         24.9067
  75  5.6794    22.6333        24.3533         24.6267
  76  5.5155    24.7200        24.1067         25.0200
  77  4.9423    26.4333        24.5733         25.1667
  78  5.0208    27.3600        24.4733         25.1733
  79  5.1574    26.4333        24.5133         25.2133
  80  4.8678    28.0200        24.4733         25.2267
----  ------  ---------  -------------  --------------
  ep    time    Val-acc    SWA-val-acc    ASWA-val-acc
----  ------  ---------  -------------  --------------
  81  4.9627    27.0133        24.4267         25.1067
  82  5.2651    26.5800        24.9133         25.3600
  83  4.7268    27.8600        24.6533         25.0867
  84  5.1694    27.1733        24.9400         25.3400
  85  4.9600    27.6000        24.5333         25.0533
  86  5.0632    27.5067        24.8133         25.0067
  87  4.8076    27.0200        24.6600         25.2400
  88  5.2309    28.2933        24.9000         25.3133
  89  4.8504    28.1667        24.8600         25.2333
  90  4.9966    28.1333        25.1200         25.0267
  91  4.9287    28.4200        24.5867         25.1333
  92  4.7588    28.5067        25.2333         26.1400
  93  5.0360    28.2267        25.4000         25.6600
  94  5.0081    28.9467        24.9200         25.6933
  95  4.6384    29.5667        25.2267         25.5867
  96  4.9037    28.2467        24.9467         25.8200
  97  4.9596    28.3867        25.0200         25.7400
  98  4.8932    29.3333        24.8400         25.6000
  99  5.0853    29.2067        25.2267         25.9867
 100  5.5898    29.1800        25.1800         26.1200
 101  4.8090    29.8600        25.0333         25.9000
 102  5.0193    29.8667        25.1467         25.9933
 103  4.9093    29.9267        25.4800         25.9067
 104  4.7849    29.4667        25.3333         26.3267
 105  5.0050    30.2333        25.4600         26.0400
 106  4.8503    30.4800        25.3267         26.3267
 107  5.5805    30.6000        25.3733         26.1800
 108  5.3503    30.9000        25.2733         26.2467
 109  5.5081    31.1800        25.5400         26.5733
 110  5.4935    31.3333        25.7133         26.6000
 111  5.8474    31.0333        25.6933         26.6333
 112  5.6548    31.0533        25.5800         26.6067
 113  5.4831    31.6600        25.6933         26.6200
 114  5.5049    31.0733        25.5133         26.9667
 115  6.1276    31.0067        25.6667         26.9267
 116  6.3429    29.5133        25.6867         26.8200
 117  6.1654    32.1333        25.7800         26.6667
 118  5.6975    29.8800        25.8467         26.9067
 119  5.7108    31.8800        26.1000         26.9133
 120  6.0031    31.4400        25.9733         27.0333
----  ------  ---------  -------------  --------------
  ep    time    Val-acc    SWA-val-acc    ASWA-val-acc
----  ------  ---------  -------------  --------------
 121  6.0468    31.7600        25.9200         27.3267
 122  5.4433    31.8133        25.9933         26.8467
 123  5.2632    29.8467        25.7533         27.6600
 124  5.3577    31.4733        26.1933         27.0600
 125  5.9598    32.1000        25.8667         27.2667
 126  5.3483    30.5067        25.8733         27.4533
 127  5.1369    31.9667        26.0933         27.2867
 128  4.7289    31.4600        26.0933         27.3067
 129  4.7662    30.1267        25.8733         27.5067
 130  4.7388    31.8133        26.1467         27.6933
 131  4.8998    31.8467        26.1467         27.8667
 132  5.1211    31.6533        26.0667         27.8667
 133  5.3571    32.6400        26.4867         28.0067
 134  4.9717    33.4400        26.0800         27.8333
 135  5.0158    31.8733        26.3733         28.2733
 136  5.0542    32.9933        26.2800         27.9600
 137  5.3534    31.6467        26.1133         28.0400
 138  5.3761    32.3133        26.7000         28.3600
 139  4.9415    32.1667        26.6400         28.4800
 140  5.0638    31.3333        26.4667         28.5133
 141  5.1291    31.9400        26.2800         28.7200
 142  5.0418    33.8533        26.6000         28.7333
 143  4.9566    32.9400        26.6933         28.7200
 144  4.6773    33.5600        26.5667         28.6533
 145  4.8048    33.8667        26.9267         28.7067
 146  5.0838    33.0533        26.8800         28.7467
 147  5.2779    32.9267        26.6333         28.9800
 148  4.8814    32.7933        26.9000         29.0400
 149  4.6891    32.6667        26.7800         29.1267
 150  5.1735    33.8733        26.9933         29.1867
 151  4.8764    35.0867        27.0133         29.3733
 152  4.7254    34.5667        27.1800         29.1933
 153  4.8981    34.0400        26.9667         29.0867
 154  4.7536    34.2000        27.3400         29.7800
 155  4.9701    34.7200        27.6533         29.4400
 156  5.0086    34.6533        27.0733         29.7667
 157  4.8568    33.9467        27.0000         29.5400
 158  5.3333    35.3267        27.3267         29.8667
 159  4.8559    35.4200        27.2133         29.8667
 160  4.8390    34.0333        27.1800         29.8133
----  ------  ---------  -------------  --------------
  ep    time    Val-acc    SWA-val-acc    ASWA-val-acc
----  ------  ---------  -------------  --------------
 161  4.7999    36.3067        27.3533         29.7600
 162  4.9040    35.3467        27.3867         29.8667
 163  4.6399    32.7267        27.4333         30.3067
 164  4.9318    32.4267        27.5867         30.0533
 165  5.3055    35.1000        27.7533         30.0467
 166  4.9020    35.8933        27.3600         30.2000
 167  4.8776    34.8067        27.3267         30.7267
 168  5.1972    35.8933        27.4000         30.2600
 169  5.0302    34.3533        27.7067         30.4733
 170  5.3643    34.0733        28.0267         30.6800
 171  5.1932    34.7800        27.8867         30.8400
 172  5.1472    35.9133        28.1533         30.7733
 173  5.0366    34.8400        28.0400         30.8800
 174  5.0108    36.2533        28.2867         30.6600
 175  5.1390    34.9667        27.9333         30.7000
 176  4.8682    36.1867        28.1733         30.9200
 177  4.9291    35.9200        28.1467         30.6933
 178  4.8089    36.3600        28.1933         31.0533
 179  5.2511    36.4267        28.3333         30.7267
 180  4.6633    36.3333        27.9933         31.1800
 181  5.2318    36.4867        28.4800         31.1800
 182  5.0631    36.0000        28.4400         31.3933
 183  4.8566    36.1867        28.6400         31.2600
 184  5.1456    36.2400        28.7600         31.3867
 185  5.0730    36.6667        28.4267         31.2267
 186  4.9063    35.9400        28.3733         31.2200
 187  4.9449    37.1667        28.9133         31.7600
 188  4.9343    36.8800        29.0067         31.1800
 189  4.7488    37.0933        28.8067         31.4600
 190  4.9523    37.1667        28.5933         31.4667
 191  4.7167    37.0867        29.1000         31.6333
 192  4.9384    37.4733        29.0467         32.1933
 193  4.9395    37.4333        29.1267         31.6800
 194  5.0837    38.3067        29.2000         31.6800
 195  4.8053    36.5200        29.1667         31.9000
 196  5.0782    37.7800        29.1667         32.1000
 197  5.1913    37.0200        28.9467         31.9333
 198  5.3065    38.8067        29.0600         32.1000
 199  5.2720    36.9200        29.1200         32.2667
 200  5.0051    38.3533        29.3733         32.1933
Running model Train:  {'loss': 1.600255764225551, 'accuracy': 38.785714285714285}
Runing model Val: {'loss': 1.6068531959533692, 'accuracy': 38.62}
Running model Test: {'loss': 1.598092798805237, 'accuracy': 38.96}
SWA Train:  {'loss': 1.9175192340305873, 'accuracy': 29.39428571428571}
SWA Val: {'loss': 1.9180965970993042, 'accuracy': 29.56}
SWA Test: {'loss': 1.913463794708252, 'accuracy': 30.31}
ASWA Train:  {'loss': 1.8045763189315795, 'accuracy': 32.26571428571429}
ASWA Val: {'loss': 1.8048331718444823, 'accuracy': 31.933333333333337}
ASWA Test: {'loss': 1.7987301168441772, 'accuracy': 32.56}
