Preparing directory CIFAR10_VGG16BN_25E
Using model VGG16BN
Loading dataset: CIFAR10
Files already downloaded and verified
Files already downloaded and verified
Preparing model
SWA and ASWA training
----  -------  ---------  -------------  --------------
  ep     time    Val-acc    SWA-val-acc    ASWA-val-acc
----  -------  ---------  -------------  --------------
   1  13.0283    10.0867        11.8667         12.2000
   2  11.1857    10.3933        13.5133         13.1600
   3  10.7507     9.7733        15.1400         15.1200
   4  10.0364     9.7733        15.5400         15.8267
   5  10.6303     9.7733        16.6733         16.8333
   6  10.2990    10.5867        17.5667         17.7600
   7  10.4474     9.5200        18.5667         18.5667
   8  10.2834     9.5000        19.0467         18.9533
   9  12.3324     9.4867        18.5400         19.1067
  10  13.1743     9.4867        19.2533         19.0933
  11  13.7172     9.4867        19.4933         19.0800
  12  13.1669     9.4867        19.4800         19.4933
  13  13.0161     9.4867        19.4067         19.8467
  14  13.0899     9.4933        19.7267         19.8200
  15  13.9940     9.5333        20.3067         20.1067
  16  12.7071     9.6800        20.1333         20.5933
  17  13.7017    10.0800        20.1000         20.5267
  18  13.2870    10.8133        20.8467         20.8867
  19  13.9193    11.6467        20.8933         21.5000
  20  13.2321    12.3800        21.2733         21.1733
  21  13.4372    13.0400        21.7333         21.6667
  22  13.2921    13.5467        21.8600         21.5933
  23  12.7358    13.9733        22.3333         22.1533
  24  13.5320    14.3000        22.2800         22.3667
  25  14.2726    14.5933        22.6600         22.7467
Running model Train:  {'loss': 1.961919511113848, 'accuracy': 25.671428571428574}
Runing model Val: {'loss': 1.9591717365264893, 'accuracy': 25.173333333333332}
Running model Test: {'loss': 1.959857974243164, 'accuracy': 25.39}
SWA Train:  {'loss': 2.1530564260210308, 'accuracy': 23.231428571428573}
SWA Val: {'loss': 2.153007206217448, 'accuracy': 22.7}
SWA Test: {'loss': 2.151991584396362, 'accuracy': 22.509999999999998}
ASWA Train:  {'loss': 2.1344661452157156, 'accuracy': 23.568571428571428}
ASWA Val: {'loss': 2.13651067237854, 'accuracy': 22.48}
ASWA Test: {'loss': 2.133836891174316, 'accuracy': 23.630000000000003}
