Preparing directory CIFAR10_VGG16_10E
Using model VGG16
Loading dataset: CIFAR10
Files already downloaded and verified
Files already downloaded and verified
Preparing model
SWA and ASWA training
----  ------  ---------  -------------  --------------
  ep    time    Val-acc    SWA-val-acc    ASWA-val-acc
----  ------  ---------  -------------  --------------
   1  7.2058    10.0867        10.0867         10.0867
   2  4.9236    10.4333        10.0933         10.3733
   3  5.2928    10.1467        10.1600         10.2133
   4  5.8121    10.1933        10.2467         10.2400
   5  5.0531    10.1800        10.3000         10.5267
   6  5.0927    11.1067        10.5667         10.8000
   7  4.8782    13.2067        11.0467         11.4000
   8  4.6944    13.7133        11.9533         12.4467
   9  5.1613    13.0600        12.8267         13.3600
  10  5.0760    12.2533        13.6067         13.9600
Running model Train:  {'loss': 2.2596701024736676, 'accuracy': 12.277142857142858}
Runing model Val: {'loss': 2.2602776653289793, 'accuracy': 12.386666666666667}
Running model Test: {'loss': 2.257861580276489, 'accuracy': 12.44}
SWA Train:  {'loss': 2.292977140208653, 'accuracy': 13.562857142857144}
SWA Val: {'loss': 2.2928584690093996, 'accuracy': 13.473333333333334}
SWA Test: {'loss': 2.2925628818511963, 'accuracy': 13.819999999999999}
ASWA Train:  {'loss': 2.289101924460275, 'accuracy': 13.902857142857142}
ASWA Val: {'loss': 2.2890295738220217, 'accuracy': 13.819999999999999}
ASWA Test: {'loss': 2.288490444946289, 'accuracy': 14.069999999999999}
