Preparing directory CIFAR10_VGG19BN_20E
Using model VGG19BN
Loading dataset: CIFAR10
Files already downloaded and verified
Files already downloaded and verified
Preparing model
SWA and ASWA training
----  -------  ---------  -------------  --------------
  ep     time    Val-acc    SWA-val-acc    ASWA-val-acc
----  -------  ---------  -------------  --------------
   1  15.0758    11.5200        12.6867         12.3267
   2  13.8378     9.9867        13.5867         13.5067
   3  14.3511     9.9867        14.4933         14.3133
   4  12.9044     9.9867        15.2400         15.3067
   5  12.3843     9.9867        15.0200         15.0000
   6  12.5175    10.7667        15.3067         15.2133
   7  12.6322     9.4867        15.3667         15.3533
   8  13.1459     9.4867        15.6000         15.4133
   9  12.7654     9.4867        15.8533         16.0667
  10  13.1789     9.4867        16.0333         16.2933
  11  12.8574     9.4867        16.3200         16.6600
  12  12.8841     9.4867        16.7467         17.1200
  13  12.7733     9.4867        17.4133         17.4400
  14  12.8141     9.4867        17.4933         17.9200
  15  12.6925     9.5000        17.8867         18.4067
  16  12.7269     9.5000        18.4333         18.5133
  17  12.8489     9.5133        18.5933         19.0333
  18  13.1030     9.5467        18.8333         19.8267
  19  13.3601     9.6467        19.0800         19.5800
  20  12.8338    10.0867        19.5467         20.3133
Running model Train:  {'loss': 2.048057153756278, 'accuracy': 24.81142857142857}
Runing model Val: {'loss': 2.048027852121989, 'accuracy': 24.44}
Running model Test: {'loss': 2.041182666397095, 'accuracy': 25.319999999999997}
SWA Train:  {'loss': 2.1774493788037983, 'accuracy': 20.377142857142857}
SWA Val: {'loss': 2.1795058153788247, 'accuracy': 19.69333333333333}
SWA Test: {'loss': 2.1761832382202146, 'accuracy': 19.84}
ASWA Train:  {'loss': 2.1689789827074324, 'accuracy': 20.3}
ASWA Val: {'loss': 2.172443330001831, 'accuracy': 19.946666666666665}
ASWA Test: {'loss': 2.1681764625549316, 'accuracy': 20.66}
