Preparing directory CIFAR10_VGG16_25E
Using model VGG16
Loading dataset: CIFAR10
Files already downloaded and verified
Files already downloaded and verified
Preparing model
SWA and ASWA training
----  ------  ---------  -------------  --------------
  ep    time    Val-acc    SWA-val-acc    ASWA-val-acc
----  ------  ---------  -------------  --------------
   1  7.2514    10.0867        10.0867         10.0867
   2  5.0631    10.4067        10.0867         10.3600
   3  4.6926    10.1467        10.1533         10.2333
   4  6.2982    10.3333        10.3133         10.3533
   5  5.4020    11.4867        10.5333         10.8133
   6  5.8379    13.1533        11.1400         11.7333
   7  5.3821    14.0133        11.8600         12.6133
   8  5.7649    12.7733        12.9533         13.6467
   9  5.4041    12.7533        13.4067         13.8800
  10  5.3096    11.8800        13.9000         14.1267
  11  5.2187    11.3000        14.0067         13.6733
  12  5.2343    11.4133        13.5867         12.9400
  13  5.1826    10.6533        13.1067         12.4333
  14  5.2744    10.5933        12.6933         12.3667
  15  5.3819    12.9200        12.4067         12.1000
  16  5.3121    18.1600        12.2200         12.1800
  17  4.9626    17.1000        12.4333         12.3000
  18  5.2614    17.4733        12.2133         12.2533
  19  5.3111    15.7933        12.1067         12.1333
  20  5.3006    15.4067        12.1000         12.2800
  21  4.8191    17.0400        12.1000         13.8400
  22  4.6764    19.1067        12.2200         15.3600
  23  4.9567    18.0533        12.4933         16.1333
  24  4.7258    17.2800        12.5800         16.4600
  25  5.1733    16.2200        13.7067         16.8533
Running model Train:  {'loss': 2.1840004153660364, 'accuracy': 16.354285714285716}
Runing model Val: {'loss': 2.186329383087158, 'accuracy': 16.413333333333334}
Running model Test: {'loss': 2.184463864517212, 'accuracy': 16.439999999999998}
SWA Train:  {'loss': 2.2431377172197613, 'accuracy': 13.748571428571429}
SWA Val: {'loss': 2.244663967005412, 'accuracy': 13.673333333333334}
SWA Test: {'loss': 2.241958280944824, 'accuracy': 13.66}
ASWA Train:  {'loss': 2.2191624235425675, 'accuracy': 16.71142857142857}
ASWA Val: {'loss': 2.2206826955159507, 'accuracy': 16.7}
ASWA Test: {'loss': 2.2180873588562013, 'accuracy': 16.88}
