Preparing directory CIFAR10_VGG19BN_50E
Using model VGG19BN
Loading dataset: CIFAR10
Files already downloaded and verified
Files already downloaded and verified
Preparing model
SWA and ASWA training
----  -------  ---------  -------------  --------------
  ep     time    Val-acc    SWA-val-acc    ASWA-val-acc
----  -------  ---------  -------------  --------------
   1  13.8869    11.5133        12.6467         12.3133
   2  12.5254     9.9867        13.6200         13.4933
   3  11.2086     9.9867        14.3600         14.0600
   4  11.5797     9.9867        15.0733         15.3200
   5  11.2007     9.9867        14.9467         15.1533
   6  11.0417    10.4933        15.1867         15.3667
   7  11.4496     9.4867        15.4600         15.2600
   8  11.7149     9.4867        15.5867         15.1800
   9  11.0004     9.4867        15.7200         16.2200
  10  10.7039     9.4867        15.8933         16.2867
  11  11.5237     9.4867        16.2933         16.7267
  12  12.0227     9.4867        16.7733         17.1867
  13  11.5179     9.4867        17.5200         17.5800
  14  11.0713     9.4933        17.9467         17.8467
  15  11.1173     9.4933        18.2600         18.3533
  16  11.3056     9.5000        18.6867         18.6600
  17  11.1305     9.5200        18.9200         19.0333
  18  10.8352     9.5400        19.1067         19.5867
  19  11.2165     9.6333        19.6200         19.7933
  20  11.0052    10.0333        19.7200         20.1800
  21  11.8023    10.8333        20.4267         20.4267
  22  11.6094    11.7067        20.8533         20.9467
  23  11.3897    12.7867        20.8000         21.5467
  24  11.5819    14.0333        21.6133         21.7267
  25  11.8729    15.2200        21.8067         21.8733
  26  11.3423    17.3000        21.9467         22.4600
  27  11.4277    19.1600        22.8400         22.6000
  28  11.6231    20.9000        22.8800         23.3133
  29  11.9078    22.1000        23.2200         23.8133
  30  11.4697    23.0600        23.3800         23.6067
  31  11.6154    24.2733        23.8400         24.1400
  32  11.3398    24.7933        23.9267         24.2600
  33  10.7616    25.1200        24.1067         24.0733
  34  10.6595    25.8467        24.2667         24.5400
  35  11.1423    26.2933        24.2267         24.9333
  36  11.0423    27.1200        24.9200         25.3133
  37  11.1653    27.2933        24.8267         25.1267
  38  11.1708    27.9600        25.2400         25.7000
  39  10.7356    28.0867        26.1467         25.7800
  40  11.4150    28.8400        26.0667         26.2933
----  -------  ---------  -------------  --------------
  ep     time    Val-acc    SWA-val-acc    ASWA-val-acc
----  -------  ---------  -------------  --------------
  41  10.8635    29.4333        26.7200         26.7867
  42  11.2085    29.2667        26.9200         27.1267
  43  10.8346    29.8733        27.5667         27.2000
  44  11.2750    30.1667        27.1400         27.8667
  45  11.1091    31.6733        27.1733         27.7400
  46  11.2560    32.3400        27.4000         28.2000
  47  11.8241    33.7600        28.1800         28.3400
  48  11.4640    34.8000        28.4267         28.5933
  49  11.3400    34.4733        28.4800         29.0267
  50  13.2583    32.6067        29.1333         29.3600
Running model Train:  {'loss': 1.6716363047191074, 'accuracy': 36.385714285714286}
Runing model Val: {'loss': 1.6689915211995443, 'accuracy': 35.96}
Running model Test: {'loss': 1.67081067237854, 'accuracy': 36.16}
SWA Train:  {'loss': 1.913545861026219, 'accuracy': 28.997142857142855}
SWA Val: {'loss': 1.9107136153539022, 'accuracy': 29.160000000000004}
SWA Test: {'loss': 1.9076022607803345, 'accuracy': 30.570000000000004}
ASWA Train:  {'loss': 1.8947331728526524, 'accuracy': 29.520000000000003}
ASWA Val: {'loss': 1.8927898588816325, 'accuracy': 29.220000000000002}
ASWA Test: {'loss': 1.8895704023361206, 'accuracy': 30.28}
