Preparing directory CIFAR10_VGG19BN_200E
Using model VGG19BN
Loading dataset: CIFAR10
Files already downloaded and verified
Files already downloaded and verified
Preparing model
SWA and ASWA training
----  -------  ---------  -------------  --------------
  ep     time    Val-acc    SWA-val-acc    ASWA-val-acc
----  -------  ---------  -------------  --------------
   1  14.7718    11.5200        12.7067         12.3600
   2  13.0670     9.9867        13.5333         13.5600
   3  12.0093     9.9867        14.4667         14.3533
   4  11.9402     9.9867        15.3333         15.2400
   5  12.0170     9.9867        15.1000         15.0667
   6  11.8826    10.4733        15.2533         15.1867
   7  12.3488     9.4867        15.3600         15.0667
   8  12.1566     9.4867        15.6867         15.2933
   9  12.1223     9.4867        15.7267         15.9933
  10  12.0563     9.4867        15.9400         16.0467
  11  12.8791     9.4867        16.2533         16.4600
  12  13.0043     9.4867        16.8467         16.8333
  13  12.7240     9.4867        17.4067         17.4133
  14  12.7478     9.4933        17.6667         17.7933
  15  11.5924     9.5000        18.1200         18.3533
  16  11.3847     9.5000        18.4267         18.5467
  17  12.5275     9.5200        19.0133         18.9200
  18  12.1168     9.5667        19.0933         19.6733
  19  12.0723     9.8333        19.2400         19.4733
  20  12.2291    10.5200        19.6333         20.4733
  21  11.9068    11.3333        20.5333         20.5200
  22  12.2425    12.5133        21.1333         21.1467
  23  12.0351    13.8733        21.0000         21.3600
  24  11.9159    14.7933        21.8200         21.7667
  25  12.6034    16.3067        21.9533         22.1733
  26  12.5877    18.3267        22.5533         22.7333
  27  12.3024    20.0667        22.8000         22.7867
  28  12.1308    21.2533        23.2333         23.4333
  29  12.4782    22.1133        23.3800         23.9867
  30  12.0489    23.4333        23.7933         23.7267
  31  12.1539    24.4600        23.9533         24.0867
  32  12.1944    24.4600        24.2800         24.5000
  33  12.0697    24.9333        24.2200         24.6467
  34  12.0164    25.4533        24.7533         24.9200
  35  12.2328    26.0600        24.9067         25.1533
  36  12.3007    26.6400        25.0733         25.1933
  37  12.4722    27.1733        25.5000         25.8267
  38  11.7548    28.2400        25.6133         26.4000
  39  12.1467    28.9600        26.5867         26.1667
  40  12.0747    29.0733        26.6133         26.7467
----  -------  ---------  -------------  --------------
  ep     time    Val-acc    SWA-val-acc    ASWA-val-acc
----  -------  ---------  -------------  --------------
  41  12.0422    29.9267        26.9333         27.1000
  42  12.3277    29.7533        27.1267         27.1467
  43  12.1551    30.2667        27.3467         27.8333
  44  12.3484    30.9333        27.4400         28.2267
  45  12.7079    31.7400        27.7467         28.3267
  46  12.3124    32.7533        27.7333         28.5467
  47  12.0474    34.5200        28.2867         28.4200
  48  12.1601    34.6867        28.5067         28.7733
  49  12.2012    34.0733        28.9400         29.5733
  50  12.5207    33.2267        29.5667         29.9133
  51  12.1409    33.0733        29.1933         30.4600
  52  12.6006    33.2667        30.0067         30.1533
  53  12.3170    34.8400        29.7400         30.9733
  54  12.3002    35.0267        30.2733         31.1733
  55  12.6030    35.1467        31.1533         31.6000
  56  12.2955    35.7867        30.8733         31.6133
  57  12.4926    36.7200        31.3200         31.9000
  58  11.9812    37.9933        31.6400         32.2133
  59  12.3552    38.3133        31.8000         32.4467
  60  12.0017    36.3200        32.0600         32.8400
  61  12.1837    36.5600        32.1067         33.3800
  62  13.6697    37.4133        32.9467         33.9000
  63  13.5160    38.2933        32.5333         33.4400
  64  13.8004    38.7733        33.3867         33.9333
  65  12.7147    38.7000        33.5400         33.9400
  66  12.2064    38.7467        33.6800         34.7667
  67  12.1470    38.1933        33.8600         35.2733
  68  12.0301    40.1800        33.9200         34.9467
  69  12.1438    40.9000        34.8733         34.5200
  70  12.4030    41.8867        34.4200         35.2067
  71  12.1923    42.2000        34.9600         35.5200
  72  12.2664    41.8267        35.2733         36.2400
  73  12.3009    41.6133        35.3267         36.0867
  74  12.2888    40.6533        35.4000         36.1400
  75  12.8974    41.3467        35.9000         36.3667
  76  12.2766    40.9133        35.5400         36.7333
  77  11.9854    41.0267        35.9467         37.3800
  78  12.1572    41.6933        36.4733         37.5267
  79  12.2620    42.0733        36.6800         37.6200
  80  13.0879    44.1133        36.5600         37.4067
----  -------  ---------  -------------  --------------
  ep     time    Val-acc    SWA-val-acc    ASWA-val-acc
----  -------  ---------  -------------  --------------
  81  12.2448    44.3667        36.8533         38.0667
  82  12.0784    43.8667        37.3200         38.2400
  83  11.9740    43.8400        37.3200         38.0267
  84  12.1610    44.2600        37.0933         38.5400
  85  12.1875    44.3933        37.5800         38.6733
  86  12.2392    45.3200        37.7200         38.8467
  87  12.2990    46.1400        37.7867         39.3133
  88  12.1542    45.9267        38.6600         39.0333
  89  12.1749    47.0933        38.3467         38.9800
  90  12.1604    46.7333        38.2800         39.2467
  91  12.0709    44.8733        38.1600         39.6600
  92  12.1850    45.5800        38.3933         39.7200
  93  12.0627    47.7133        39.0267         40.0333
  94  12.2074    45.1800        39.0400         40.1000
  95  12.0166    44.5133        39.5067         40.2333
  96  11.9847    47.0400        39.1533         40.4467
  97  12.0327    46.9467        39.4000         41.1733
  98  11.8976    46.0733        39.7800         40.8533
  99  12.5106    46.7200        39.4667         40.8600
 100  12.5506    47.9000        39.7000         40.9533
 101  12.4835    46.5933        39.9667         41.6733
 102  12.4486    47.9467        40.0133         41.4133
 103  12.0200    47.8933        40.4733         41.8867
 104  12.1890    47.8667        40.0133         41.5933
 105  12.3070    47.1200        40.6000         41.7600
 106  12.2201    46.0933        40.3867         41.5400
 107  12.1392    46.3133        40.9400         42.2267
 108  12.6580    46.6600        40.8067         42.2200
 109  12.4905    46.8667        40.9600         42.9200
 110  12.3551    48.2267        41.2600         42.5800
 111  11.9938    48.1600        41.2400         42.5733
 112  12.1758    49.4267        41.5133         42.6200
 113  12.2694    50.0400        41.5133         43.3667
 114  12.1609    50.6800        41.6467         42.7933
 115  12.3014    49.7733        41.7133         43.1600
 116  12.0635    49.1000        42.1267         43.3533
 117  12.3069    49.3933        41.7133         43.9133
 118  12.3098    49.6400        41.8400         43.8800
 119  11.9376    50.4400        42.3733         44.1267
 120  12.3906    50.2000        42.5067         43.8667
----  -------  ---------  -------------  --------------
  ep     time    Val-acc    SWA-val-acc    ASWA-val-acc
----  -------  ---------  -------------  --------------
 121  13.2845    49.6533        42.5267         44.2000
 122  14.0394    50.0133        42.5000         44.5400
 123  13.6346    50.2000        42.9200         44.2867
 124  13.3627    49.8133        42.8267         44.4000
 125  13.6834    51.9200        42.9000         44.6733
 126  13.0737    51.3800        43.2000         44.5533
 127  13.1392    50.0333        43.1333         45.1067
 128  12.9617    49.9067        43.1133         44.9933
 129  13.1265    52.1400        43.1467         45.0467
 130  12.9635    52.1133        43.8133         45.4133
 131  12.3257    50.6000        43.4667         45.3667
 132  12.0775    49.9533        43.8733         45.8667
 133  12.4117    51.1200        44.0067         45.8933
 134  12.5432    52.2067        43.7467         45.8533
 135  12.7439    52.2667        44.1267         46.4267
 136  13.5136    52.1733        44.3400         46.2067
 137  12.9406    51.0067        44.3067         46.3133
 138  12.9138    52.3533        44.8200         46.5133
 139  13.1344    53.5733        44.3733         46.4533
 140  12.4660    53.3467        44.9267         46.4533
 141  12.2540    51.5200        44.7333         46.8800
 142  12.2456    49.8733        45.2267         46.8133
 143  12.2215    50.6800        44.9067         47.1600
 144  12.3577    52.0667        45.2800         47.1400
 145  12.1308    53.4533        44.9400         47.0667
 146  12.2174    54.5133        45.4333         47.5533
 147  13.8244    54.7333        45.4267         47.4333
 148  14.2630    54.6200        45.4133         47.5000
 149  14.1795    52.7933        45.2600         47.8733
 150  12.4717    53.4467        45.7533         47.7800
 151  12.1858    54.5467        45.2867         48.2933
 152  12.5614    54.5133        45.6733         47.7200
 153  12.1876    53.7467        46.2000         47.9933
 154  11.9641    53.6067        46.2533         48.5733
 155  12.3136    53.9133        46.2667         48.4400
 156  12.1905    54.5800        46.3667         48.6667
 157  12.2589    55.1600        46.2200         48.9200
 158  12.3964    56.1067        46.2467         49.1400
 159  12.7399    55.6200        46.2200         48.6533
 160  12.1367    54.3667        46.6533         48.8800
----  -------  ---------  -------------  --------------
  ep     time    Val-acc    SWA-val-acc    ASWA-val-acc
----  -------  ---------  -------------  --------------
 161  12.5623    53.9867        46.9933         49.2400
 162  12.6820    53.2733        47.0733         49.0067
 163  12.1690    52.4333        47.1600         49.3067
 164  12.2108    51.6667        46.9200         49.3333
 165  11.9611    51.9200        47.0133         50.0533
 166  12.1503    52.7733        47.0133         49.5467
 167  12.0472    54.7533        46.8400         49.7400
 168  12.1324    55.1200        47.4800         49.6200
 169  11.8703    56.6800        47.2800         49.9800
 170  12.2883    56.9467        47.3067         50.0867
 171  12.1676    55.8067        47.4333         50.0067
 172  12.3490    56.3000        47.7333         50.0067
 173  11.8237    56.5267        47.4933         50.3067
 174  12.1174    55.6133        47.5667         50.2400
 175  12.6312    55.2400        47.8867         50.9533
 176  11.8120    55.9933        47.8667         50.5933
 177  12.2363    57.2000        47.4867         50.9667
 178  11.9457    56.8000        48.2600         50.7000
 179  12.1225    55.2533        48.0600         50.7867
 180  12.0441    55.2600        48.4333         50.9000
 181  11.9567    56.0267        48.3400         50.9333
 182  12.1670    55.4600        48.3067         51.3200
 183  11.9440    54.8533        49.0733         51.8400
 184  12.1967    55.4600        48.5400         51.1067
 185  11.9090    56.3067        48.5867         51.4933
 186  12.0778    56.4933        48.6867         51.0933
 187  12.3521    57.0133        48.6333         51.2467
 188  12.2438    56.8800        48.9600         51.5400
 189  12.4394    56.1867        49.2333         52.2733
 190  12.6930    55.2000        48.7733         51.7933
 191  12.1895    55.2267        49.0133         51.6867
 192  11.9349    54.8000        49.0067         51.8933
 193  12.3965    56.0133        49.1467         52.1533
 194  12.2122    55.5533        49.3733         52.3200
 195  11.9819    54.9267        49.7067         52.5867
 196  11.9080    55.6933        49.6733         52.2667
 197  12.3575    56.9867        49.4000         52.2467
 198  12.1061    58.1667        49.2000         52.8467
 199  12.1495    57.9933        49.8600         52.6400
 200  12.5651    57.2400        49.8000         52.9800
Running model Train:  {'loss': 1.0717551745006015, 'accuracy': 61.15714285714285}
Runing model Val: {'loss': 1.137223024749756, 'accuracy': 59.093333333333334}
Running model Test: {'loss': 1.1318356901168822, 'accuracy': 59.64}
SWA Train:  {'loss': 1.3308528572899954, 'accuracy': 51.074285714285715}
SWA Val: {'loss': 1.3526846062342326, 'accuracy': 49.75333333333333}
SWA Test: {'loss': 1.3429729024887085, 'accuracy': 50.629999999999995}
ASWA Train:  {'loss': 1.245410812486921, 'accuracy': 54.20857142857143}
ASWA Val: {'loss': 1.2754038455327352, 'accuracy': 52.666666666666664}
ASWA Test: {'loss': 1.270221227836609, 'accuracy': 53.669999999999995}
