Preparing directory CIFAR10_VGG19_50E
Using model VGG19
Loading dataset: CIFAR10
Files already downloaded and verified
Files already downloaded and verified
Preparing model
SWA and ASWA training
----  ------  ---------  -------------  --------------
  ep    time    Val-acc    SWA-val-acc    ASWA-val-acc
----  ------  ---------  -------------  --------------
   1  6.7870    14.5267        14.3467         14.1467
   2  5.4151    13.7867        15.2533         15.3533
   3  5.1085    10.5400        10.0400         10.0800
   4  5.9470    10.7200         9.9267          9.8800
   5  5.0520    10.2400         9.6667         10.4067
   6  4.8999    10.1467        10.5733         10.8067
   7  5.4177     9.5800        10.6400         10.6200
   8  5.1850     8.2400        10.3200         10.3000
   9  5.0537     7.5067         9.6333          9.4200
  10  4.9336     9.7667         8.8867          8.3533
  11  5.2383     9.9867         8.3333          8.5667
  12  5.3895     9.9867         8.6200          9.9733
  13  5.2832     9.9867         9.7333          9.9867
  14  5.0127     9.9867         9.9867          9.9867
  15  4.9400     9.9867         9.9867          9.9867
  16  5.1024     9.9867         9.9867          9.9867
  17  5.4524    13.0733         9.9867          9.9867
  18  5.3390    15.5067         9.9867          9.9867
  19  5.3197    15.7600         9.9867          9.9867
  20  5.2206    15.9600         9.9867         10.7000
  21  4.8520    15.9800         9.9867         13.7733
  22  4.9900    15.9800         9.9933         14.6933
  23  5.3506    15.8533        10.0267         15.0667
  24  5.0877    15.6467        10.6800         15.3800
  25  5.4320    16.0000        11.8533         15.4600
  26  5.3783    16.0600        12.8333         15.5533
  27  5.2366    15.9200        13.3667         15.6667
  28  5.5419    15.7200        13.8333         15.7067
  29  5.1655    15.8200        14.3000         15.7600
  30  5.0455    16.1267        14.4267         15.7400
  31  5.0819    16.1133        14.6000         15.8133
  32  5.0951    16.0933        14.7533         15.8667
  33  5.0582    15.9933        14.9133         15.8800
  34  5.1670    16.1133        15.0600         15.9000
  35  4.9185    16.1133        15.0533         15.8933
  36  5.2664    16.1000        15.1800         15.8933
  37  5.0189    15.8667        15.3267         15.9933
  38  5.0937    15.9933        15.3067         15.9800
  39  5.2236    16.0133        15.3800         15.9267
  40  5.2950    16.0000        15.4133         15.9200
----  ------  ---------  -------------  --------------
  ep    time    Val-acc    SWA-val-acc    ASWA-val-acc
----  ------  ---------  -------------  --------------
  41  5.1609    16.6933        15.4667         16.0667
  42  4.9920    16.4867        15.5267         16.0200
  43  5.0680    16.8933        15.5667         16.0933
  44  5.2885    17.1667        15.6000         16.1000
  45  5.0378    17.6533        15.6400         16.1333
  46  5.0735    18.4067        15.7467         16.0133
  47  5.0615    17.6133        15.6800         16.0400
  48  5.2087    17.2467        15.6867         16.2067
  49  4.9876    17.4067        15.8800         16.0533
  50  5.4313    17.3400        15.8200         16.0800
Running model Train:  {'loss': 2.0883830214909143, 'accuracy': 17.285714285714285}
Runing model Val: {'loss': 2.0886983912150066, 'accuracy': 17.34}
Running model Test: {'loss': 2.0883419231414795, 'accuracy': 17.150000000000002}
SWA Train:  {'loss': 2.1844171313149587, 'accuracy': 15.98857142857143}
SWA Val: {'loss': 2.187435510635376, 'accuracy': 15.706666666666665}
SWA Test: {'loss': 2.184336592102051, 'accuracy': 16.38}
ASWA Train:  {'loss': 2.154453439658029, 'accuracy': 16.445714285714285}
ASWA Val: {'loss': 2.1560460220336912, 'accuracy': 16.08}
ASWA Test: {'loss': 2.153801127624512, 'accuracy': 16.650000000000002}
