Preparing directory CIFAR10_VGG19_25E
Using model VGG19
Loading dataset: CIFAR10
Files already downloaded and verified
Files already downloaded and verified
Preparing model
SWA and ASWA training
----  ------  ---------  -------------  --------------
  ep    time    Val-acc    SWA-val-acc    ASWA-val-acc
----  ------  ---------  -------------  --------------
   1  7.2910    14.5600        14.3600         14.1333
   2  5.3383    13.6667        15.2000         15.2467
   3  5.2067    10.7200        10.0333         10.0667
   4  5.7810    10.7600         9.9200          9.8067
   5  4.8328    10.2667         9.6267         10.3267
   6  5.2458    10.1600        10.4467         10.7667
   7  4.8766     9.2400        10.3867         10.5333
   8  4.9710     8.0933        10.0067         10.0733
   9  4.6628     7.7400         9.3733          9.3600
  10  5.1339     9.7667         8.7800          8.4667
  11  4.9391     9.6133         8.2933          7.9067
  12  4.9652     9.8267         8.4000          9.3067
  13  5.1566     9.9800         9.3600          9.3267
  14  5.0459     9.9867         9.7600          9.4600
  15  5.8394     9.9867         9.8933          9.7733
  16  5.9619     9.9867         9.9800          9.9800
  17  6.2772     9.9733         9.9800          9.9867
  18  6.3413    14.8733         9.9867          9.9867
  19  6.0516    15.7067         9.9867          9.9867
  20  6.2261    15.9733         9.9867          9.9800
  21  5.9962    15.9867         9.9867         10.1533
  22  5.2613    15.9933         9.9867         12.8867
  23  4.9778    15.8133        10.0067         14.2200
  24  5.3107    15.5867        10.2800         14.6800
  25  5.3606    15.9533        11.1600         15.0133
Running model Train:  {'loss': 2.181336281367711, 'accuracy': 16.34}
Runing model Val: {'loss': 2.184227190653483, 'accuracy': 16.04}
Running model Test: {'loss': 2.1797784225463865, 'accuracy': 16.53}
SWA Train:  {'loss': 2.236687058040074, 'accuracy': 11.24}
SWA Val: {'loss': 2.238010459645589, 'accuracy': 11.133333333333335}
SWA Test: {'loss': 2.2356186573028562, 'accuracy': 11.32}
ASWA Train:  {'loss': 2.1999556852613176, 'accuracy': 15.32}
ASWA Val: {'loss': 2.201773579279582, 'accuracy': 15.046666666666667}
ASWA Test: {'loss': 2.199160034561157, 'accuracy': 15.52}
