Preparing directory CIFAR10_VGG16BN_300E
Using model VGG16BN
Loading dataset: CIFAR10
Files already downloaded and verified
Files already downloaded and verified
Preparing model
SWA and ASWA training
----  -------  ---------  -------------  --------------
  ep     time    Val-acc    SWA-val-acc    ASWA-val-acc
----  -------  ---------  -------------  --------------
   1  15.3939    10.0867        11.8067         12.1800
   2  12.7719    10.3800        13.6733         13.1800
   3  11.8173     9.7733        15.1133         15.0800
   4  12.4162     9.7733        15.6000         15.6333
   5  12.1881     9.7733        16.7733         16.9000
   6  12.6403    10.4600        17.4733         17.7267
   7  12.3110     9.4600        18.7133         18.7400
   8  10.9988     9.4867        18.6867         19.4867
   9  10.2642     9.4867        18.4733         19.3333
  10  10.6628     9.4867        18.9667         18.9000
  11  10.3162     9.4867        19.3800         19.3467
  12  11.2671     9.4867        19.4200         19.1867
  13  10.4396     9.4867        19.3133         19.4800
  14  10.9586     9.4867        19.7800         19.5133
  15  10.8144     9.5267        20.1000         19.6667
  16  10.4494     9.6400        20.0333         20.5000
  17  10.8062    10.1333        20.0000         20.3800
  18  10.2898    10.7733        20.6400         20.6867
  19  10.6584    11.6000        20.8200         21.4467
  20  11.2763    12.4333        20.9800         21.1067
  21  10.6655    13.3333        21.3733         21.8667
  22  10.5972    13.7933        22.0600         21.6400
  23  10.9391    14.1800        22.2333         22.0400
  24  10.5044    14.4533        22.2000         22.4733
  25  11.2126    14.6867        22.7467         22.3067
  26  10.8197    14.9267        23.0267         23.1200
  27  10.5185    15.3867        23.3733         23.5467
  28  11.0952    16.1267        23.5333         23.8533
  29  10.6813    17.6867        23.6533         24.0733
  30  11.4951    18.9933        24.0667         24.1800
  31  10.2126    20.1467        24.3400         24.4000
  32  10.6405    20.9400        24.3733         24.9467
  33  10.5017    21.5133        24.3067         25.1867
  34  11.1992    22.2133        25.0000         25.3067
  35  10.6790    22.7800        24.8733         26.0067
  36  11.0430    23.0800        25.6000         26.0467
  37  10.7133    23.5533        25.7267         26.1533
  38  10.6885    24.2933        25.5600         26.2133
  39  10.3623    24.9133        25.9867         26.4467
  40  11.0172    25.4600        25.9733         26.8067
----  -------  ---------  -------------  --------------
  ep     time    Val-acc    SWA-val-acc    ASWA-val-acc
----  -------  ---------  -------------  --------------
  41  10.7204    26.3800        26.7867         26.7933
  42  11.2827    26.1133        26.7533         27.4333
  43  10.8197    25.5400        26.8067         27.5533
  44  11.0203    24.0933        27.1200         28.1133
  45  10.4944    23.9333        27.6867         28.6000
  46  11.1181    24.8667        27.8333         28.6600
  47  10.5353    27.2267        28.2867         28.9867
  48  10.9453    29.6867        28.5467         29.2400
  49  10.7397    32.5667        28.6933         29.2667
  50  10.7024    33.6400        29.0533         30.0333
  51  10.9604    34.4000        29.2600         29.9800
  52  10.7556    34.0933        29.6733         30.1200
  53  10.7318    33.1667        29.8467         31.0000
  54  10.6301    31.9000        30.1067         31.1667
  55  10.9249    30.9800        30.5000         31.7800
  56  11.7052    32.2667        30.8200         31.5800
  57  13.4393    34.1133        31.0933         32.2800
  58  12.2175    34.7200        31.4533         32.3000
  59  12.1423    35.1400        31.4733         32.9200
  60  12.2037    35.6667        31.7667         32.6867
  61  11.8474    35.4600        31.7533         33.0200
  62  12.2842    35.4533        32.2800         33.3733
  63  12.4418    35.1467        32.5733         33.9667
  64  12.5850    37.3533        32.6133         33.8267
  65  12.6144    39.0267        33.0733         33.9667
  66  12.3189    40.3533        33.6333         34.4200
  67  12.0244    40.8400        33.1467         34.3867
  68  12.3361    41.1333        33.3733         34.6533
  69  11.9469    40.7200        33.8133         35.4600
  70  12.5540    40.8267        34.2867         35.1400
  71  12.2635    39.4267        34.1667         35.1867
  72  12.3315    39.2600        34.3533         35.7733
  73  12.1237    39.9533        34.8467         35.8467
  74  12.2040    42.8000        34.9200         36.1467
  75  12.6049    42.3400        35.1600         35.8933
  76  12.2153    41.6333        35.0067         36.3133
  77  12.1471    41.0067        35.8267         36.6800
  78  12.0424    41.2400        35.7600         37.2133
  79  12.0071    41.6800        35.8800         37.2400
  80  12.6060    41.9533        35.7467         36.8400
----  -------  ---------  -------------  --------------
  ep     time    Val-acc    SWA-val-acc    ASWA-val-acc
----  -------  ---------  -------------  --------------
  81  12.2376    41.6333        35.9533         37.5267
  82  12.2358    41.2333        36.2800         37.3467
  83  13.1501    42.0333        36.4800         37.6000
  84  12.1673    43.2867        36.6467         37.8267
  85  12.4941    44.3733        36.8733         38.0000
  86  12.1266    44.9000        36.6533         38.6600
  87  12.4708    44.2400        36.8733         38.2667
  88  12.4085    44.0267        37.4600         38.6467
  89  11.7786    45.2800        37.4400         39.2667
  90  12.5127    45.7667        37.7933         39.0533
  91  12.5208    46.1533        38.2867         39.0933
  92  12.5630    46.8133        38.4867         39.0000
  93  11.9662    47.2467        38.1133         39.3133
  94  12.6364    47.9000        37.9733         39.1533
  95  12.4972    47.4467        38.4667         39.3000
  96  12.3275    46.1267        38.4333         39.7067
  97  12.5896    47.0333        38.7200         39.7867
  98  12.2160    47.3733        38.8333         39.9867
  99  12.0236    47.7333        38.9533         40.5400
 100  12.9512    48.1867        38.7000         40.7400
 101  12.1128    47.2600        38.9800         40.7067
 102  12.0844    46.5467        38.7533         40.6267
 103  11.9074    47.6467        39.3600         40.9467
 104  11.9772    48.3800        39.9867         40.9667
 105  12.2341    48.3267        39.8800         41.6133
 106  12.5079    47.4333        39.8867         41.4000
 107  12.4615    48.6467        39.6667         41.5533
 108  12.4053    49.9933        40.0867         41.6667
 109  11.9240    49.3933        40.2867         42.1667
 110  12.8364    49.5867        40.3867         41.7667
 111  12.6531    49.1667        40.7667         42.0867
 112  12.0740    49.2000        40.6933         42.2200
 113  12.7296    49.7600        40.7733         42.8267
 114  11.9161    50.3867        40.8733         42.3400
 115  12.1319    51.4733        41.2667         42.7867
 116  12.1857    51.1267        41.1200         42.8600
 117  12.4332    51.1867        41.0533         43.2600
 118  11.8765    50.6533        41.6000         42.9067
 119  12.2486    49.5667        41.6800         43.6200
 120  12.5681    49.8467        41.7400         43.5000
----  -------  ---------  -------------  --------------
  ep     time    Val-acc    SWA-val-acc    ASWA-val-acc
----  -------  ---------  -------------  --------------
 121  12.4607    48.3667        41.6600         43.9533
 122  12.5054    47.5267        42.0533         44.0333
 123  12.0958    48.9733        42.0867         43.9200
 124  12.2467    50.4733        42.2467         44.0667
 125  12.9196    52.0200        42.3800         44.0933
 126  12.3823    52.6733        42.6000         43.9667
 127  12.2927    53.2467        42.4400         44.3867
 128  12.0920    52.0867        42.4667         44.9667
 129  12.5690    50.9933        42.7133         45.0400
 130  11.9174    50.8600        42.4867         45.2200
 131  11.7515    51.4600        42.8600         44.6533
 132  12.4385    52.9133        43.0600         44.7333
 133  12.0900    53.2867        43.0933         45.1667
 134  12.1306    53.1400        43.1667         45.4667
 135  11.8857    52.7467        43.2867         45.4267
 136  11.9381    52.2000        43.7467         45.9467
 137  11.7968    53.1867        43.6733         45.6933
 138  13.2695    53.9333        43.4400         45.4733
 139  12.3217    54.5400        43.9000         46.1733
 140  12.1533    53.7000        44.3333         45.8800
 141  12.0111    53.6733        43.8000         46.2267
 142  11.8161    54.0667        44.4200         46.7133
 143  12.8267    54.3467        44.3667         46.4133
 144  12.8401    54.9800        44.6333         46.5667
 145  12.1110    55.1133        44.2133         46.6000
 146  11.8912    53.9600        44.7467         46.9467
 147  12.6077    52.8200        44.5267         47.0000
 148  12.2000    52.7067        44.8733         47.0333
 149  12.2512    53.2533        44.8600         47.2267
 150  12.7903    55.2933        45.0600         47.7800
 151  12.4899    54.3133        45.1333         47.8733
 152  12.3423    53.0067        45.3667         47.5067
 153  12.0697    51.5467        44.9067         47.5667
 154  12.1030    52.0267        45.6000         47.6867
 155  11.7360    53.5733        45.6600         47.6333
 156  12.3111    55.0867        45.8000         48.0133
 157  11.9640    55.9467        45.6800         48.4000
 158  10.4584    56.3133        46.0800         48.1867
 159  10.2231    54.3067        45.6400         48.3600
 160  10.5253    53.9933        46.2133         48.6467
----  -------  ---------  -------------  --------------
  ep     time    Val-acc    SWA-val-acc    ASWA-val-acc
----  -------  ---------  -------------  --------------
 161  10.1262    55.4067        46.7133         48.8733
 162  10.5643    56.4467        45.9200         48.7333
 163  10.4195    56.1733        46.1067         48.5400
 164  10.5091    56.6667        46.6200         49.1600
 165  10.8313    56.7933        46.3867         49.0933
 166  10.3831    56.9933        46.9333         49.2333
 167  10.3594    57.3533        46.6933         49.4467
 168  11.0206    55.7067        46.7867         49.7333
 169  10.6268    55.3800        46.9867         49.5800
 170  10.1149    56.2800        47.7667         49.8867
 171  10.7090    56.9933        47.1067         49.2600
 172  10.2638    56.9733        47.3733         50.1533
 173  10.4454    57.0000        47.0133         50.1667
 174  10.5582    56.6067        47.5933         50.1133
 175  10.6856    54.7533        47.7400         50.3133
 176  10.1268    55.0800        47.7533         50.6000
 177  10.3578    56.9333        47.3400         50.5267
 178  10.4009    57.6467        48.0533         50.5733
 179  10.3659    57.6200        48.1067         50.5067
 180  10.8640    55.6667        48.2800         51.4200
 181  11.4628    54.6000        48.5000         51.1467
 182  10.6766    52.7667        48.3200         50.6600
 183  10.9851    53.2400        48.5133         50.7333
 184  10.4594    54.7533        47.9667         50.9867
 185  10.8705    56.4600        48.2800         51.6000
 186  10.5932    57.6600        48.4000         51.4267
 187  10.1135    58.3133        48.1067         51.2667
 188  11.0797    56.4600        48.3800         51.8000
 189  11.0340    56.7267        48.7400         51.7400
 190  10.1507    58.1733        48.8267         51.6200
 191  10.4588    58.3333        49.2267         51.6733
 192  11.0906    58.2533        49.1733         51.7267
 193  10.4655    58.2867        49.2667         52.0467
 194  10.6022    57.3333        48.9533         52.5000
 195  10.8374    57.6733        49.5867         52.2733
 196  11.3840    58.4067        49.3800         52.4400
 197  11.1720    58.9667        49.7200         52.2800
 198  11.0110    59.6733        49.7667         52.4533
 199  10.8679    59.8333        49.6800         52.2600
 200  11.5218    60.2800        49.9067         52.9933
----  -------  ---------  -------------  --------------
  ep     time    Val-acc    SWA-val-acc    ASWA-val-acc
----  -------  ---------  -------------  --------------
 201  10.6622    59.5533        50.1667         52.4533
 202  10.7127    60.4867        50.1267         53.4933
 203  10.6497    59.4133        49.9200         52.6533
 204  10.5495    59.5667        49.7800         52.8267
 205  10.4557    59.4800        49.8600         52.7800
 206  10.6207    59.8533        50.4467         53.2067
 207  10.6708    59.2600        50.3733         53.5000
 208  10.8021    57.6133        49.9533         53.4200
 209  10.7539    57.0667        50.5800         53.1067
 210  10.6602    57.7333        49.9800         53.8867
 211  10.9147    58.2867        50.6867         53.7733
 212  10.6910    58.4200        50.6600         54.1600
 213  10.3888    58.9800        50.8267         53.8067
 214  11.1955    57.4933        51.1467         54.2733
 215  10.8130    57.0600        50.7600         53.8400
 216  10.6399    56.9800        50.8667         54.2467
 217  11.5611    59.3533        50.6400         54.3600
 218  10.4682    59.8267        51.1133         53.7933
 219  10.1510    59.8133        50.5667         54.4667
 220  10.9116    59.8667        51.2933         54.3600
 221  10.7888    60.2333        51.3933         54.8200
 222  11.1393    60.8467        51.5000         54.4867
 223  12.2414    60.2533        51.5333         54.6400
 224  12.7293    60.2533        51.5267         54.4667
 225  13.9132    61.1133        52.1200         54.6933
 226  12.8016    61.8400        51.3800         55.0667
 227  13.0452    61.0067        51.6400         54.8200
 228  12.4941    59.5333        51.8200         55.0800
 229  12.6582    56.9800        52.0933         54.8133
 230  12.1108    56.7600        52.0333         55.3267
 231  12.9543    57.3467        51.8733         54.7933
 232  12.6211    58.7600        51.7533         55.3467
 233  13.1936    60.2333        52.3133         55.8667
 234  12.1177    59.9667        52.2000         55.4800
 235  11.5944    59.2600        52.2400         55.6267
 236  11.6566    59.2267        52.7133         55.9933
 237  10.5992    60.0133        52.6933         55.6333
 238  10.9790    61.1733        52.6667         55.4800
 239  11.8840    61.6200        53.0467         55.9933
 240  10.9541    61.3333        52.5267         56.1000
----  -------  ---------  -------------  --------------
  ep     time    Val-acc    SWA-val-acc    ASWA-val-acc
----  -------  ---------  -------------  --------------
 241  11.2817    61.0733        53.1000         55.5867
 242  11.3681    60.6067        53.2533         56.3267
 243  11.4956    59.8067        52.7200         55.8867
 244  11.5563    59.7000        52.8733         56.3400
 245  11.0886    60.5533        52.7000         56.4133
 246  11.4510    61.0000        52.7067         56.5667
 247  11.8117    60.5800        53.0733         56.1933
 248  11.8111    61.0467        53.0400         56.3667
 249  11.0284    60.6733        53.2400         56.4933
 250  11.8930    59.3400        53.2733         56.6600
 251  11.6823    57.9867        53.9800         56.7267
 252  11.6726    59.5867        53.7467         56.8400
 253  12.5678    61.0933        53.6267         56.5267
 254  11.1676    61.8667        53.6533         56.4800
 255  11.2544    60.8400        53.3067         56.8000
 256  11.2973    57.7867        53.7267         57.4400
 257  11.3603    56.5133        53.6333         57.1467
 258  11.5751    58.6200        53.6133         57.2667
 259  11.1992    60.9733        53.7533         57.1200
 260  11.1473    62.2400        54.3533         57.2333
 261  10.9799    61.3267        53.9733         57.1333
 262  11.4401    60.1000        54.2333         56.8867
 263  11.3004    60.4000        54.4000         57.1800
 264  10.9713    60.9000        53.8067         58.0867
 265  12.4945    62.0400        54.6667         57.3733
 266  12.8018    62.4000        54.6533         57.0733
 267  12.7702    62.3133        54.3800         57.8867
 268  12.2243    62.0867        53.9400         58.0133
 269  11.6133    62.5667        54.2333         57.9200
 270  11.1687    61.9933        54.6667         57.6267
 271  11.5067    61.6800        54.4867         57.8200
 272  11.5324    62.8600        54.9067         58.1200
 273  11.2783    63.6933        54.2733         57.9400
 274  11.0498    63.4267        55.0133         58.1067
 275  11.5838    62.9600        54.7467         58.1533
 276  11.1379    62.1867        54.7867         58.2067
 277  11.2198    62.2067        55.0733         57.8933
 278  11.2854    62.5933        54.6333         57.9200
 279  11.3142    62.3467        54.9200         58.4667
 280  11.7812    62.7267        55.3333         58.3933
----  -------  ---------  -------------  --------------
  ep     time    Val-acc    SWA-val-acc    ASWA-val-acc
----  -------  ---------  -------------  --------------
 281  11.8747    63.0067        54.6200         58.1867
 282  11.4676    62.2533        55.0533         58.2400
 283  11.3650    61.5867        55.2867         58.2667
 284  11.2891    61.5600        55.0333         58.5200
 285  11.4973    62.7000        55.2267         58.2467
 286  12.9285    62.8933        55.2667         58.8400
 287  12.5177    62.3067        55.3733         58.5533
 288  12.8190    62.3600        55.6067         58.6733
 289  12.0380    63.1733        55.5200         58.4733
 290  11.9932    63.3800        55.6533         59.0200
 291  11.8334    63.7867        55.5467         58.6600
 292  12.1432    63.5467        55.8600         59.0133
 293  12.0358    63.7467        55.4467         59.1867
 294  11.7126    64.1200        55.8867         59.1867
 295  11.5521    63.7867        55.9733         58.8867
 296  11.3448    64.4600        56.0800         59.7000
 297  11.2177    64.0533        55.7867         59.1267
 298  11.8448    63.1867        55.8600         59.2467
 299  11.5152    62.0867        55.9867         59.5733
 300  11.4567    63.7133        56.0467         59.4800
Running model Train:  {'loss': 0.8749622833388192, 'accuracy': 68.41428571428571}
Runing model Val: {'loss': 0.9861618834177653, 'accuracy': 64.97333333333334}
Running model Test: {'loss': 0.9663237552642823, 'accuracy': 65.49000000000001}
SWA Train:  {'loss': 1.16030407169887, 'accuracy': 58.17428571428571}
SWA Val: {'loss': 1.1989097752888997, 'accuracy': 56.26}
SWA Test: {'loss': 1.1926603534698486, 'accuracy': 56.61000000000001}
ASWA Train:  {'loss': 1.0537064943041121, 'accuracy': 61.91142857142857}
ASWA Val: {'loss': 1.11217889251709, 'accuracy': 59.61333333333333}
ASWA Test: {'loss': 1.111956812095642, 'accuracy': 60.11}
