Preparing directory CIFAR10_VGG16BN_20E
Using model VGG16BN
Loading dataset: CIFAR10
Files already downloaded and verified
Files already downloaded and verified
Preparing model
SWA and ASWA training
----  -------  ---------  -------------  --------------
  ep     time    Val-acc    SWA-val-acc    ASWA-val-acc
----  -------  ---------  -------------  --------------
   1  11.6913     9.8133        11.4267         11.2800
   2  9.8971    10.1267        15.6533         15.5267
   3  9.3547    13.4133        15.9267         15.8467
   4  9.3009    10.7867        18.2533         18.4400
   5  9.2376    13.6733        18.4933         18.8600
   6  9.1729    16.4667        18.6000         18.5733
   7  9.4572    18.2600        18.8333         18.9667
   8  9.2387    18.9933        19.6600         19.5733
   9  9.2018    17.7067        20.1933         20.3200
  10  9.3714    16.5867        21.4600         21.1933
  11  9.3275    17.8133        21.9333         22.4000
  12  9.2465    18.4533        22.9667         22.6867
  13  9.0674    16.4133        23.3733         23.5467
  14  9.2933    20.1867        23.9867         23.8733
  15  9.3236    22.1333        24.5867         24.1067
  16  9.4334    23.8333        24.8667         24.4333
  17  9.3608    24.6467        25.2467         25.0133
  18  9.4765    24.3133        25.8467         25.8800
  19  9.2885    23.4200        26.2533         26.4067
  20  9.4779    22.5133        27.4000         27.1200
Running model Train:  {'loss': 1.7686744796207974, 'accuracy': 27.57428571428571}
Runing model Val: {'loss': 1.7677891677220663, 'accuracy': 27.286666666666665}
Running model Test: {'loss': 1.7692277181625367, 'accuracy': 27.529999999999998}
SWA Train:  {'loss': 1.8378576230185373, 'accuracy': 27.622857142857143}
SWA Val: {'loss': 1.8298310370763142, 'accuracy': 27.313333333333333}
SWA Test: {'loss': 1.834257034301758, 'accuracy': 27.91}
ASWA Train:  {'loss': 1.836951432282584, 'accuracy': 27.27142857142857}
ASWA Val: {'loss': 1.8318863011042277, 'accuracy': 26.96}
ASWA Test: {'loss': 1.8275992176055909, 'accuracy': 28.09}
