Preparing directory CIFAR10_VGG19BN_20E
Using model VGG19BN
Loading dataset: CIFAR10
Files already downloaded and verified
Files already downloaded and verified
Preparing model
SWA and ASWA training
----  -------  ---------  -------------  --------------
  ep     time    Val-acc    SWA-val-acc    ASWA-val-acc
----  -------  ---------  -------------  --------------
   1  12.8105    10.0000        12.2400         12.1800
   2  10.3750     9.9867        14.0333         14.4267
   3  10.0251    10.0867        14.4200         14.3600
   4  10.2988    10.1267        15.8667         15.7733
   5  9.8758    11.0000        18.5200         18.6867
   6  10.1347     9.7733        18.0933         18.2267
   7  9.9598     9.2400        17.5933         17.6000
   8  10.5483     9.9800        18.1333         17.7867
   9  10.2146    11.2133        18.2867         18.5467
  10  10.1909    12.1867        18.8000         18.6600
  11  9.9121    11.7933        18.6867         18.8600
  12  10.2615    12.4467        19.1067         19.0267
  13  10.0108    13.3867        19.4000         19.1467
  14  10.0497    13.9533        19.1867         19.4133
  15  10.0416    13.8600        19.4200         20.4600
  16  9.9985    13.6667        19.3867         21.8067
  17  10.3715    13.0400        19.8467         22.5733
  18  10.4479    12.8333        20.6533         22.1800
  19  9.8766    13.4533        23.0533         21.3867
  20  10.9861    15.4667        22.7733         21.4867
Running model Train:  {'loss': 1.8777846093314035, 'accuracy': 20.78}
Runing model Val: {'loss': 1.8786859035491943, 'accuracy': 20.75333333333333}
Running model Test: {'loss': 1.8757289289474488, 'accuracy': 20.75}
SWA Train:  {'loss': 1.9127461606434413, 'accuracy': 23.0}
SWA Val: {'loss': 1.9072182954152426, 'accuracy': 22.80666666666667}
SWA Test: {'loss': 1.908935453414917, 'accuracy': 23.0}
ASWA Train:  {'loss': 1.8950936767850604, 'accuracy': 21.242857142857144}
ASWA Val: {'loss': 1.8896370014826456, 'accuracy': 21.34}
ASWA Test: {'loss': 1.893745608329773, 'accuracy': 21.21}
