Preparing directory CIFAR10_VGG16BN_50E
Using model VGG16BN
Loading dataset: CIFAR10
Files already downloaded and verified
Files already downloaded and verified
Preparing model
SWA and ASWA training
----  -------  ---------  -------------  --------------
  ep     time    Val-acc    SWA-val-acc    ASWA-val-acc
----  -------  ---------  -------------  --------------
   1  11.6606     9.8200        11.4200         11.2933
   2  10.3623    10.1267        15.6067         15.5467
   3  9.3180    13.8800        15.9933         15.8133
   4  9.4017    10.7600        18.2733         18.4467
   5  9.1884    12.0400        18.4067         18.7733
   6  9.2943    16.3000        18.6600         18.7200
   7  9.1774    18.6467        19.1467         19.3133
   8  9.0018    18.9200        20.1933         20.1400
   9  9.1213    18.6733        20.8533         21.3800
  10  9.1392    17.5333        22.2467         21.8400
  11  9.4478    16.8267        22.3600         22.7000
  12  9.1703    18.5600        22.8867         22.7867
  13  9.2649    17.7333        23.5667         23.8733
  14  9.3060    20.4600        23.9867         23.7867
  15  9.1251    23.0667        24.7533         24.3600
  16  8.9200    24.7533        25.0667         24.5867
  17  9.1855    24.9467        25.2733         25.1467
  18  9.3942    24.4467        25.8933         25.9133
  19  9.3133    23.9467        26.4333         26.3867
  20  9.0867    26.0200        27.3133         27.0867
  21  11.0168    27.0933        27.5533         28.1067
  22  10.8026    24.4533        28.3000         28.1667
  23  10.5242    22.8667        28.3400         28.3067
  24  10.3316    23.0600        29.0333         28.5667
  25  10.4944    23.9800        29.1067         29.0667
  26  9.9641    24.7267        29.5733         29.5467
  27  10.1705    26.0600        29.8467         29.6600
  28  10.3096    26.3067        29.6933         30.1000
  29  9.8625    28.1867        30.2333         30.5267
  30  11.5786    28.1600        30.4467         30.4800
  31  9.2343    26.4000        30.6533         30.9400
  32  9.1099    25.3533        31.2533         30.9467
  33  9.1600    26.0533        31.1000         31.1867
  34  8.9994    31.3800        31.4933         31.5000
  35  8.8791    31.9867        31.6667         31.7400
  36  9.4459    29.7267        32.0133         32.0600
  37  9.4433    29.6000        31.8200         32.3200
  38  9.2128    32.2133        32.2667         32.1400
  39  9.1767    33.4733        32.5600         32.7133
  40  9.4771    31.2333        32.8200         32.6400
----  ------  ---------  -------------  --------------
  ep    time    Val-acc    SWA-val-acc    ASWA-val-acc
----  ------  ---------  -------------  --------------
  41  9.7744    30.1467        32.9667         32.7267
  42  9.3384    32.2800        32.8000         32.9000
  43  9.3560    31.8533        33.0400         33.4200
  44  9.3021    32.1800        33.5533         33.9533
  45  9.0848    33.8067        33.5000         33.8067
  46  9.2151    34.8000        33.8267         34.1733
  47  9.2056    35.2467        34.0267         34.3867
  48  9.5122    33.9533        34.1800         34.8800
  49  8.9352    35.1000        34.3800         34.9400
  50  9.7675    37.5400        34.8800         35.3467
Running model Train:  {'loss': 1.5293735779081072, 'accuracy': 39.19428571428571}
Runing model Val: {'loss': 1.5405845841089885, 'accuracy': 38.913333333333334}
Running model Test: {'loss': 1.5374929487228393, 'accuracy': 39.35}
SWA Train:  {'loss': 1.639661140687125, 'accuracy': 34.760000000000005}
SWA Val: {'loss': 1.636172715250651, 'accuracy': 34.86}
SWA Test: {'loss': 1.6389408163070678, 'accuracy': 34.94}
ASWA Train:  {'loss': 1.6332515030452184, 'accuracy': 34.88285714285714}
ASWA Val: {'loss': 1.6303457263946532, 'accuracy': 35.42666666666667}
ASWA Test: {'loss': 1.6304369634628295, 'accuracy': 35.32}
