Preparing directory CIFAR10_VGG19BN_50E
Using model VGG19BN
Loading dataset: CIFAR10
Files already downloaded and verified
Files already downloaded and verified
Preparing model
SWA and ASWA training
----  -------  ---------  -------------  --------------
  ep     time    Val-acc    SWA-val-acc    ASWA-val-acc
----  -------  ---------  -------------  --------------
   1  15.7987    10.0200        12.3133         12.2733
   2  14.4902     9.9867        13.8333         14.0133
   3  14.0964    10.0867        14.4933         14.3733
   4  13.3879    10.1267        17.2000         17.0600
   5  13.0160    10.4733        17.5733         17.4800
   6  13.1158     9.7733        18.6067         19.4933
   7  13.3634     9.9800        17.5067         17.3800
   8  13.5280    10.2067        17.6467         17.8667
   9  13.0922    10.4267        17.9533         18.4000
  10  14.0715    10.5267        19.0000         18.9400
  11  13.0439    11.2200        18.5333         18.9800
  12  13.0083    11.4933        19.2200         18.7533
  13  13.8679    12.7733        19.1867         19.0333
  14  13.7070    13.7000        19.0667         19.4733
  15  13.9643    13.7733        20.0133         19.8067
  16  12.7906    12.9800        20.0200         20.3467
  17  14.1407    12.8400        20.6733         20.7867
  18  13.3104    12.9000        20.8133         20.7800
  19  13.6864    13.1867        21.2600         21.1400
  20  13.2738    14.7333        21.1267         21.8867
  21  12.9178    17.0000        21.6267         22.7133
  22  13.4431    17.8533        21.8133         22.1400
  23  13.8207    17.1733        21.5533         22.2667
  24  14.2536    15.5467        21.2600         22.4933
  25  14.4215    15.2800        21.4067         21.3000
  26  14.2005    15.0800        21.4600         21.4733
  27  13.5250    15.4800        21.5733         21.5933
  28  13.7489    14.9400        21.2933         21.6933
  29  14.3003    15.2267        21.4867         21.6800
  30  14.2652    15.6200        21.5733         21.8800
  31  13.7774    16.9000        21.5733         21.7533
  32  13.8848    17.0467        21.9133         22.1200
  33  13.2480    18.3533        21.9267         22.1400
  34  13.7107    19.2200        22.0533         22.1533
  35  13.2860    20.4667        22.0400         22.3000
  36  13.3705    21.1400        22.1467         22.4933
  37  13.6334    21.9333        22.1000         22.3867
  38  14.1765    22.3867        22.5133         22.4800
  39  13.1786    23.6200        22.3933         23.3533
  40  13.7730    23.1133        22.3867         23.0867
----  -------  ---------  -------------  --------------
  ep     time    Val-acc    SWA-val-acc    ASWA-val-acc
----  -------  ---------  -------------  --------------
  41  13.6871    20.8133        22.6400         23.0533
  42  13.3532    20.7267        22.7067         23.3000
  43  13.9577    20.9467        22.9733         23.1600
  44  13.5263    21.2467        22.7933         22.9933
  45  13.5380    22.1467        23.0267         23.2400
  46  13.5419    23.2400        22.8133         23.4533
  47  13.3372    23.0667        23.0000         23.7533
  48  14.2780    23.8133        23.1533         24.4600
  49  13.2882    26.2000        23.8867         24.3067
  50  14.7172    24.8733        24.0400         25.0133
Running model Train:  {'loss': 1.7752625852584838, 'accuracy': 26.311428571428568}
Runing model Val: {'loss': 1.7799072820663453, 'accuracy': 26.040000000000003}
Running model Test: {'loss': 1.7737915044784547, 'accuracy': 26.3}
SWA Train:  {'loss': 1.8301786658695767, 'accuracy': 24.017142857142858}
SWA Val: {'loss': 1.8274593765258789, 'accuracy': 23.906666666666666}
SWA Test: {'loss': 1.8261156740188598, 'accuracy': 24.42}
ASWA Train:  {'loss': 1.8164625180108207, 'accuracy': 24.66857142857143}
ASWA Val: {'loss': 1.813829442214966, 'accuracy': 24.279999999999998}
ASWA Test: {'loss': 1.8122688694000244, 'accuracy': 24.98}
