Preparing directory CIFAR10_VGG19BN_10
Using model VGG19BN
Loading dataset: CIFAR10
Files already downloaded and verified
Files already downloaded and verified
Preparing model
SWA and ASWA training
----  -------  ---------  -------------  --------------
  ep     time    Val-acc    SWA-val-acc    ASWA-val-acc
----  -------  ---------  -------------  --------------
   1  12.8445    10.0067        12.2333         12.1867
   2  10.6178     9.9867        14.0933         14.4333
   3  10.0053    10.0867        14.4600         14.3800
   4  10.5979    10.1267        15.5000         15.4600
   5  10.4514    10.5133        18.5933         18.6733
   6  10.0418     9.7733        18.1867         18.5933
   7  10.2994     9.0933        17.2867         17.5800
   8  10.1182     9.9333        17.7800         17.4000
   9  9.9248    11.9467        17.9200         18.3533
  10  9.8899    12.6600        18.9000         18.6467
Running model Train:  {'loss': 1.9690522043773107, 'accuracy': 17.577142857142857}
Runing model Val: {'loss': 1.958584260114034, 'accuracy': 18.293333333333333}
Running model Test: {'loss': 1.9593217306137085, 'accuracy': 17.86}
SWA Train:  {'loss': 2.043873905454363, 'accuracy': 18.942857142857143}
SWA Val: {'loss': 2.0416301072438556, 'accuracy': 18.53333333333333}
SWA Test: {'loss': 2.0411477191925047, 'accuracy': 19.2}
ASWA Train:  {'loss': 2.0193957002367293, 'accuracy': 18.854285714285716}
ASWA Val: {'loss': 2.0152724847157795, 'accuracy': 18.746666666666666}
ASWA Test: {'loss': 2.0142749561309814, 'accuracy': 19.17}
