Preparing directory CIFAR10_VGG19_20E
Using model VGG19
Loading dataset: CIFAR10
Files already downloaded and verified
Files already downloaded and verified
Preparing model
SWA and ASWA training
----  ------  ---------  -------------  --------------
  ep    time    Val-acc    SWA-val-acc    ASWA-val-acc
----  ------  ---------  -------------  --------------
   1  6.5711    10.1267        10.1267         10.1267
   2  4.3174     9.4867        10.5600         10.5867
   3  4.4414     9.4867         9.4867          9.4867
   4  4.7728     9.4867         9.4867          9.4867
   5  4.1191     9.4867         9.4867          9.4867
   6  4.1912     9.4867         9.4867          9.4867
   7  4.2271     9.4867         9.4867          9.4867
   8  4.4535     9.4867         9.4867          9.4867
   9  4.4386     9.4867         9.4867          9.4867
  10  4.5294     9.4867         9.4867          9.4867
  11  4.2857     9.7067         9.4867          9.4867
  12  4.3174     9.5133         9.4867          9.4867
  13  4.1949    11.4600         9.4867          9.4867
  14  4.1165     9.9200         9.4867          9.4867
  15  4.2854    10.0533         9.4867          9.9267
  16  4.2049    12.9267         9.4867         10.1133
  17  4.2696     9.8667         9.4867         11.7533
  18  4.3144    11.5533         9.4867         12.4067
  19  4.3283     9.6333         9.4867         11.4600
  20  4.0875     9.4867         9.4867         10.3200
Running model Train:  {'loss': 2.3034296919686454, 'accuracy': 10.217142857142857}
Runing model Val: {'loss': 2.3038283879597983, 'accuracy': 9.486666666666666}
Running model Test: {'loss': 2.3035451942443848, 'accuracy': 10.0}
SWA Train:  {'loss': 2.303910604095459, 'accuracy': 10.22}
SWA Val: {'loss': 2.3044307327270506, 'accuracy': 9.486666666666666}
SWA Test: {'loss': 2.3040657543182372, 'accuracy': 10.0}
ASWA Train:  {'loss': 2.3037712726593016, 'accuracy': 11.094285714285714}
ASWA Val: {'loss': 2.3042280625661213, 'accuracy': 10.406666666666666}
ASWA Test: {'loss': 2.3039045890808105, 'accuracy': 11.020000000000001}
