Preparing directory CIFAR10_VGG19_10E
Using model VGG19
Loading dataset: CIFAR10
Files already downloaded and verified
Files already downloaded and verified
Preparing model
SWA and ASWA training
----  ------  ---------  -------------  --------------
  ep    time    Val-acc    SWA-val-acc    ASWA-val-acc
----  ------  ---------  -------------  --------------
   1  6.7118    10.1267        10.1267         10.1267
   2  4.2273     9.4867        10.8867         10.9400
   3  4.5569     9.4867         9.4867          9.4867
   4  4.9066     9.4867         9.4867          9.4867
   5  4.1940     9.4867         9.4867          9.4867
   6  4.4045     9.4867         9.4867          9.4867
   7  4.4053     9.4867         9.4867          9.4867
   8  4.2723     9.4867         9.4867          9.4867
   9  4.3047     9.4867         9.4867          9.4867
  10  4.1028     9.4867         9.4867          9.4867
Running model Train:  {'loss': 2.304265388052804, 'accuracy': 10.22}
Runing model Val: {'loss': 2.3048341505686443, 'accuracy': 9.486666666666666}
Running model Test: {'loss': 2.304434628677368, 'accuracy': 10.0}
SWA Train:  {'loss': 2.3035128517695838, 'accuracy': 10.22}
SWA Val: {'loss': 2.3040285992940266, 'accuracy': 9.486666666666666}
SWA Test: {'loss': 2.303667319107056, 'accuracy': 10.0}
ASWA Train:  {'loss': 2.303989510563442, 'accuracy': 10.22}
ASWA Val: {'loss': 2.3045471609751385, 'accuracy': 9.486666666666666}
ASWA Test: {'loss': 2.3041560363769533, 'accuracy': 10.0}
