Preparing directory CIFAR10_VGG16BN_25E
Using model VGG16BN
Loading dataset: CIFAR10
Files already downloaded and verified
Files already downloaded and verified
Preparing model
SWA and ASWA training
----  -------  ---------  -------------  --------------
  ep     time    Val-acc    SWA-val-acc    ASWA-val-acc
----  -------  ---------  -------------  --------------
   1  11.3397     9.8067        11.4333         11.2667
   2  9.7232    10.1267        15.6733         15.5800
   3  9.6356    13.7133        15.9067         15.7333
   4  9.3304    10.4733        18.1533         18.5867
   5  9.1011    14.2533        18.5267         18.8267
   6  9.4631    16.8333        18.8333         18.7933
   7  9.3735    17.8333        19.2200         19.3600
   8  9.5742    17.5933        19.9400         19.8467
   9  9.5458    17.3133        20.7400         21.1733
  10  9.4012    17.0533        22.0333         22.0467
  11  9.7085    17.5333        22.4333         23.1200
  12  9.4571    17.9933        23.6200         23.4400
  13  9.8616    16.6400        23.6600         24.0667
  14  9.1299    19.3267        24.2400         24.2400
  15  9.2402    22.5133        24.7200         24.1600
  16  9.1842    23.7067        24.9067         24.7067
  17  9.4650    24.5333        25.2400         25.1533
  18  9.2778    23.9333        25.7267         25.8267
  19  9.3275    23.6200        26.2600         25.9933
  20  9.2580    22.7000        27.1667         26.4067
  21  9.7945    25.7067        27.4133         27.5200
  22  9.2604    27.8400        27.8133         27.9200
  23  9.2235    24.2467        27.9267         27.8200
  24  9.5192    24.4000        28.0200         28.0467
  25  9.5970    23.7133        28.5000         28.3000
Running model Train:  {'loss': 1.7218661716188703, 'accuracy': 29.974285714285713}
Runing model Val: {'loss': 1.7233258566538492, 'accuracy': 29.69333333333333}
Running model Test: {'loss': 1.726575881767273, 'accuracy': 29.37}
SWA Train:  {'loss': 1.790757506261553, 'accuracy': 28.599999999999998}
SWA Val: {'loss': 1.7842502128601074, 'accuracy': 28.80666666666667}
SWA Test: {'loss': 1.7853674909591675, 'accuracy': 29.060000000000002}
ASWA Train:  {'loss': 1.7916622102737427, 'accuracy': 28.45714285714286}
ASWA Val: {'loss': 1.7866786687215168, 'accuracy': 28.126666666666665}
ASWA Test: {'loss': 1.7854764163970946, 'accuracy': 28.89}
