Preparing directory CIFAR10_VGG16_10E
Using model VGG16
Loading dataset: CIFAR10
Files already downloaded and verified
Files already downloaded and verified
Preparing model
SWA and ASWA training
----  ------  ---------  -------------  --------------
  ep    time    Val-acc    SWA-val-acc    ASWA-val-acc
----  ------  ---------  -------------  --------------
   1  8.3143    10.0867        10.0867         10.0867
   2  5.9170    10.4467         9.9867         10.4467
   3  6.0879    10.4467        10.4467         10.4467
   4  6.5343    10.4467        10.4467         10.4467
   5  6.1015    10.4467        10.4467         10.4467
   6  5.8199    10.4467        10.4467         10.4467
   7  5.7717    10.4467        10.4467         10.4467
   8  6.1896    10.4467        10.4467         10.4467
   9  5.8849    10.5600        10.4467         10.4467
  10  6.0372     9.4867        10.4467         12.4600
Running model Train:  {'loss': 2.3027746420724053, 'accuracy': 10.222857142857142}
Runing model Val: {'loss': 2.3028670459747316, 'accuracy': 9.486666666666666}
Running model Test: {'loss': 2.3027963134765623, 'accuracy': 9.99}
SWA Train:  {'loss': 2.3026601542881555, 'accuracy': 9.80857142857143}
SWA Val: {'loss': 2.3026579825083413, 'accuracy': 10.446666666666667}
SWA Test: {'loss': 2.302657187652588, 'accuracy': 10.0}
ASWA Train:  {'loss': 2.3027439910888674, 'accuracy': 12.280000000000001}
ASWA Val: {'loss': 2.3028147103627523, 'accuracy': 12.306666666666667}
ASWA Test: {'loss': 2.3027598220825194, 'accuracy': 12.46}
