Preparing directory CIFAR10_VGG16_50E
Using model VGG16
Loading dataset: CIFAR10
Files already downloaded and verified
Files already downloaded and verified
Preparing model
SWA and ASWA training
----  ------  ---------  -------------  --------------
  ep    time    Val-acc    SWA-val-acc    ASWA-val-acc
----  ------  ---------  -------------  --------------
   1  6.8914    10.0867        10.0867         10.0867
   2  5.1942    10.4467         9.9867         10.4467
   3  5.2681    10.4467        10.4467         10.4467
   4  5.4944    10.4467        10.4467         10.4467
   5  5.1357    10.4467        10.4467         10.4467
   6  5.2032    10.4467        10.4467         10.4467
   7  5.0563    10.4467        10.4467         10.4467
   8  4.9364    10.4467        10.4467         10.4467
   9  5.0123    10.4467        10.4467         10.4467
  10  5.1415     9.4867        10.4467         12.3800
  11  5.0282     9.5200        10.4467          9.5600
  12  4.6562    12.9600        10.4467          9.5067
  13  4.7993     9.4867        10.4467          9.4867
  14  5.3443     9.4867        10.4467          9.4867
  15  4.9544    12.0733        10.4467          9.4800
  16  5.1759     9.4867        10.4467          9.4867
  17  5.1162     9.4867         9.9333          9.4867
  18  5.0162     9.4867         9.4867          9.4867
  19  5.3664    11.9267         9.4867          9.4867
  20  5.1783     9.4867         9.4867          9.4867
  21  5.6184     9.4867         9.4867          9.4867
  22  5.0719    14.1533         9.4867          9.8267
  23  4.8701    15.3600         9.4867         12.2200
  24  5.0467    14.4133         9.4867         13.2600
  25  5.7253    15.0800         9.4867         13.8067
  26  5.2543    15.4133         9.4867         14.3533
  27  5.2245    15.3067         9.4867         14.6067
  28  4.6682    15.3933         9.4867         14.7933
  29  4.8289    15.4600         9.4867         15.0467
  30  5.2960    15.5733         9.4867         15.1133
  31  5.6209    17.5600         9.4867         15.3000
  32  5.3002    17.7867         9.4867         15.4333
  33  5.3328    17.6533         9.4867         15.5333
  34  4.6545    16.5000         9.4867         15.7400
  35  5.3786    17.4667         9.5067         15.7667
  36  4.8122    16.6533         9.6067         15.9267
  37  5.6710    16.4533         9.8267         16.0400
  38  5.0687    17.7400        10.4600         15.9133
  39  4.7954    17.7000        11.3467         16.0400
  40  5.0881    15.9867        12.0400         16.0733
----  ------  ---------  -------------  --------------
  ep    time    Val-acc    SWA-val-acc    ASWA-val-acc
----  ------  ---------  -------------  --------------
  41  5.3838    15.4000        12.9133         17.4000
  42  5.2398    12.5733        13.6867         17.6200
  43  4.9047    13.9267        14.2667         17.5933
  44  5.5313    16.7267        14.4467         17.4867
  45  5.2090    18.0933        14.4533         17.4200
  46  5.2387    18.4000        14.5000         17.4467
  47  5.1839    16.6267        14.4933         17.4867
  48  5.3378    16.0400        14.4267         17.3067
  49  4.8595    15.9733        14.3000         17.5600
  50  5.4902    15.6867        14.2200         18.0133
Running model Train:  {'loss': 2.1607935517992294, 'accuracy': 16.01142857142857}
Runing model Val: {'loss': 2.162222366333008, 'accuracy': 15.78}
Running model Test: {'loss': 2.161013634490967, 'accuracy': 16.17}
SWA Train:  {'loss': 2.2846647971561977, 'accuracy': 14.757142857142858}
SWA Val: {'loss': 2.2851304161071777, 'accuracy': 14.26}
SWA Test: {'loss': 2.284611592102051, 'accuracy': 14.719999999999999}
ASWA Train:  {'loss': 2.256165761457171, 'accuracy': 18.06285714285714}
ASWA Val: {'loss': 2.257117918395996, 'accuracy': 17.9}
ASWA Test: {'loss': 2.2561606365203857, 'accuracy': 17.990000000000002}
