Preparing directory CIFAR10_VGG19_25E
Using model VGG19
Loading dataset: CIFAR10
Files already downloaded and verified
Files already downloaded and verified
Preparing model
SWA and ASWA training
----  ------  ---------  -------------  --------------
  ep    time    Val-acc    SWA-val-acc    ASWA-val-acc
----  ------  ---------  -------------  --------------
   1  6.1764    10.1267        10.1267         10.1267
   2  4.4364     9.4867        10.3733         10.3933
   3  4.5144     9.4867         9.4867          9.4867
   4  4.9670     9.4867         9.4867          9.4867
   5  4.2390     9.4867         9.4867          9.4867
   6  4.7117     9.4867         9.4867          9.4867
   7  4.5037     9.4867         9.4867          9.4867
   8  4.0764     9.4867         9.4867          9.4867
   9  4.1052     9.4867         9.4867          9.4867
  10  4.3991     9.4867         9.4867          9.4867
  11  4.4373    11.1933         9.4867          9.4867
  12  4.3575     9.4800         9.4867          9.4867
  13  4.1466     9.8133         9.4867          9.4867
  14  4.2382    10.0133         9.4867          9.4867
  15  4.3571     9.8600         9.4867         11.0467
  16  4.2547     9.8667         9.4867         12.7067
  17  4.5644     9.9733         9.4867         12.9000
  18  4.5050     9.9867         9.4867         12.5200
  19  4.5574     9.4733         9.4867         10.7200
  20  4.2551    12.8133         9.4867         10.5533
  21  4.3035    11.5733         9.4867         10.3200
  22  4.4320     9.5133         9.4867          9.8067
  23  4.0659    11.0933         9.4867          9.7200
  24  4.3498    10.4600         9.4867          9.6933
  25  4.4483    11.9933         9.4867         10.2200
Running model Train:  {'loss': 2.302523054395403, 'accuracy': 12.471428571428572}
Runing model Val: {'loss': 2.30275490582784, 'accuracy': 12.0}
Running model Test: {'loss': 2.3025850048065184, 'accuracy': 12.6}
SWA Train:  {'loss': 2.3039111639295307, 'accuracy': 10.22}
SWA Val: {'loss': 2.3044101609547933, 'accuracy': 9.486666666666666}
SWA Test: {'loss': 2.3040584796905517, 'accuracy': 10.0}
ASWA Train:  {'loss': 2.302916783305577, 'accuracy': 11.025714285714287}
ASWA Val: {'loss': 2.303273434702555, 'accuracy': 10.22}
ASWA Test: {'loss': 2.3030237468719483, 'accuracy': 10.979999999999999}
