Preparing directory CIFAR10_VGG16_20E
Using model VGG16
Loading dataset: CIFAR10
Files already downloaded and verified
Files already downloaded and verified
Preparing model
SWA and ASWA training
----  ------  ---------  -------------  --------------
  ep    time    Val-acc    SWA-val-acc    ASWA-val-acc
----  ------  ---------  -------------  --------------
   1  7.7534    10.0867        10.0867         10.0867
   2  5.8669    10.4467         9.9867         10.4467
   3  5.7976    10.4467        10.4467         10.4467
   4  5.7962    10.4467        10.4467         10.4467
   5  5.0413    10.4467        10.4467         10.4467
   6  4.9149    10.4467        10.4467         10.4467
   7  4.9129    10.4467        10.4467         10.4467
   8  4.7562    10.4467        10.4467         10.4467
   9  5.1951    12.1667        10.4467         10.4467
  10  4.6789     9.4867        10.4467         11.8200
  11  4.7194    10.3267        10.4467          9.5667
  12  5.0659     9.4867        10.4467          9.4867
  13  5.2291    13.4133        10.4467          9.5533
  14  5.1329     9.4867        10.4467          9.4867
  15  5.1844     9.4867        10.4467          9.4867
  16  5.0993     9.4867        12.5200          9.4867
  17  5.1039     9.4867         9.4800          9.4867
  18  5.0453     9.4867         9.4867          9.4867
  19  5.3439     9.4933         9.4867          9.4867
  20  5.1772     9.4867         9.4867          9.4867
Running model Train:  {'loss': 2.3011302826472693, 'accuracy': 10.22}
Runing model Val: {'loss': 2.3015558053334555, 'accuracy': 9.486666666666666}
Running model Test: {'loss': 2.301240672683716, 'accuracy': 10.0}
SWA Train:  {'loss': 2.3026279692513603, 'accuracy': 10.22}
SWA Val: {'loss': 2.3027795444488524, 'accuracy': 9.486666666666666}
SWA Test: {'loss': 2.3026695861816404, 'accuracy': 10.0}
ASWA Train:  {'loss': 2.30166495148795, 'accuracy': 10.22}
ASWA Val: {'loss': 2.301986541112264, 'accuracy': 9.486666666666666}
ASWA Test: {'loss': 2.3017450508117676, 'accuracy': 10.0}
