Preparing directory CIFAR10_VGG19_50E
Using model VGG19
Loading dataset: CIFAR10
Files already downloaded and verified
Files already downloaded and verified
Preparing model
SWA and ASWA training
----  ------  ---------  -------------  --------------
  ep    time    Val-acc    SWA-val-acc    ASWA-val-acc
----  ------  ---------  -------------  --------------
   1  6.4434    10.1267        10.1267         10.1267
   2  4.4352     9.4867        10.3533         10.3933
   3  4.4389     9.4867         9.4867          9.4867
   4  4.8349     9.4867         9.4867          9.4867
   5  4.2145     9.4867         9.4867          9.4867
   6  4.5760     9.4867         9.4867          9.4867
   7  4.3887     9.4867         9.4867          9.4867
   8  4.5344     9.4867         9.4867          9.4867
   9  4.2168     9.4867         9.4867          9.4867
  10  4.1137     9.4867         9.4867          9.4867
  11  4.1235    10.3733         9.4867          9.4867
  12  4.5038    10.3000         9.4867          9.4867
  13  4.3179     9.9600         9.4867          9.4867
  14  4.5215     9.8600         9.4867         10.6667
  15  4.1941    10.1600         9.4867         11.6733
  16  4.3537    13.0133         9.4867         11.6733
  17  4.2685     9.8600         9.4867         12.7667
  18  4.2159     9.9067         9.4867         12.7333
  19  4.6094    12.7733         9.4867         12.9867
  20  4.3967     9.5333         9.4867         12.0333
  21  4.5117    10.0867         9.4867         11.0333
  22  4.2208    10.9067         9.4867         10.4800
  23  4.4574    11.8800         9.4867         10.2333
  24  4.1318     9.5533         9.4867          9.9000
  25  4.4532    11.7600         9.4867         10.2200
  26  4.7513    12.0867         9.4867         10.3000
  27  4.4865     9.6133         9.4867          9.9600
  28  4.3351    10.3133         9.4867         10.0267
  29  4.2515    12.5667         9.4867         10.5467
  30  4.4337    12.4800         9.4867         11.0400
  31  4.3378    12.0667         9.4867         11.4467
  32  4.1531    12.6733         9.4867         11.6533
  33  4.5228    12.5733         9.4867         12.1333
  34  4.3739    11.9600         9.4867         12.2333
  35  4.3904    14.5133         9.4867         12.2800
  36  4.4069    10.9667         9.4867         12.4467
  37  4.4970    10.9667         9.4867         12.1333
  38  4.3382    14.7067         9.4867         12.2733
  39  4.4410    12.5133         9.4867         12.5867
  40  4.3535    13.6267         9.4867         12.6133
----  ------  ---------  -------------  --------------
  ep    time    Val-acc    SWA-val-acc    ASWA-val-acc
----  ------  ---------  -------------  --------------
  41  4.2419    14.5800         9.4867         12.6600
  42  4.4059    14.6533         9.4867         12.6400
  43  4.2965    12.4733         9.4867         12.5533
  44  4.7437     9.4867         9.4867         12.2800
  45  4.4863     9.4867         9.4867         11.6733
  46  4.5368     9.4867         9.4867         10.8600
  47  4.2294     9.4867         9.4867         10.2267
  48  4.5382     9.4867         9.4867          9.6067
  49  4.6343     9.4867         9.4867          9.4667
  50  4.7689     9.4867         9.4867          9.4867
Running model Train:  {'loss': 2.304600832203456, 'accuracy': 10.22}
Runing model Val: {'loss': 2.305256428019206, 'accuracy': 9.486666666666666}
Running model Test: {'loss': 2.304797494506836, 'accuracy': 10.0}
SWA Train:  {'loss': 2.3039848606654574, 'accuracy': 10.22}
SWA Val: {'loss': 2.304506510798136, 'accuracy': 9.486666666666666}
SWA Test: {'loss': 2.304128839492798, 'accuracy': 10.0}
ASWA Train:  {'loss': 2.3042539682115826, 'accuracy': 10.22}
ASWA Val: {'loss': 2.3047744313557943, 'accuracy': 9.486666666666666}
ASWA Test: {'loss': 2.3044006145477294, 'accuracy': 10.0}
