Preparing directory CIFAR10_VGG19BN_25E
Using model VGG19BN
Loading dataset: CIFAR10
Files already downloaded and verified
Files already downloaded and verified
Preparing model
SWA and ASWA training
----  -------  ---------  -------------  --------------
  ep     time    Val-acc    SWA-val-acc    ASWA-val-acc
----  -------  ---------  -------------  --------------
   1  14.0744    10.0267        12.2467         12.3133
   2  11.6308     9.9867        13.8467         14.2200
   3  10.9110    10.0867        14.3867         14.3733
   4  11.0552    10.1267        16.6733         16.7400
   5  11.1200    10.3400        17.3667         17.2000
   6  11.5318     9.7733        18.2667         18.6267
   7  10.5245     9.8333        17.8267         18.1600
   8  8.2744    10.3267        18.0800         18.1733
   9  8.6260    11.3000        18.4267         18.4800
  10  13.2315    12.2867        18.3400         18.2533
  11  12.7057    12.8733        18.3133         18.3000
  12  13.3092    13.7467        18.6533         18.2467
  13  13.0228    15.1133        18.6400         18.7467
  14  13.3427    15.7200        18.6000         18.9133
  15  12.9392    14.4000        18.6267         19.0533
  16  13.3173    14.4067        18.5267         19.9267
  17  12.7461    14.0800        19.8333         20.4733
  18  13.8104    13.8000        19.8600         20.0467
  19  13.2545    13.6867        20.4600         20.5533
  20  12.9756    14.4733        20.6333         20.8267
  21  13.0945    16.1933        20.6733         21.5733
  22  13.2308    17.5933        20.9267         21.1933
  23  12.7296    16.2867        20.7000         20.9467
  24  13.2820    14.7400        20.4067         20.9800
  25  14.3113    14.0733        20.4867         21.1533
Running model Train:  {'loss': 1.8648415482384817, 'accuracy': 20.094285714285714}
Runing model Val: {'loss': 1.8642537572224935, 'accuracy': 19.98}
Running model Test: {'loss': 1.859134447669983, 'accuracy': 20.27}
SWA Train:  {'loss': 1.89006959400177, 'accuracy': 20.517142857142858}
SWA Val: {'loss': 1.8871072195688883, 'accuracy': 20.44}
SWA Test: {'loss': 1.8853583576202393, 'accuracy': 20.76}
ASWA Train:  {'loss': 1.8737702662331717, 'accuracy': 21.514285714285712}
ASWA Val: {'loss': 1.870689403152466, 'accuracy': 21.253333333333334}
ASWA Test: {'loss': 1.8684887836456299, 'accuracy': 21.6}
