Preparing directory CIFAR10_VGG19_300E
Using model VGG19
Loading dataset: CIFAR10
Files already downloaded and verified
Files already downloaded and verified
Preparing model
SWA and ASWA training
----  ------  ---------  -------------  --------------
  ep    time    Val-acc    SWA-val-acc    ASWA-val-acc
----  ------  ---------  -------------  --------------
   1  6.5620    10.1267        10.1267         10.1267
   2  4.2808     9.4867        10.3667         10.4000
   3  4.3353     9.4867         9.4867          9.4867
   4  5.0313     9.4867         9.4867          9.4867
   5  4.2583     9.4867         9.4867          9.4867
   6  4.2629     9.4867         9.4867          9.4867
   7  3.9707     9.4867         9.4867          9.4867
   8  4.4551     9.4867         9.4867          9.4867
   9  4.4835     9.4867         9.4867          9.4867
  10  4.4767     9.4867         9.4867          9.4867
  11  4.2715     9.5067         9.4867          9.4867
  12  4.2614    12.5600         9.4867          9.4867
  13  4.2959    11.4067         9.4867          9.4867
  14  4.3825     9.8600         9.4867          9.6333
  15  4.1351    10.4133         9.4867          9.9733
  16  4.0353    12.7867         9.4867          9.9733
  17  4.4915     9.8600         9.4867         11.6400
  18  4.2633     9.8933         9.4867         12.5933
  19  4.2543    12.9000         9.4867         12.3467
  20  4.3877     9.5000         9.4867         11.3933
  21  4.4612     9.6533         9.4867         10.4333
  22  4.3339    11.1200         9.4867          9.9733
  23  4.5432    12.7333         9.4867          9.9933
  24  4.4644     9.7667         9.4867          9.7600
  25  4.5626    12.8533         9.4867          9.8000
  26  4.2697    10.6067         9.4867          9.7333
  27  4.2992     9.6667         9.4867          9.7333
  28  4.2730    11.6000         9.4867          9.8133
  29  4.4539    12.2533         9.4867         10.0933
  30  4.3425    12.1933         9.4867         10.3400
  31  4.1400    11.3200         9.4867         10.6667
  32  4.3668    12.6667         9.4867         11.0733
  33  4.2706    12.7467         9.4867         11.6400
  34  4.4460    11.4400         9.4867         11.6200
  35  4.5143    13.5267         9.4867         11.9000
  36  4.2599    11.4200         9.4867         11.9067
  37  4.1445    14.3800         9.4867         12.0800
  38  4.1570    14.7067         9.4867         12.4267
  39  4.4487    13.1267         9.4867         12.6667
  40  4.3081    14.1800         9.4867         12.4333
----  ------  ---------  -------------  --------------
  ep    time    Val-acc    SWA-val-acc    ASWA-val-acc
----  ------  ---------  -------------  --------------
  41  4.3423    14.0333         9.4867         12.4133
  42  4.2628    15.2933         9.4867         12.4733
  43  4.4699    15.4333         9.4867         12.3467
  44  4.5023    15.3867         9.4867         12.2800
  45  4.1102    15.4267         9.4867         12.7800
  46  4.2938    11.1400         9.4867         12.7333
  47  4.4960     9.4867         9.4867         11.9933
  48  4.1474     9.4867         9.4867         10.8467
  49  4.5505     9.4867         9.4867          9.8200
  50  4.8030     9.4867         9.4867          9.5067
  51  4.2003     9.4867         9.4867          9.4867
  52  4.2589     9.4867         9.4867          9.4867
  53  4.2599     9.4867         9.4867          9.4867
  54  4.3633     9.4867         9.4867          9.4867
  55  4.3567     9.4867         9.4867          9.4867
  56  4.5491     9.4867         9.4867          9.4867
  57  4.3301     9.4867         9.4867          9.4867
  58  4.2211     9.4867         9.4867          9.4867
  59  4.4881     9.4867         9.4867          9.4867
  60  4.2479     9.4867         9.4867          9.4867
  61  4.3794     9.4867         9.4867          9.4867
  62  4.4313     9.4867         9.4867          9.4867
  63  4.2820     9.4867         9.4867          9.4867
  64  4.3042     9.4867         9.4867          9.4867
  65  4.5470     9.4867         9.4867          9.4867
  66  4.2091     9.4867         9.4867          9.4867
  67  4.5740     9.4867         9.4867          9.4867
  68  4.4268     9.4867         9.4867          9.4867
  69  4.6210     9.4867         9.4867          9.4867
  70  4.4304     9.4867         9.4867          9.4867
  71  4.4671     9.4867         9.4867          9.4867
  72  4.2730     9.4867         9.4867          9.4867
  73  4.3647    11.6400         9.4867          9.4867
  74  4.8648     9.9867         9.4867          9.4867
  75  4.6122     9.9867         9.4867          9.4867
  76  4.3200     9.0467         9.4867          9.4867
  77  4.2618    12.1600         9.4867          9.4867
  78  4.5070    10.2933         9.4867          9.4867
  79  4.0601    10.0600         9.4867          9.4867
  80  4.4217     9.5667         9.4867          9.4867
----  ------  ---------  -------------  --------------
  ep    time    Val-acc    SWA-val-acc    ASWA-val-acc
----  ------  ---------  -------------  --------------
  81  4.4932    10.6400         9.4867          9.4867
  82  4.1912    11.9133         9.4867          9.4867
  83  4.3333     9.8467         9.4867          9.4867
  84  4.0353     9.8000         9.4867          9.4867
  85  4.5095     9.5000         9.4867          9.4867
  86  4.3078     9.3867         9.4867          9.4867
  87  4.3324     9.9200         9.4867          9.4867
  88  4.1932     9.9400         9.4867          9.4867
  89  4.3298    12.6333         9.4867          9.4867
  90  4.3660    12.7933         9.4867          9.4867
  91  4.6353     9.9867         9.4867          9.4867
  92  4.3459     9.9867         9.4867          9.4867
  93  4.4592    12.7400         9.4867          9.4867
  94  4.2466     9.6067         9.4867          9.4867
  95  4.6032     9.4867         9.4867          9.4867
  96  4.5011     9.4867         9.4867          9.4867
  97  4.5232     9.4867         9.4867          9.4867
  98  4.3398     9.4867         9.4867          9.4867
  99  4.4385     9.4867         9.4867          9.4867
 100  4.8385     9.4867         9.4867          9.4867
 101  4.5786     9.4867         9.4867          9.4867
 102  4.4511     9.4867         9.4867          9.4867
 103  4.1722     9.4867         9.4867          9.4867
 104  4.4549     9.4867         9.4867          9.4867
 105  4.4582     9.4867         9.4867          9.4867
 106  4.4820     9.4867         9.4867          9.4867
 107  4.2657     9.4867         9.4867          9.4867
 108  4.4011     9.4867         9.4867          9.4867
 109  4.3753     9.4867         9.4867          9.4867
 110  4.4107     9.4867         9.4867          9.4867
 111  4.3538     9.4867         9.4867          9.4867
 112  4.4378     9.4867         9.4867          9.4867
 113  4.1648     9.4867         9.4867          9.4867
 114  4.3561     9.4867         9.4867          9.4867
 115  4.1734     9.4867         9.4867          9.4867
 116  4.4860     9.4867         9.4867          9.4867
 117  4.4569     9.4867         9.4867          9.4867
 118  4.0971     9.4867         9.4867          9.4867
 119  4.0234     9.4867         9.4867          9.4867
 120  4.0276     9.4867         9.4867          9.4867
----  ------  ---------  -------------  --------------
  ep    time    Val-acc    SWA-val-acc    ASWA-val-acc
----  ------  ---------  -------------  --------------
 121  4.5107     9.4867         9.4867          9.4867
 122  4.4927     9.4867         9.4867          9.4867
 123  3.9784     9.4867         9.4867          9.4867
 124  4.1963     9.4867         9.4867          9.4867
 125  4.7664     9.4867         9.4867          9.4867
 126  4.3982     9.4867         9.4867          9.4867
 127  4.1933     9.4867         9.4867          9.4867
 128  4.3131     9.4867         9.4867          9.4867
 129  4.4265     9.4867         9.4867          9.4867
 130  4.1020     9.4867         9.4867          9.4867
 131  4.7458     9.4867         9.4867          9.4867
 132  4.3692     9.4867         9.4867          9.4867
 133  4.4379     9.4867         9.4867          9.4867
 134  4.6678     9.4867         9.4867          9.4867
 135  4.5011     9.4867         9.4867          9.4867
 136  4.5186     9.4867         9.4867          9.4867
 137  4.7614     9.4867         9.4867          9.4867
 138  4.5760     9.4867         9.4867          9.4867
 139  3.9902     9.4867         9.4867          9.4867
 140  4.4525     9.4867         9.4867          9.4867
 141  4.3115     9.4867         9.4867          9.4867
 142  4.5381     9.4867         9.4867          9.4867
 143  4.1175     9.4867         9.4867          9.4867
 144  4.2575     9.4867         9.4867          9.4867
 145  4.0588     9.4867         9.4867          9.4867
 146  4.3132     9.4867         9.4867          9.4867
 147  4.6922     9.4867         9.4867          9.4867
 148  4.2538     9.4867         9.4867          9.4867
 149  4.3468     9.4867         9.4867          9.4867
 150  4.7842     9.4867         9.4867          9.4867
 151  4.0385     9.4867         9.4867          9.4867
 152  4.3250     9.4867         9.4867          9.4867
 153  4.1038     9.4867         9.4867          9.4867
 154  4.0860     9.4867         9.4867          9.4867
 155  4.4983     9.4867         9.4867          9.4867
 156  4.2033     9.7467         9.4867          9.4867
 157  4.3586    12.4867         9.4867          9.4867
 158  4.3717     9.9867         9.4867          9.4867
 159  4.1599     9.9867         9.4867          9.4867
 160  4.3675    14.4800         9.4867          9.4867
----  ------  ---------  -------------  --------------
  ep    time    Val-acc    SWA-val-acc    ASWA-val-acc
----  ------  ---------  -------------  --------------
 161  4.5208     9.4867         9.4867          9.4867
 162  4.5656     9.4867         9.4867          9.4867
 163  4.3286     9.4867         9.4867          9.4867
 164  4.3588     9.4867         9.4867          9.4867
 165  4.3285     9.4867         9.4867          9.4867
 166  4.2507     9.4867         9.4867          9.4867
 167  4.5307     9.4867         9.4867          9.4867
 168  3.9671     9.4867         9.4867          9.4867
 169  4.5368     9.4867         9.4867          9.4867
 170  4.3798     9.4867         9.4867          9.4867
 171  4.2475     9.4867         9.4867          9.4867
 172  4.0393     9.4867         9.4867          9.4867
 173  4.4732     9.4867         9.4867          9.4867
 174  4.2600     9.4867         9.4867          9.4867
 175  4.5890     9.4867         9.4867          9.4867
 176  4.1689     9.4867         9.4867          9.4867
 177  4.2353     9.4867         9.4867          9.4867
 178  4.3406     9.4867         9.4867          9.4867
 179  4.0738     9.4867         9.4867          9.4867
 180  4.2997     9.4867         9.4867          9.4867
 181  4.2261     9.4867         9.4867          9.4867
 182  4.1624     9.4867         9.4867          9.4867
 183  4.4630     9.4867         9.4867          9.4867
 184  4.4728     9.4867         9.4867          9.4867
 185  4.2687     9.4867         9.4867          9.4867
 186  4.6035     9.4867         9.4867          9.4867
 187  4.5189     9.4867         9.4867          9.4867
 188  4.7937     9.4867         9.4867          9.4867
 189  4.2479     9.4867         9.4867          9.4867
 190  4.4516     9.4867         9.4867          9.4867
 191  4.0804     9.4867         9.4867          9.4867
 192  4.2817     9.4867         9.4867          9.4867
 193  4.3931     9.4867         9.4867          9.4867
 194  4.2863     9.4867         9.4867          9.4867
 195  4.2526     9.4867         9.4867          9.4867
 196  4.3828     9.4867         9.4867          9.4867
 197  4.3915     9.4867         9.4867          9.4867
 198  4.4911     9.4867         9.4867          9.4867
 199  4.4580     9.4867         9.4867          9.4867
 200  4.8766     9.4867         9.4867          9.4867
----  ------  ---------  -------------  --------------
  ep    time    Val-acc    SWA-val-acc    ASWA-val-acc
----  ------  ---------  -------------  --------------
 201  4.3104     9.4867         9.4867          9.4867
 202  4.8839     9.4867         9.4867          9.4867
 203  4.2696     9.4867         9.4867          9.4867
 204  4.9946     9.4867         9.4867          9.4867
 205  4.4360     9.4867         9.4867          9.4867
 206  4.3599     9.4867         9.4867          9.4867
 207  4.1909     9.4867         9.4867          9.4867
 208  4.3551     9.4867         9.4867          9.4867
 209  4.4667     9.4867         9.4867          9.4867
 210  4.1203     9.4867         9.4867          9.4867
 211  4.2110     9.4867         9.4867          9.4867
 212  4.2959     9.4867         9.4867          9.4867
 213  4.1378     9.4867         9.4867          9.4867
 214  4.2170     9.4867         9.4867          9.4867
 215  4.3558     9.4867         9.4867          9.4867
 216  4.3487     9.4867         9.4867          9.4867
 217  4.3215     9.4867         9.4867          9.4867
 218  4.3571     9.4867         9.4867          9.4867
 219  4.4132     9.4867         9.4867          9.4867
 220  4.2521     9.4867         9.4867          9.4867
 221  4.3166     9.4867         9.4867          9.4867
 222  4.3701     9.4867         9.4867          9.4867
 223  4.5406     9.4867         9.4867          9.4867
 224  4.0424     9.4867         9.4867          9.4867
 225  4.7991     9.7733         9.4867          9.4867
 226  4.3883     9.7733         9.4867          9.4867
 227  4.2560     9.7733         9.4867          9.4867
 228  4.1870    10.7000         9.4867          9.4867
 229  4.1381    14.5733         9.4867          9.4867
 230  4.1710    13.4400         9.4867          9.4867
 231  4.6143     9.9133         9.4867          9.4867
 232  5.5912    15.1200         9.4867          9.4867
 233  5.6635    11.1867         9.4867          9.4867
 234  5.5224    10.4333         9.4867          9.4867
 235  5.2777    10.1200         9.4867          9.4867
 236  5.4970    10.1200         9.4867          9.4867
 237  5.3673    10.1200         9.4867          9.4867
 238  5.4745    10.1200         9.4867          9.4867
 239  5.0249    10.1200         9.4867          9.4867
 240  5.2881    10.1200         9.4867          9.4867
----  ------  ---------  -------------  --------------
  ep    time    Val-acc    SWA-val-acc    ASWA-val-acc
----  ------  ---------  -------------  --------------
 241  5.0602    10.1200         9.4867          9.4867
 242  5.1331    10.1200         9.4867          9.4867
 243  5.1159    10.1200         9.4867          9.4867
 244  4.8026    10.1200         9.4867          9.4867
 245  4.9398    10.1200         9.4867          9.4867
 246  4.9480    10.1200         9.4867         10.1200
 247  5.0694    10.1200         9.4867         10.1200
 248  5.1273    10.1200         9.4867         10.1200
 249  5.1345    10.1200         9.4867         10.1200
 250  5.5522     9.9867         9.4867         10.1200
 251  5.1788     9.9867         9.4867         10.1200
 252  4.3672     9.9867         9.4867         10.1200
 253  4.4637     9.9867         9.4867         10.1200
 254  4.4560     9.9867         9.4867         10.1200
 255  4.3239     9.9867         9.4867         10.1200
 256  4.3535     9.9867         9.4867         10.1200
 257  4.1537     9.9867         9.4867         10.1200
 258  4.1291     9.9867         9.4867         10.1200
 259  4.3338     9.9867         9.4867         10.1200
 260  4.5568     9.9867         9.4867         10.0333
 261  4.1864     9.9867         9.4867         10.0333
 262  4.2822     9.9867         9.4867         10.0333
 263  4.3961     9.9867         9.4867         10.0333
 264  4.3213    10.0333         9.4867         10.0333
 265  4.4315    10.0333         9.4867         10.0333
 266  4.2154     9.8600         9.4867         10.0333
 267  5.0259     9.8600         9.4867         10.0333
 268  4.6103     9.8600         9.4867         10.0333
 269  4.5563     9.8600         9.4867         10.0333
 270  4.5384     9.8600         9.4867         10.0333
 271  4.4767     9.8600         9.4867         10.0333
 272  4.4664     9.8600         9.4867         10.0333
 273  4.2848     9.8600         9.4867         10.0333
 274  3.9088     9.8600         9.4867         10.0333
 275  4.9447     9.8600         9.4867         10.0333
 276  4.4147     9.8600         9.4867          9.8600
 277  4.3530     9.8600         9.4867          9.8600
 278  4.3410     9.8600         9.4867          9.8600
 279  4.3647     9.8600         9.4867          9.8600
 280  4.1933     9.8600         9.4867          9.8600
----  ------  ---------  -------------  --------------
  ep    time    Val-acc    SWA-val-acc    ASWA-val-acc
----  ------  ---------  -------------  --------------
 281  4.4659     9.8600         9.4867          9.8600
 282  4.4526     9.8600         9.4867          9.8600
 283  4.2623     9.8600         9.4867          9.8600
 284  4.3638     9.8600         9.4867          9.8600
 285  4.1449     9.8600         9.4867          9.8600
 286  4.3737     9.8600         9.4867          9.8600
 287  4.5127     9.8600         9.4867          9.8600
 288  4.4104     9.8600         9.4867          9.8600
 289  4.2585     9.8600         9.4867          9.8600
 290  4.5113     9.8600         9.4867          9.8600
 291  4.3738     9.8600         9.4867          9.8600
 292  4.4543     9.8600         9.4867          9.8600
 293  4.4158     9.8600         9.4867          9.8600
 294  4.2315     9.8600         9.4867          9.8600
 295  4.3919     9.8600         9.4867          9.8600
 296  4.3842     9.8600         9.4867          9.8600
 297  4.2593     9.8600         9.4867          9.8600
 298  4.4518     9.8600         9.4867          9.8600
 299  4.4566     9.8600         9.4867          9.8600
 300  4.8453     9.8600         9.4867          9.8600
Running model Train:  {'loss': 2.3025960754939487, 'accuracy': 10.059999999999999}
Runing model Val: {'loss': 2.3027471271514894, 'accuracy': 9.86}
Running model Test: {'loss': 2.3026415550231936, 'accuracy': 10.0}
SWA Train:  {'loss': 2.302691095624651, 'accuracy': 10.22}
SWA Val: {'loss': 2.303027991104126, 'accuracy': 9.486666666666666}
SWA Test: {'loss': 2.302792191314697, 'accuracy': 10.0}
ASWA Train:  {'loss': 2.302570443562099, 'accuracy': 10.059999999999999}
ASWA Val: {'loss': 2.302783020401001, 'accuracy': 9.86}
ASWA Test: {'loss': 2.302634309387207, 'accuracy': 10.0}
