Preparing directory CIFAR10_VGG16_25E
Using model VGG16
Loading dataset: CIFAR10
Files already downloaded and verified
Files already downloaded and verified
Preparing model
SWA and ASWA training
----  ------  ---------  -------------  --------------
  ep    time    Val-acc    SWA-val-acc    ASWA-val-acc
----  ------  ---------  -------------  --------------
   1  6.6477    10.0867        10.0867         10.0867
   2  5.1570    10.4467         9.9867         10.4467
   3  4.7816    10.4467        10.4467         10.4467
   4  5.0868    10.4467        10.4467         10.4467
   5  5.8215    10.4467        10.4467         10.4467
   6  5.0107    10.4467        10.4467         10.4467
   7  5.1413    10.4467        10.4467         10.4467
   8  5.2095    10.4467        10.4467         10.4467
   9  5.1686    10.4467        10.4467         10.4467
  10  5.2589     9.4867        10.4467         10.5133
  11  4.5982     9.4867        10.4467          9.4733
  12  4.8444     9.7933        10.4467          9.4867
  13  5.3125     9.8467        10.4467          9.4867
  14  5.2006     9.4867        10.4467          9.4867
  15  5.3029     9.4867        10.4467          9.4867
  16  4.8717     9.4867        10.4467          9.4867
  17  4.9882     9.4867         9.8600          9.4867
  18  5.3188     9.4867         9.4867          9.4867
  19  4.8591     9.4867         9.4867          9.4867
  20  5.2689     9.4867         9.4867          9.4867
  21  4.8422    13.5333         9.4867          9.5000
  22  5.0064     9.8933         9.4867          9.5533
  23  5.3321     9.5533         9.4867          9.6733
  24  4.8833    13.8267         9.4867         10.6200
  25  5.3503    15.0067         9.4867         12.8267
Running model Train:  {'loss': 2.29633222051348, 'accuracy': 15.82}
Runing model Val: {'loss': 2.2966788588205973, 'accuracy': 14.913333333333334}
Running model Test: {'loss': 2.2965314613342285, 'accuracy': 15.540000000000001}
SWA Train:  {'loss': 2.302306448309762, 'accuracy': 10.22}
SWA Val: {'loss': 2.302530691655477, 'accuracy': 9.486666666666666}
SWA Test: {'loss': 2.3023765548706057, 'accuracy': 10.0}
ASWA Train:  {'loss': 2.29705256086077, 'accuracy': 13.431428571428572}
ASWA Val: {'loss': 2.2974781951904295, 'accuracy': 12.76}
ASWA Test: {'loss': 2.2972250316619873, 'accuracy': 13.25}
