Preparing directory CIFAR10_VGG19BN_200E
Using model VGG19BN
Loading dataset: CIFAR10
Files already downloaded and verified
Files already downloaded and verified
Preparing model
SWA and ASWA training
----  -------  ---------  -------------  --------------
  ep     time    Val-acc    SWA-val-acc    ASWA-val-acc
----  -------  ---------  -------------  --------------
   1  13.6881    10.0333        12.2467         12.3133
   2  12.4208     9.9867        14.0333         14.2333
   3  11.4216    10.0867        14.5067         14.4667
   4  11.5682    10.1267        16.8267         16.7200
   5  11.0410    10.6200        17.0733         17.1400
   6  11.0180     9.7733        18.4067         18.4067
   7  11.1647     9.0333        17.1133         17.5000
   8  11.2193    10.8400        17.4400         17.3667
   9  11.3380    11.7067        17.9267         18.3800
  10  11.2670    13.0667        18.6800         18.2600
  11  11.5938    13.2000        18.1667         17.9600
  12  11.2480    13.6200        18.5600         17.8733
  13  11.1117    14.8200        18.4667         18.3267
  14  11.0637    15.4267        18.5067         19.1133
  15  11.5164    15.1533        18.7067         19.3667
  16  11.2128    14.9200        18.6667         19.7133
  17  11.0706    14.1400        19.1000         19.7400
  18  11.7989    13.5000        19.6333         20.2133
  19  11.0389    14.0533        20.1733         20.6333
  20  11.6865    15.3400        20.2867         21.1933
  21  11.3916    17.2733        20.7400         21.7267
  22  11.0731    17.5000        20.8067         21.4733
  23  11.3185    16.0333        21.3200         21.1400
  24  11.3707    14.8267        21.4867         21.6600
  25  11.7373    15.0467        21.8467         21.7533
  26  11.4574    15.1400        21.2333         22.1800
  27  10.9561    15.7333        21.5933         21.3667
  28  11.7851    15.2667        21.3733         21.5600
  29  11.9775    15.5400        21.1200         21.6400
  30  11.5858    16.8600        21.4667         21.3667
  31  11.6503    18.5467        21.9400         21.7200
  32  10.8730    18.6133        22.2067         21.9933
  33  11.3828    18.4000        22.3200         21.9933
  34  11.5018    18.5267        22.7600         22.1400
  35  10.8571    18.5600        22.4533         22.2467
  36  11.6923    19.7867        22.4800         22.3467
  37  11.2285    21.6067        22.7400         22.3667
  38  11.1638    22.2533        22.9467         22.2667
  39  11.0537    22.0000        22.8000         23.0533
  40  10.9319    21.4933        22.7667         23.2467
----  -------  ---------  -------------  --------------
  ep     time    Val-acc    SWA-val-acc    ASWA-val-acc
----  -------  ---------  -------------  --------------
  41  11.2601    20.7200        23.1000         23.0933
  42  11.5801    20.8467        23.0133         23.5133
  43  11.3907    18.9400        23.2067         23.9333
  44  11.6044    18.4800        23.3067         23.7667
  45  11.2815    18.8533        23.3000         23.7133
  46  11.0051    20.1733        23.2533         24.2333
  47  11.5662    21.8667        23.3667         24.1933
  48  11.1695    24.7467        23.2267         24.1867
  49  11.9804    26.8333        23.7133         24.5467
  50  11.9171    24.7867        23.6267         25.6533
  51  11.0675    26.4200        23.9133         25.7333
  52  11.1475    25.8133        23.9667         26.2400
  53  11.0452    28.4733        24.1333         26.0800
  54  11.1366    26.6867        24.4067         26.1867
  55  10.9985    26.0533        24.2600         26.2533
  56  11.8191    26.4467        24.2133         26.6533
  57  11.3490    26.7600        25.0133         26.9067
  58  11.1207    30.0000        25.2200         26.8533
  59  11.2120    26.9867        26.1867         27.2467
  60  11.5434    25.0200        26.0667         27.4200
  61  11.3161    27.7667        25.9933         27.6267
  62  10.4128    30.3400        26.5133         27.8600
  63  11.2845    29.5067        26.4933         27.9267
  64  11.3050    25.0133        26.8467         28.1267
  65  11.4595    24.1933        26.9267         28.2067
  66  11.7393    26.4533        26.9400         28.3200
  67  10.8456    31.3800        27.4067         28.5400
  68  11.2462    32.3000        27.1733         28.7800
  69  11.2997    30.6133        27.6467         29.0267
  70  11.4794    34.5800        27.4667         29.1533
  71  11.2470    33.5667        27.7400         29.3000
  72  11.1286    31.8800        28.1467         29.3667
  73  11.5941    31.6600        28.2200         29.8467
  74  11.3001    26.3133        28.2067         29.7000
  75  11.6589    25.5533        28.5600         29.9800
  76  11.1850    24.8333        28.5400         30.0067
  77  11.3089    30.7933        28.7200         30.3267
  78  11.2656    28.4400        28.7800         30.5733
  79  11.5754    25.9933        29.0667         30.6667
  80  10.9272    29.4200        28.7133         30.6133
----  -------  ---------  -------------  --------------
  ep     time    Val-acc    SWA-val-acc    ASWA-val-acc
----  -------  ---------  -------------  --------------
  81  11.9027    32.9533        29.3867         30.7600
  82  11.3054    33.4667        29.2467         31.3467
  83  11.4011    32.0800        29.1933         31.3000
  84  12.1068    30.2067        29.5467         31.4400
  85  11.7015    29.9933        29.5333         31.5267
  86  10.7967    34.0267        29.7733         32.1800
  87  11.3851    34.6267        29.7867         32.4467
  88  11.4644    32.3933        30.2000         32.3067
  89  11.2618    31.0533        29.8133         32.8533
  90  10.7523    31.8933        30.2800         32.8400
  91  11.2331    32.4067        30.4400         33.1333
  92  11.4059    32.2000        30.5467         33.1600
  93  11.2762    29.4600        30.8133         33.2800
  94  11.1409    21.2200        30.9200         33.6533
  95  10.9170    30.5467        31.1533         33.9867
  96  11.4197    33.9400        31.2600         33.9333
  97  11.2460    28.9533        31.5600         34.0400
  98  11.3239    27.5933        31.7267         34.3067
  99  11.5389    34.0800        31.9867         34.5600
 100  11.6257    35.4400        31.8133         34.7667
 101  11.5525    36.8000        32.1000         34.5800
 102  11.5157    37.4067        32.2933         35.1733
 103  11.2708    33.8467        32.1400         35.1600
 104  11.0452    39.0533        32.5333         35.2600
 105  10.8643    39.6267        32.7467         35.7000
 106  11.5484    41.0200        32.7800         35.5400
 107  10.9770    41.2067        33.0400         35.5133
 108  11.3194    36.4667        32.9000         36.1067
 109  12.3566    38.0000        33.1267         35.9067
 110  11.0470    38.5467        33.3800         36.2533
 111  11.5268    35.8333        33.7800         36.0533
 112  11.2774    36.1400        33.4800         36.2000
 113  11.6684    41.0267        33.9333         36.6533
 114  11.1317    34.8467        33.7600         36.5867
 115  11.3308    33.6400        33.7667         36.7067
 116  11.2237    41.6600        34.4133         36.9933
 117  11.2959    40.9000        34.1733         37.4067
 118  10.8164    39.7800        34.2733         37.4000
 119  11.7169    40.5800        34.4867         37.6267
 120  11.3210    41.9467        34.4867         37.7467
----  -------  ---------  -------------  --------------
  ep     time    Val-acc    SWA-val-acc    ASWA-val-acc
----  -------  ---------  -------------  --------------
 121  11.4592    39.8733        34.7867         37.8267
 122  11.2555    38.8333        35.1600         37.8800
 123  11.0602    37.8733        34.8200         38.2467
 124  11.3833    29.7267        35.1667         38.1667
 125  12.1388    34.6867        35.2133         38.6067
 126  11.5997    37.4933        35.5867         38.6267
 127  11.3488    41.0800        34.9600         38.8867
 128  11.6197    41.4133        35.7533         38.9267
 129  11.6597    36.8333        35.8800         39.1933
 130  11.4026    36.9133        36.0067         39.4200
 131  11.5233    33.3600        36.1467         39.5000
 132  11.5467    34.0933        36.1733         39.8200
 133  12.1364    34.1067        36.4667         40.0400
 134  12.0315    36.1533        36.5067         40.0533
 135  11.7198    37.6267        36.5667         40.1267
 136  11.1606    42.9333        36.7067         40.1667
 137  11.5958    35.4667        36.9133         40.1800
 138  11.6449    42.4467        37.1467         40.5333
 139  11.6544    48.4400        37.0733         40.6867
 140  11.4563    47.4333        37.3133         40.8600
 141  11.7338    41.8000        37.4400         40.9000
 142  11.2751    38.6267        37.7400         41.0133
 143  11.3086    39.5467        37.7667         41.2400
 144  11.2774    38.5267        38.1133         41.4333
 145  11.6945    45.4667        38.0200         41.6600
 146  11.7335    47.2067        38.1200         41.8467
 147  11.8044    43.2067        38.3667         41.8133
 148  11.1763    40.0200        38.2867         42.0000
 149  11.0302    40.5267        38.5400         42.2000
 150  11.5845    43.2400        38.3933         42.4133
 151  11.2072    44.8867        38.5467         42.4667
 152  11.1820    49.0200        38.7133         42.8267
 153  11.1677    51.0533        39.0800         42.6600
 154  11.7717    49.5600        39.1933         42.9000
 155  11.0655    49.3533        39.3000         43.0733
 156  11.4488    49.7533        39.2067         42.9200
 157  10.9639    48.6000        39.6533         43.2333
 158  11.1042    50.6533        39.6133         43.1267
 159  11.4592    51.4067        39.7733         43.4667
 160  11.6847    49.2133        39.7200         43.4600
----  -------  ---------  -------------  --------------
  ep     time    Val-acc    SWA-val-acc    ASWA-val-acc
----  -------  ---------  -------------  --------------
 161  11.1430    49.6867        40.1533         43.4667
 162  11.3565    48.7933        40.2400         43.5933
 163  11.3186    52.3667        40.2400         43.5600
 164  11.6072    49.0333        40.2933         44.0533
 165  11.9902    49.8133        40.7067         44.6667
 166  11.3319    52.1533        40.5067         44.4467
 167  11.2325    53.6067        40.3133         44.0867
 168  11.2194    51.1467        40.8800         44.6800
 169  11.6702    50.1667        41.0933         44.5200
 170  11.5569    52.5333        40.9200         45.0600
 171  11.2167    55.2533        41.3667         44.9067
 172  11.2587    52.9467        41.3200         45.0867
 173  11.6871    55.3200        41.5733         45.1933
 174  11.9525    54.9867        41.5667         45.1133
 175  11.7158    53.2333        41.5533         45.5867
 176  11.1553    50.8267        41.6933         45.5200
 177  11.7533    46.2867        42.0800         45.4200
 178  11.4491    47.4667        42.0600         45.7933
 179  11.4213    51.2067        42.4667         45.6733
 180  11.1647    51.3067        42.5867         45.8200
 181  11.3719    48.3533        42.3800         46.0067
 182  11.6995    47.4933        42.5533         45.9400
 183  11.7547    52.7667        42.6000         46.2933
 184  11.8451    45.2733        42.5933         46.3800
 185  10.7660    45.6200        42.7067         46.5533
 186  10.8461    47.7800        42.8867         46.5667
 187  11.0147    49.6533        42.6867         46.3933
 188  9.7458    45.8933        43.0333         46.5000
 189  9.8636    42.4600        43.1933         46.5667
 190  11.6310    50.9467        43.2867         47.0733
 191  10.2082    52.7200        43.4267         46.8000
 192  10.4786    51.6867        43.6733         46.8667
 193  10.2819    51.1933        43.6533         47.1467
 194  10.4392    56.0267        43.5533         47.3800
 195  10.2455    49.0400        44.0400         47.4400
 196  9.9764    53.5800        43.9533         47.3733
 197  10.3388    53.2267        43.9400         47.1533
 198  10.4944    53.0667        43.8133         47.5600
 199  10.3259    51.6267        44.0133         47.5133
 200  10.8639    55.3733        44.3067         47.4667
Running model Train:  {'loss': 1.0705065510886056, 'accuracy': 61.13142857142857}
Runing model Val: {'loss': 1.114719428062439, 'accuracy': 59.38666666666666}
Running model Test: {'loss': 1.1209769430160523, 'accuracy': 59.41}
SWA Train:  {'loss': 1.411502520779201, 'accuracy': 45.40571428571429}
SWA Val: {'loss': 1.4301695362726847, 'accuracy': 44.373333333333335}
SWA Test: {'loss': 1.421073518562317, 'accuracy': 44.85}
ASWA Train:  {'loss': 1.2946363906587872, 'accuracy': 48.83714285714286}
ASWA Val: {'loss': 1.3206211950937907, 'accuracy': 47.54666666666667}
ASWA Test: {'loss': 1.311622388267517, 'accuracy': 48.32}
