Preparing directory CIFAR10_VGG19_200E
Using model VGG19
Loading dataset: CIFAR10
Files already downloaded and verified
Files already downloaded and verified
Preparing model
SWA and ASWA training
----  ------  ---------  -------------  --------------
  ep    time    Val-acc    SWA-val-acc    ASWA-val-acc
----  ------  ---------  -------------  --------------
   1  5.8436    10.1267        10.1267         10.1267
   2  4.3043     9.4867        10.8067         10.8867
   3  4.4567     9.4867         9.4867          9.4867
   4  5.4393     9.4867         9.4867          9.4867
   5  4.5069     9.4867         9.4867          9.4867
   6  4.3716     9.4867         9.4867          9.4867
   7  4.3459     9.4867         9.4867          9.4867
   8  4.4461     9.4867         9.4867          9.4867
   9  4.2623     9.4867         9.4867          9.4867
  10  4.3445     9.4867         9.4867          9.4867
  11  4.4055     9.4800         9.4867          9.4867
  12  4.1912     9.4867         9.4867          9.4867
  13  4.2732    10.9000         9.4867          9.4867
  14  4.4597     9.9067         9.4867          9.4867
  15  4.3348    10.4267         9.4867          9.6800
  16  4.2678    12.3333         9.4867          9.7933
  17  4.4681     9.8867         9.4867         10.7467
  18  4.3109    10.8067         9.4867         11.5467
  19  4.2616    12.3667         9.4867         10.7400
  20  4.2004    10.3867         9.4867         10.0000
  21  4.2645    10.4333         9.4867          9.7867
  22  4.4786    10.5733         9.4867          9.8267
  23  4.3566    11.1200         9.4867          9.7933
  24  4.5598     9.9133         9.4867          9.7800
  25  4.7303    10.1867         9.4867         10.3533
  26  4.3650    11.3867         9.4867         10.3400
  27  4.1633     9.4867         9.4867          9.8067
  28  4.3699     9.4867         9.4867          9.6133
  29  4.2383    10.7867         9.4867          9.6467
  30  4.2934    10.4800         9.4867          9.9467
  31  4.5000     9.8867         9.4867         11.1800
  32  4.3244     9.9400         9.4867         12.2267
  33  4.4126    12.1467         9.4867         12.6267
  34  4.6194    10.2800         9.4867         12.5467
  35  4.8917    12.4600         9.4867         12.5800
  36  4.2463    11.1867         9.4867         12.7733
  37  4.5092    10.6733         9.4867         12.8933
  38  4.5649    12.1267         9.4867         12.9933
  39  4.3680    12.0667         9.4867         12.8533
  40  4.4604    12.0600         9.4867         12.8200
----  ------  ---------  -------------  --------------
  ep    time    Val-acc    SWA-val-acc    ASWA-val-acc
----  ------  ---------  -------------  --------------
  41  4.4743    14.9800         9.4867         12.9067
  42  4.4085    11.9800         9.4867         12.8867
  43  4.7238    15.1533         9.4867         12.6600
  44  4.4779    14.9333         9.4867         12.7533
  45  4.4681    15.2533         9.4867         12.5467
  46  4.3960    14.1800         9.4867         12.5000
  47  4.4727    15.4733         9.4867         12.6867
  48  4.4268    15.6133         9.4867         12.5600
  49  4.3805    15.7133         9.4800         12.9467
  50  4.8401    15.0867         9.4733         13.5667
  51  4.3819    15.9067         9.4467         14.5133
  52  4.1827    15.9800         9.4400         14.9867
  53  4.0831    16.1867         9.4400         15.6333
  54  4.6838    15.1733         9.5067         16.1067
  55  4.3447    15.6067         9.5333         16.3667
  56  4.2916    14.0600         9.5933         16.2867
  57  4.1557    14.0333         9.5800         16.1733
  58  4.4872    15.6933         9.4933         16.0733
  59  4.2466    15.9400         9.5733         16.4533
  60  4.4911    14.2467         9.5600         16.2733
  61  4.5495    15.6600         9.6800         16.2400
  62  4.3754    16.1933         9.6333         16.2733
  63  4.3311    16.2000         9.6733         16.5067
  64  4.4251    16.4667         9.7400         16.5800
  65  4.3743    16.1333         9.7667         16.4600
  66  4.4783    16.3000         9.7667         16.5267
  67  4.6733    15.7067         9.7933         16.5400
  68  4.5177    16.0400         9.8333         16.5867
  69  4.7871    15.8933         9.9333         16.5667
  70  4.5973    17.6533         9.8733         16.4267
  71  5.0096    17.6600         9.9600         16.5200
  72  4.6020    17.5333         9.9933         16.3933
  73  4.5598    17.5200         9.9333         16.3267
  74  4.1616    17.6400        10.1000         16.4133
  75  4.7133    17.7333        10.0800         16.1333
  76  4.2844    17.9800        10.1467         16.2800
  77  4.4995    17.8667        10.2000         16.3667
  78  4.6559    17.2400        10.5200         16.2800
  79  4.5444    17.3867        10.6733         16.4333
  80  4.4042    18.0400        10.7800         16.2000
----  ------  ---------  -------------  --------------
  ep    time    Val-acc    SWA-val-acc    ASWA-val-acc
----  ------  ---------  -------------  --------------
  81  4.4248    18.1933        11.0400         16.1667
  82  5.0028    18.3933        11.4000         16.2333
  83  4.3817    17.9467        11.5333         16.3600
  84  4.2837    10.8800        11.8667         16.2933
  85  4.5290    17.4467        12.0200         16.3133
  86  4.4006    14.8867        11.9333         16.4467
  87  4.4648    20.6400        12.0467         16.5667
  88  4.6040    16.9867        12.1467         16.6800
  89  4.4264    13.9267        12.5133         16.7600
  90  4.4910    14.7467        12.6267         16.6333
  91  5.2806    16.2600        13.0600         16.8000
  92  5.5087    16.6800        13.2933         16.7933
  93  5.3445    16.6067        13.1000         16.6867
  94  5.4969    16.9133        13.4600         16.6067
  95  5.5286    18.1133        13.6467         16.7467
  96  5.4918    18.2333        13.6067         17.5600
  97  5.4199    18.8933        13.8933         17.7800
  98  5.4986    18.4067        13.9733         17.7200
  99  4.8790    18.5800        14.0867         17.8533
 100  5.6088    18.7467        14.3200         17.7267
 101  5.0232    18.6067        14.0467         17.8800
 102  5.0283    18.9200        14.2933         17.8667
 103  5.0695    18.8467        14.2667         18.0933
 104  5.3975    17.5000        14.3800         18.1467
 105  5.0426    18.3867        14.2267         18.1733
 106  4.9548    18.5533        14.3533         18.3600
 107  5.0469    18.6200        14.4333         18.3533
 108  4.8615    18.3667        14.4200         18.4067
 109  5.1170    18.4600        14.4200         18.4267
 110  5.1272    18.7400        14.5400         18.4533
 111  4.8426    19.0600        14.8133         18.3733
 112  4.4377    19.5067        14.6200         18.3867
 113  4.2076    19.9000        14.8933         18.6067
 114  4.3719    18.5267        14.8200         18.6733
 115  4.7661    17.5800        14.7600         18.4200
 116  4.3919    17.5733        14.8667         18.5067
 117  4.5090    17.9733        14.8067         18.4733
 118  4.5403    17.8867        15.0733         18.6600
 119  4.2180    18.3667        14.9733         18.6467
 120  4.4916    17.4600        15.0667         18.7067
----  ------  ---------  -------------  --------------
  ep    time    Val-acc    SWA-val-acc    ASWA-val-acc
----  ------  ---------  -------------  --------------
 121  4.3674    17.8267        15.0867         18.6067
 122  4.4615    18.5667        15.2467         18.3200
 123  4.2411    18.8933        15.1200         18.5000
 124  4.5715    18.8200        15.1867         18.8733
 125  4.9779    19.2533        15.2400         18.9000
 126  4.6152    19.7467        15.3800         18.7800
 127  4.4212    19.1200        15.1733         18.6867
 128  4.3756    19.1933        15.3267         18.8667
 129  4.3836    20.2933        15.5067         18.6667
 130  4.4557    20.5267        15.4667         18.8533
 131  4.4341    20.6333        15.6000         19.1733
 132  4.5503    19.7733        15.4867         18.9067
 133  4.5276    19.9200        15.6533         19.0000
 134  4.4435    19.6667        15.5267         19.1467
 135  4.5410    19.6933        15.6067         18.7867
 136  4.4720    19.6867        15.7733         18.9333
 137  4.3829    19.5800        15.9133         19.0000
 138  4.6727    20.4400        15.5933         19.1333
 139  4.6468    20.3733        15.8867         18.9267
 140  4.4198    21.0933        15.6600         18.9133
 141  4.7452    21.0933        15.7600         19.0000
 142  4.6592    20.9267        16.0133         18.9133
 143  4.4500    20.4733        15.8800         19.0067
 144  4.8930    20.5800        15.9400         18.9400
 145  4.4186    20.1800        16.1467         19.0667
 146  4.3429    20.3467        16.2733         19.0400
 147  4.4100    20.0000        16.2133         19.1333
 148  4.4155    19.8933        16.1667         18.8667
 149  4.2040    19.7933        16.3733         18.9533
 150  4.8380    20.6867        16.3667         19.2933
 151  4.3240    20.4733        16.3467         19.4333
 152  4.6430    20.6267        16.4267         19.3267
 153  4.3185    20.9933        16.4400         19.3000
 154  4.5873    20.5600        16.4333         19.1133
 155  4.3001    21.5933        16.5400         19.3333
 156  4.4643    21.2467        16.5467         19.6867
 157  4.2827    20.7133        16.6933         19.6333
 158  4.2261    21.5400        16.7600         19.5067
 159  4.4308    22.1867        16.6800         19.7800
 160  4.2672    20.8400        16.6800         19.8933
----  ------  ---------  -------------  --------------
  ep    time    Val-acc    SWA-val-acc    ASWA-val-acc
----  ------  ---------  -------------  --------------
 161  4.5548    21.1533        16.9533         19.9533
 162  4.4308    21.3200        17.1333         20.0400
 163  4.4104    20.9133        17.2000         20.0867
 164  4.4367    21.0467        16.9867         20.2533
 165  4.2189    20.1333        17.2267         20.1933
 166  4.4939    21.5000        17.1467         19.9933
 167  4.3976    21.2133        17.0333         20.3933
 168  4.3601    22.0133        17.2200         20.1733
 169  4.4208    23.2067        17.3200         20.3133
 170  4.4356    21.9933        17.2667         20.3133
 171  4.5020    23.1333        17.5867         20.5733
 172  4.5647    22.8067        17.6000         20.7400
 173  4.2937    22.2533        18.4133         20.6733
 174  4.4310    21.7600        18.3400         20.8933
 175  4.8912    22.4267        18.4333         21.3000
 176  4.5258    23.3467        18.6933         20.9333
 177  4.4384    22.3600        18.4933         21.2600
 178  4.5515    21.5867        18.6867         21.0600
 179  4.5545    21.7800        18.7933         21.1933
 180  4.4581    21.1400        18.6600         21.3000
 181  4.5079    22.5400        18.9267         21.5533
 182  4.4896    21.9800        18.6867         21.6200
 183  4.5756    22.2133        18.6867         21.8933
 184  4.2922    21.5467        18.7533         21.5600
 185  4.6653    21.2333        18.5933         21.6267
 186  4.4550    21.5067        18.8200         21.9533
 187  4.5765    22.1400        19.2200         21.6600
 188  4.6626    23.4333        19.1067         21.8133
 189  4.4260    24.0400        19.5800         21.6467
 190  4.5360    21.0200        19.3000         21.7333
 191  4.3759    20.7333        19.4200         21.8267
 192  4.6095    23.6067        19.8200         21.7200
 193  4.5512    23.5333        20.1000         21.8600
 194  4.2811    22.7733        20.0733         21.4600
 195  4.2364    23.8267        19.9867         21.8333
 196  4.4882    24.1067        20.0267         22.0800
 197  4.4927    24.1600        20.1267         22.2667
 198  4.2965    21.7467        20.0867         22.1200
 199  4.4724    22.8467        19.9200         21.8200
 200  4.7578    23.0867        20.1533         21.9467
Running model Train:  {'loss': 1.8487755022593908, 'accuracy': 23.894285714285715}
Runing model Val: {'loss': 1.845955954615275, 'accuracy': 22.7}
Running model Test: {'loss': 1.846950790977478, 'accuracy': 23.78}
SWA Train:  {'loss': 2.1552939338139123, 'accuracy': 20.200000000000003}
SWA Val: {'loss': 2.155074027633667, 'accuracy': 20.066666666666666}
SWA Test: {'loss': 2.1547244159698486, 'accuracy': 20.43}
ASWA Train:  {'loss': 1.966319351032802, 'accuracy': 22.21142857142857}
ASWA Val: {'loss': 1.9632449394226075, 'accuracy': 22.28}
ASWA Test: {'loss': 1.9624669565200805, 'accuracy': 22.05}
